mode: atomic
github.com/scttfrdmn/apprise-go/examples/main.go:11.13,26.2 5 0
github.com/scttfrdmn/apprise-go/examples/main.go:29.21,48.38 4 0
github.com/scttfrdmn/apprise-go/examples/main.go:48.38,49.45 1 0
github.com/scttfrdmn/apprise-go/examples/main.go:49.45,51.4 1 0
github.com/scttfrdmn/apprise-go/examples/main.go:55.2,62.37 2 0
github.com/scttfrdmn/apprise-go/examples/main.go:62.37,63.23 1 0
github.com/scttfrdmn/apprise-go/examples/main.go:63.23,66.4 1 0
github.com/scttfrdmn/apprise-go/examples/main.go:66.9,69.4 1 0
github.com/scttfrdmn/apprise-go/examples/main.go:72.2,72.15 1 0
github.com/scttfrdmn/apprise-go/examples/main.go:76.22,84.16 5 0
github.com/scttfrdmn/apprise-go/examples/main.go:84.16,88.3 2 0
github.com/scttfrdmn/apprise-go/examples/main.go:88.8,91.3 1 0
github.com/scttfrdmn/apprise-go/examples/main.go:94.2,106.15 5 0
github.com/scttfrdmn/apprise-go/examples/main.go:110.22,140.2 12 0
github.com/scttfrdmn/apprise-go/examples/main.go:143.26,170.37 6 0
github.com/scttfrdmn/apprise-go/examples/main.go:170.37,171.23 1 0
github.com/scttfrdmn/apprise-go/examples/main.go:171.23,173.4 1 0
github.com/scttfrdmn/apprise-go/examples/main.go:173.9,175.4 1 0
github.com/scttfrdmn/apprise-go/examples/main.go:178.2,178.15 1 0
github.com/scttfrdmn/apprise-go/examples/main.go:182.29,190.16 5 0
github.com/scttfrdmn/apprise-go/examples/main.go:190.16,192.3 1 0
github.com/scttfrdmn/apprise-go/examples/main.go:195.2,196.16 2 0
github.com/scttfrdmn/apprise-go/examples/main.go:196.16,199.3 2 0
github.com/scttfrdmn/apprise-go/examples/main.go:202.2,209.37 3 0
github.com/scttfrdmn/apprise-go/examples/main.go:209.37,210.23 1 0
github.com/scttfrdmn/apprise-go/examples/main.go:210.23,214.4 2 0
github.com/scttfrdmn/apprise-go/examples/main.go:214.9,217.4 1 0
github.com/scttfrdmn/apprise-go/examples/main.go:220.2,223.55 2 0
github.com/scttfrdmn/apprise-go/examples/main.go:223.55,225.3 1 0
github.com/scttfrdmn/apprise-go/examples/main.go:225.8,225.30 1 0
github.com/scttfrdmn/apprise-go/examples/main.go:225.30,227.3 1 0
github.com/scttfrdmn/apprise-go/examples/main.go:227.8,229.3 1 0
github.com/scttfrdmn/apprise-go/examples/main.go:231.2,231.15 1 0
github.com/scttfrdmn/apprise-go/examples/main.go:237.29,253.16 4 0
github.com/scttfrdmn/apprise-go/examples/main.go:253.16,256.3 2 0
github.com/scttfrdmn/apprise-go/examples/main.go:258.2,264.15 2 0
github.com/scttfrdmn/apprise-go/examples/main.go:268.32,285.38 5 0
github.com/scttfrdmn/apprise-go/examples/main.go:285.38,287.38 2 0
github.com/scttfrdmn/apprise-go/examples/main.go:287.38,288.24 1 0
github.com/scttfrdmn/apprise-go/examples/main.go:288.24,290.5 1 0
github.com/scttfrdmn/apprise-go/examples/main.go:290.10,292.5 1 0
github.com/scttfrdmn/apprise-go/examples/main.go:296.2,296.15 1 0
github.com/scttfrdmn/apprise-go/cmd/apprise/main.go:36.13,39.15 2 0
github.com/scttfrdmn/apprise-go/cmd/apprise/main.go:39.15,42.3 2 0
github.com/scttfrdmn/apprise-go/cmd/apprise/main.go:44.2,44.18 1 0
github.com/scttfrdmn/apprise-go/cmd/apprise/main.go:44.18,48.3 3 0
github.com/scttfrdmn/apprise-go/cmd/apprise/main.go:51.2,55.31 3 0
github.com/scttfrdmn/apprise-go/cmd/apprise/main.go:55.31,56.81 1 0
github.com/scttfrdmn/apprise-go/cmd/apprise/main.go:56.81,59.4 2 0
github.com/scttfrdmn/apprise-go/cmd/apprise/main.go:60.8,63.53 2 0
github.com/scttfrdmn/apprise-go/cmd/apprise/main.go:63.53,64.24 1 0
github.com/scttfrdmn/apprise-go/cmd/apprise/main.go:64.24,66.5 1 0
github.com/scttfrdmn/apprise-go/cmd/apprise/main.go:68.3,68.26 1 0
github.com/scttfrdmn/apprise-go/cmd/apprise/main.go:72.2,72.32 1 0
github.com/scttfrdmn/apprise-go/cmd/apprise/main.go:72.32,73.52 1 0
github.com/scttfrdmn/apprise-go/cmd/apprise/main.go:73.52,76.4 2 0
github.com/scttfrdmn/apprise-go/cmd/apprise/main.go:80.2,80.22 1 0
github.com/scttfrdmn/apprise-go/cmd/apprise/main.go:80.22,84.3 3 0
github.com/scttfrdmn/apprise-go/cmd/apprise/main.go:87.2,88.16 2 0
github.com/scttfrdmn/apprise-go/cmd/apprise/main.go:88.16,92.17 3 0
github.com/scttfrdmn/apprise-go/cmd/apprise/main.go:92.17,95.4 2 0
github.com/scttfrdmn/apprise-go/cmd/apprise/main.go:98.2,98.16 1 0
github.com/scttfrdmn/apprise-go/cmd/apprise/main.go:98.16,101.3 2 0
github.com/scttfrdmn/apprise-go/cmd/apprise/main.go:104.2,108.46 3 0
github.com/scttfrdmn/apprise-go/cmd/apprise/main.go:108.46,110.92 2 0
github.com/scttfrdmn/apprise-go/cmd/apprise/main.go:110.92,112.4 1 0
github.com/scttfrdmn/apprise-go/cmd/apprise/main.go:112.9,115.4 2 0
github.com/scttfrdmn/apprise-go/cmd/apprise/main.go:116.3,116.48 1 0
github.com/scttfrdmn/apprise-go/cmd/apprise/main.go:119.2,119.22 1 0
github.com/scttfrdmn/apprise-go/cmd/apprise/main.go:119.22,121.23 2 0
github.com/scttfrdmn/apprise-go/cmd/apprise/main.go:121.23,123.4 1 0
github.com/scttfrdmn/apprise-go/cmd/apprise/main.go:124.3,125.27 2 0
github.com/scttfrdmn/apprise-go/cmd/apprise/main.go:125.27,127.4 1 0
github.com/scttfrdmn/apprise-go/cmd/apprise/main.go:131.2,131.17 1 0
github.com/scttfrdmn/apprise-go/cmd/apprise/main.go:131.17,135.3 2 0
github.com/scttfrdmn/apprise-go/cmd/apprise/main.go:138.2,143.26 2 0
github.com/scttfrdmn/apprise-go/cmd/apprise/main.go:143.26,145.3 1 0
github.com/scttfrdmn/apprise-go/cmd/apprise/main.go:147.2,151.37 3 0
github.com/scttfrdmn/apprise-go/cmd/apprise/main.go:151.37,152.23 1 0
github.com/scttfrdmn/apprise-go/cmd/apprise/main.go:152.23,154.24 2 0
github.com/scttfrdmn/apprise-go/cmd/apprise/main.go:154.24,156.5 1 0
github.com/scttfrdmn/apprise-go/cmd/apprise/main.go:157.9,159.4 1 0
github.com/scttfrdmn/apprise-go/cmd/apprise/main.go:162.2,162.55 1 0
github.com/scttfrdmn/apprise-go/cmd/apprise/main.go:162.55,164.3 1 0
github.com/scttfrdmn/apprise-go/cmd/apprise/main.go:167.2,167.35 1 0
github.com/scttfrdmn/apprise-go/cmd/apprise/main.go:167.35,169.3 1 0
github.com/scttfrdmn/apprise-go/cmd/apprise/main.go:173.30,201.30 22 10
github.com/scttfrdmn/apprise-go/cmd/apprise/main.go:201.30,203.3 1 2
github.com/scttfrdmn/apprise-go/cmd/apprise/main.go:203.8,205.3 1 8
github.com/scttfrdmn/apprise-go/cmd/apprise/main.go:208.2,208.24 1 10
github.com/scttfrdmn/apprise-go/cmd/apprise/main.go:208.24,210.3 1 1
github.com/scttfrdmn/apprise-go/cmd/apprise/main.go:211.2,211.51 1 10
github.com/scttfrdmn/apprise-go/cmd/apprise/main.go:211.51,213.3 1 0
github.com/scttfrdmn/apprise-go/cmd/apprise/main.go:214.2,214.17 1 10
github.com/scttfrdmn/apprise-go/cmd/apprise/main.go:214.17,216.3 1 1
github.com/scttfrdmn/apprise-go/cmd/apprise/main.go:217.2,217.17 1 10
github.com/scttfrdmn/apprise-go/cmd/apprise/main.go:217.17,219.3 1 1
github.com/scttfrdmn/apprise-go/cmd/apprise/main.go:220.2,220.24 1 10
github.com/scttfrdmn/apprise-go/cmd/apprise/main.go:220.24,222.3 1 1
github.com/scttfrdmn/apprise-go/cmd/apprise/main.go:225.2,225.34 1 10
github.com/scttfrdmn/apprise-go/cmd/apprise/main.go:225.34,226.35 1 2
github.com/scttfrdmn/apprise-go/cmd/apprise/main.go:226.35,228.4 1 2
github.com/scttfrdmn/apprise-go/cmd/apprise/main.go:231.2,231.13 1 10
github.com/scttfrdmn/apprise-go/cmd/apprise/main.go:235.88,238.35 2 3
github.com/scttfrdmn/apprise-go/cmd/apprise/main.go:238.35,240.17 2 5
github.com/scttfrdmn/apprise-go/cmd/apprise/main.go:240.17,241.12 1 2
github.com/scttfrdmn/apprise-go/cmd/apprise/main.go:244.3,244.18 1 3
github.com/scttfrdmn/apprise-go/cmd/apprise/main.go:244.18,246.4 1 2
github.com/scttfrdmn/apprise-go/cmd/apprise/main.go:248.3,249.80 2 3
github.com/scttfrdmn/apprise-go/cmd/apprise/main.go:249.80,251.4 1 0
github.com/scttfrdmn/apprise-go/cmd/apprise/main.go:251.9,253.4 1 3
github.com/scttfrdmn/apprise-go/cmd/apprise/main.go:255.3,255.17 1 3
github.com/scttfrdmn/apprise-go/cmd/apprise/main.go:255.17,257.4 1 1
github.com/scttfrdmn/apprise-go/cmd/apprise/main.go:260.2,260.32 1 2
github.com/scttfrdmn/apprise-go/cmd/apprise/main.go:264.38,268.21 3 2
github.com/scttfrdmn/apprise-go/cmd/apprise/main.go:268.21,270.3 1 3
github.com/scttfrdmn/apprise-go/cmd/apprise/main.go:272.2,272.38 1 2
github.com/scttfrdmn/apprise-go/cmd/apprise/main.go:272.38,274.3 1 0
github.com/scttfrdmn/apprise-go/cmd/apprise/main.go:276.2,276.39 1 2
github.com/scttfrdmn/apprise-go/cmd/apprise/main.go:280.57,281.34 1 9
github.com/scttfrdmn/apprise-go/cmd/apprise/main.go:282.17,283.35 1 1
github.com/scttfrdmn/apprise-go/cmd/apprise/main.go:284.25,285.35 1 2
github.com/scttfrdmn/apprise-go/cmd/apprise/main.go:286.22,287.33 1 2
github.com/scttfrdmn/apprise-go/cmd/apprise/main.go:288.14,289.14 1 2
github.com/scttfrdmn/apprise-go/cmd/apprise/main.go:290.10,291.32 1 4
github.com/scttfrdmn/apprise-go/cmd/apprise/main.go:296.50,297.22 1 5
github.com/scttfrdmn/apprise-go/cmd/apprise/main.go:297.22,299.3 1 3
github.com/scttfrdmn/apprise-go/cmd/apprise/main.go:300.2,300.27 1 2
github.com/scttfrdmn/apprise-go/cmd/apprise/main.go:304.19,340.2 1 1
github.com/scttfrdmn/apprise-go/apprise/apprise.go:22.38,23.12 1 22
github.com/scttfrdmn/apprise-go/apprise/apprise.go:24.22,25.16 1 19
github.com/scttfrdmn/apprise-go/apprise/apprise.go:26.25,27.19 1 1
github.com/scttfrdmn/apprise-go/apprise/apprise.go:28.25,29.19 1 1
github.com/scttfrdmn/apprise-go/apprise/apprise.go:30.23,31.17 1 1
github.com/scttfrdmn/apprise-go/apprise/apprise.go:32.10,33.16 1 0
github.com/scttfrdmn/apprise-go/apprise/apprise.go:99.44,103.2 1 22
github.com/scttfrdmn/apprise-go/apprise/apprise.go:106.78,110.2 3 572
github.com/scttfrdmn/apprise-go/apprise/apprise.go:113.69,118.13 4 41
github.com/scttfrdmn/apprise-go/apprise/apprise.go:118.13,120.3 1 2
github.com/scttfrdmn/apprise-go/apprise/apprise.go:122.2,122.23 1 39
github.com/scttfrdmn/apprise-go/apprise/apprise.go:126.59,131.36 4 1
github.com/scttfrdmn/apprise-go/apprise/apprise.go:131.36,133.3 1 26
github.com/scttfrdmn/apprise-go/apprise/apprise.go:134.2,134.17 1 1
github.com/scttfrdmn/apprise-go/apprise/apprise.go:147.21,159.2 3 22
github.com/scttfrdmn/apprise-go/apprise/apprise.go:162.64,164.16 2 28
github.com/scttfrdmn/apprise-go/apprise/apprise.go:164.16,166.3 1 0
github.com/scttfrdmn/apprise-go/apprise/apprise.go:168.2,169.16 2 28
github.com/scttfrdmn/apprise-go/apprise/apprise.go:169.16,171.3 1 2
github.com/scttfrdmn/apprise-go/apprise/apprise.go:173.2,173.52 1 26
github.com/scttfrdmn/apprise-go/apprise/apprise.go:173.52,175.3 1 5
github.com/scttfrdmn/apprise-go/apprise/apprise.go:177.2,178.12 2 21
github.com/scttfrdmn/apprise-go/apprise/apprise.go:182.117,192.33 2 8
github.com/scttfrdmn/apprise-go/apprise/apprise.go:192.33,194.3 1 4
github.com/scttfrdmn/apprise-go/apprise/apprise.go:196.2,196.25 1 8
github.com/scttfrdmn/apprise-go/apprise/apprise.go:200.77,207.37 5 8
github.com/scttfrdmn/apprise-go/apprise/apprise.go:207.37,209.33 2 13
github.com/scttfrdmn/apprise-go/apprise/apprise.go:209.33,223.4 5 13
github.com/scttfrdmn/apprise-go/apprise/apprise.go:226.2,227.18 2 8
github.com/scttfrdmn/apprise-go/apprise/apprise.go:231.53,233.2 1 3
github.com/scttfrdmn/apprise-go/apprise/apprise.go:236.43,238.2 1 1
github.com/scttfrdmn/apprise-go/apprise/apprise.go:241.27,243.2 1 2
github.com/scttfrdmn/apprise-go/apprise/apprise.go:246.31,248.2 1 16
github.com/scttfrdmn/apprise-go/apprise/apprise.go:251.70,253.2 1 1
github.com/scttfrdmn/apprise-go/apprise/apprise.go:256.83,258.2 1 1
github.com/scttfrdmn/apprise-go/apprise/apprise.go:261.58,263.2 1 1
github.com/scttfrdmn/apprise-go/apprise/apprise.go:266.41,268.2 1 4
github.com/scttfrdmn/apprise-go/apprise/apprise.go:271.38,273.2 1 1
github.com/scttfrdmn/apprise-go/apprise/apprise.go:276.61,278.2 1 1
github.com/scttfrdmn/apprise-go/apprise/apprise.go:284.62,285.40 1 1
github.com/scttfrdmn/apprise-go/apprise/apprise.go:285.40,287.3 1 1
github.com/scttfrdmn/apprise-go/apprise/apprise.go:291.44,292.40 1 3
github.com/scttfrdmn/apprise-go/apprise/apprise.go:292.40,294.3 1 3
github.com/scttfrdmn/apprise-go/apprise/apprise.go:298.49,299.40 1 2
github.com/scttfrdmn/apprise-go/apprise/apprise.go:299.40,301.3 1 2
github.com/scttfrdmn/apprise-go/apprise/apprise.go:305.46,306.56 1 0
github.com/scttfrdmn/apprise-go/apprise/apprise.go:306.56,308.3 1 0
github.com/scttfrdmn/apprise-go/apprise/apprise.go:309.2,309.11 1 0
github.com/scttfrdmn/apprise-go/apprise/apprise.go:313.57,315.46 1 22
github.com/scttfrdmn/apprise-go/apprise/apprise.go:315.46,315.76 1 10
github.com/scttfrdmn/apprise-go/apprise/apprise.go:316.2,316.44 1 22
github.com/scttfrdmn/apprise-go/apprise/apprise.go:316.44,316.72 1 5
github.com/scttfrdmn/apprise-go/apprise/apprise.go:317.2,317.47 1 22
github.com/scttfrdmn/apprise-go/apprise/apprise.go:317.47,317.78 1 1
github.com/scttfrdmn/apprise-go/apprise/apprise.go:318.2,318.44 1 22
github.com/scttfrdmn/apprise-go/apprise/apprise.go:318.44,318.75 1 2
github.com/scttfrdmn/apprise-go/apprise/apprise.go:321.2,321.45 1 22
github.com/scttfrdmn/apprise-go/apprise/apprise.go:321.45,321.73 1 3
github.com/scttfrdmn/apprise-go/apprise/apprise.go:322.2,322.46 1 22
github.com/scttfrdmn/apprise-go/apprise/apprise.go:322.46,322.74 1 1
github.com/scttfrdmn/apprise-go/apprise/apprise.go:325.2,325.46 1 22
github.com/scttfrdmn/apprise-go/apprise/apprise.go:325.46,325.76 1 9
github.com/scttfrdmn/apprise-go/apprise/apprise.go:326.2,326.47 1 22
github.com/scttfrdmn/apprise-go/apprise/apprise.go:326.47,326.77 1 1
github.com/scttfrdmn/apprise-go/apprise/apprise.go:327.2,327.43 1 22
github.com/scttfrdmn/apprise-go/apprise/apprise.go:327.43,327.70 1 1
github.com/scttfrdmn/apprise-go/apprise/apprise.go:330.2,330.47 1 22
github.com/scttfrdmn/apprise-go/apprise/apprise.go:330.47,330.78 1 3
github.com/scttfrdmn/apprise-go/apprise/apprise.go:331.2,331.44 1 22
github.com/scttfrdmn/apprise-go/apprise/apprise.go:331.44,331.75 1 1
github.com/scttfrdmn/apprise-go/apprise/apprise.go:332.2,332.49 1 22
github.com/scttfrdmn/apprise-go/apprise/apprise.go:332.49,332.82 1 0
github.com/scttfrdmn/apprise-go/apprise/apprise.go:333.2,333.44 1 22
github.com/scttfrdmn/apprise-go/apprise/apprise.go:333.44,333.77 1 0
github.com/scttfrdmn/apprise-go/apprise/apprise.go:336.2,336.46 1 22
github.com/scttfrdmn/apprise-go/apprise/apprise.go:336.46,336.76 1 0
github.com/scttfrdmn/apprise-go/apprise/apprise.go:339.2,339.45 1 22
github.com/scttfrdmn/apprise-go/apprise/apprise.go:339.45,339.74 1 0
github.com/scttfrdmn/apprise-go/apprise/apprise.go:342.2,342.45 1 22
github.com/scttfrdmn/apprise-go/apprise/apprise.go:342.45,342.74 1 1
github.com/scttfrdmn/apprise-go/apprise/apprise.go:343.2,343.46 1 22
github.com/scttfrdmn/apprise-go/apprise/apprise.go:343.46,343.75 1 1
github.com/scttfrdmn/apprise-go/apprise/apprise.go:346.2,346.46 1 22
github.com/scttfrdmn/apprise-go/apprise/apprise.go:346.46,346.76 1 0
github.com/scttfrdmn/apprise-go/apprise/apprise.go:347.2,347.45 1 22
github.com/scttfrdmn/apprise-go/apprise/apprise.go:347.45,347.75 1 0
github.com/scttfrdmn/apprise-go/apprise/apprise.go:348.2,348.46 1 22
github.com/scttfrdmn/apprise-go/apprise/apprise.go:348.46,348.76 1 0
github.com/scttfrdmn/apprise-go/apprise/apprise.go:349.2,349.44 1 22
github.com/scttfrdmn/apprise-go/apprise/apprise.go:349.44,349.74 1 0
github.com/scttfrdmn/apprise-go/apprise/apprise.go:350.2,350.43 1 22
github.com/scttfrdmn/apprise-go/apprise/apprise.go:350.43,350.75 1 0
github.com/scttfrdmn/apprise-go/apprise/apprise.go:351.2,351.44 1 22
github.com/scttfrdmn/apprise-go/apprise/apprise.go:351.44,351.76 1 0
github.com/scttfrdmn/apprise-go/apprise/apprise.go:352.2,352.42 1 22
github.com/scttfrdmn/apprise-go/apprise/apprise.go:352.42,352.74 1 0
github.com/scttfrdmn/apprise-go/apprise/apprise.go:353.2,353.43 1 22
github.com/scttfrdmn/apprise-go/apprise/apprise.go:353.43,353.75 1 0
github.com/scttfrdmn/apprise-go/apprise/apprise.go:354.2,354.41 1 22
github.com/scttfrdmn/apprise-go/apprise/apprise.go:354.41,354.73 1 0
github.com/scttfrdmn/apprise-go/apprise/attachment.go:60.48,66.2 1 29
github.com/scttfrdmn/apprise-go/apprise/attachment.go:69.53,71.2 1 1
github.com/scttfrdmn/apprise-go/apprise/attachment.go:74.64,76.2 1 2
github.com/scttfrdmn/apprise-go/apprise/attachment.go:79.71,83.83 3 5
github.com/scttfrdmn/apprise-go/apprise/attachment.go:83.83,85.3 1 1
github.com/scttfrdmn/apprise-go/apprise/attachment.go:85.8,85.47 1 4
github.com/scttfrdmn/apprise-go/apprise/attachment.go:85.47,87.3 1 1
github.com/scttfrdmn/apprise-go/apprise/attachment.go:87.8,90.3 1 3
github.com/scttfrdmn/apprise-go/apprise/attachment.go:92.2,92.16 1 5
github.com/scttfrdmn/apprise-go/apprise/attachment.go:92.16,94.3 1 0
github.com/scttfrdmn/apprise-go/apprise/attachment.go:97.2,97.36 1 5
github.com/scttfrdmn/apprise-go/apprise/attachment.go:97.36,98.49 1 1
github.com/scttfrdmn/apprise-go/apprise/attachment.go:98.49,100.4 1 1
github.com/scttfrdmn/apprise-go/apprise/attachment.go:100.9,100.56 1 0
github.com/scttfrdmn/apprise-go/apprise/attachment.go:100.56,102.4 1 0
github.com/scttfrdmn/apprise-go/apprise/attachment.go:102.9,102.58 1 0
github.com/scttfrdmn/apprise-go/apprise/attachment.go:102.58,104.4 1 0
github.com/scttfrdmn/apprise-go/apprise/attachment.go:108.2,108.39 1 5
github.com/scttfrdmn/apprise-go/apprise/attachment.go:108.39,111.3 1 0
github.com/scttfrdmn/apprise-go/apprise/attachment.go:113.2,114.12 2 5
github.com/scttfrdmn/apprise-go/apprise/attachment.go:118.84,121.39 2 4
github.com/scttfrdmn/apprise-go/apprise/attachment.go:121.39,124.3 1 1
github.com/scttfrdmn/apprise-go/apprise/attachment.go:126.2,127.12 2 3
github.com/scttfrdmn/apprise-go/apprise/attachment.go:131.61,133.2 1 3
github.com/scttfrdmn/apprise-go/apprise/attachment.go:136.42,138.2 1 11
github.com/scttfrdmn/apprise-go/apprise/attachment.go:141.38,143.2 1 2
github.com/scttfrdmn/apprise-go/apprise/attachment.go:146.48,148.44 2 2
github.com/scttfrdmn/apprise-go/apprise/attachment.go:148.44,150.3 1 1
github.com/scttfrdmn/apprise-go/apprise/attachment.go:151.2,151.14 1 2
github.com/scttfrdmn/apprise-go/apprise/attachment.go:164.62,166.16 2 5
github.com/scttfrdmn/apprise-go/apprise/attachment.go:166.16,171.3 1 2
github.com/scttfrdmn/apprise-go/apprise/attachment.go:174.2,175.20 2 3
github.com/scttfrdmn/apprise-go/apprise/attachment.go:175.20,177.3 1 0
github.com/scttfrdmn/apprise-go/apprise/attachment.go:179.2,184.8 1 3
github.com/scttfrdmn/apprise-go/apprise/attachment.go:187.43,188.24 1 2
github.com/scttfrdmn/apprise-go/apprise/attachment.go:188.24,190.3 1 1
github.com/scttfrdmn/apprise-go/apprise/attachment.go:191.2,191.30 1 1
github.com/scttfrdmn/apprise-go/apprise/attachment.go:194.47,196.2 1 0
github.com/scttfrdmn/apprise-go/apprise/attachment.go:198.42,200.2 1 4
github.com/scttfrdmn/apprise-go/apprise/attachment.go:202.40,204.2 1 2
github.com/scttfrdmn/apprise-go/apprise/attachment.go:206.56,207.15 1 4
github.com/scttfrdmn/apprise-go/apprise/attachment.go:207.15,209.3 1 1
github.com/scttfrdmn/apprise-go/apprise/attachment.go:210.2,210.24 1 3
github.com/scttfrdmn/apprise-go/apprise/attachment.go:213.51,215.16 2 1
github.com/scttfrdmn/apprise-go/apprise/attachment.go:215.16,217.3 1 0
github.com/scttfrdmn/apprise-go/apprise/attachment.go:218.2,218.15 1 1
github.com/scttfrdmn/apprise-go/apprise/attachment.go:218.15,218.37 1 1
github.com/scttfrdmn/apprise-go/apprise/attachment.go:220.2,221.16 2 1
github.com/scttfrdmn/apprise-go/apprise/attachment.go:221.16,223.3 1 0
github.com/scttfrdmn/apprise-go/apprise/attachment.go:225.2,225.53 1 1
github.com/scttfrdmn/apprise-go/apprise/attachment.go:228.49,230.16 2 1
github.com/scttfrdmn/apprise-go/apprise/attachment.go:230.16,232.3 1 0
github.com/scttfrdmn/apprise-go/apprise/attachment.go:233.2,233.15 1 1
github.com/scttfrdmn/apprise-go/apprise/attachment.go:233.15,233.37 1 1
github.com/scttfrdmn/apprise-go/apprise/attachment.go:235.2,236.49 2 1
github.com/scttfrdmn/apprise-go/apprise/attachment.go:236.49,238.3 1 0
github.com/scttfrdmn/apprise-go/apprise/attachment.go:240.2,240.46 1 1
github.com/scttfrdmn/apprise-go/apprise/attachment.go:243.51,245.2 1 1
github.com/scttfrdmn/apprise-go/apprise/attachment.go:258.84,263.16 3 2
github.com/scttfrdmn/apprise-go/apprise/attachment.go:263.16,269.3 1 1
github.com/scttfrdmn/apprise-go/apprise/attachment.go:270.2,270.15 1 1
github.com/scttfrdmn/apprise-go/apprise/attachment.go:270.15,270.40 1 1
github.com/scttfrdmn/apprise-go/apprise/attachment.go:272.2,273.20 2 1
github.com/scttfrdmn/apprise-go/apprise/attachment.go:273.20,275.3 1 0
github.com/scttfrdmn/apprise-go/apprise/attachment.go:278.2,279.28 2 1
github.com/scttfrdmn/apprise-go/apprise/attachment.go:279.28,281.3 1 1
github.com/scttfrdmn/apprise-go/apprise/attachment.go:283.2,289.8 1 1
github.com/scttfrdmn/apprise-go/apprise/attachment.go:292.43,293.24 1 1
github.com/scttfrdmn/apprise-go/apprise/attachment.go:293.24,295.3 1 0
github.com/scttfrdmn/apprise-go/apprise/attachment.go:297.2,298.20 2 1
github.com/scttfrdmn/apprise-go/apprise/attachment.go:298.20,300.3 1 1
github.com/scttfrdmn/apprise-go/apprise/attachment.go:301.2,301.21 1 0
github.com/scttfrdmn/apprise-go/apprise/attachment.go:304.47,306.2 1 1
github.com/scttfrdmn/apprise-go/apprise/attachment.go:308.42,310.2 1 2
github.com/scttfrdmn/apprise-go/apprise/attachment.go:312.40,314.2 1 1
github.com/scttfrdmn/apprise-go/apprise/attachment.go:316.56,317.15 1 3
github.com/scttfrdmn/apprise-go/apprise/attachment.go:317.15,319.3 1 3
github.com/scttfrdmn/apprise-go/apprise/attachment.go:321.2,322.16 2 0
github.com/scttfrdmn/apprise-go/apprise/attachment.go:322.16,324.3 1 0
github.com/scttfrdmn/apprise-go/apprise/attachment.go:326.2,326.53 1 0
github.com/scttfrdmn/apprise-go/apprise/attachment.go:326.53,329.3 2 0
github.com/scttfrdmn/apprise-go/apprise/attachment.go:331.2,331.23 1 0
github.com/scttfrdmn/apprise-go/apprise/attachment.go:334.51,336.16 2 1
github.com/scttfrdmn/apprise-go/apprise/attachment.go:336.16,338.3 1 1
github.com/scttfrdmn/apprise-go/apprise/attachment.go:339.2,339.15 1 0
github.com/scttfrdmn/apprise-go/apprise/attachment.go:339.15,339.37 1 0
github.com/scttfrdmn/apprise-go/apprise/attachment.go:341.2,342.16 2 0
github.com/scttfrdmn/apprise-go/apprise/attachment.go:342.16,344.3 1 0
github.com/scttfrdmn/apprise-go/apprise/attachment.go:346.2,346.53 1 0
github.com/scttfrdmn/apprise-go/apprise/attachment.go:349.49,351.16 2 1
github.com/scttfrdmn/apprise-go/apprise/attachment.go:351.16,353.3 1 1
github.com/scttfrdmn/apprise-go/apprise/attachment.go:354.2,354.15 1 0
github.com/scttfrdmn/apprise-go/apprise/attachment.go:354.15,354.37 1 0
github.com/scttfrdmn/apprise-go/apprise/attachment.go:356.2,357.49 2 0
github.com/scttfrdmn/apprise-go/apprise/attachment.go:357.49,359.3 1 0
github.com/scttfrdmn/apprise-go/apprise/attachment.go:361.2,361.46 1 0
github.com/scttfrdmn/apprise-go/apprise/attachment.go:364.51,366.2 1 1
github.com/scttfrdmn/apprise-go/apprise/attachment.go:377.84,378.20 1 5
github.com/scttfrdmn/apprise-go/apprise/attachment.go:378.20,381.21 2 0
github.com/scttfrdmn/apprise-go/apprise/attachment.go:381.21,383.4 1 0
github.com/scttfrdmn/apprise-go/apprise/attachment.go:386.2,390.3 1 5
github.com/scttfrdmn/apprise-go/apprise/attachment.go:394.80,395.42 1 7
github.com/scttfrdmn/apprise-go/apprise/attachment.go:395.42,397.3 1 1
github.com/scttfrdmn/apprise-go/apprise/attachment.go:400.2,401.21 2 6
github.com/scttfrdmn/apprise-go/apprise/attachment.go:401.21,403.3 1 3
github.com/scttfrdmn/apprise-go/apprise/attachment.go:405.2,410.50 4 3
github.com/scttfrdmn/apprise-go/apprise/attachment.go:410.50,412.3 1 3
github.com/scttfrdmn/apprise-go/apprise/attachment.go:412.8,414.3 1 0
github.com/scttfrdmn/apprise-go/apprise/attachment.go:415.2,415.20 1 3
github.com/scttfrdmn/apprise-go/apprise/attachment.go:415.20,417.3 1 0
github.com/scttfrdmn/apprise-go/apprise/attachment.go:420.2,421.16 2 3
github.com/scttfrdmn/apprise-go/apprise/attachment.go:421.16,423.3 1 1
github.com/scttfrdmn/apprise-go/apprise/attachment.go:425.2,429.8 1 2
github.com/scttfrdmn/apprise-go/apprise/attachment.go:432.45,433.24 1 2
github.com/scttfrdmn/apprise-go/apprise/attachment.go:433.24,435.3 1 0
github.com/scttfrdmn/apprise-go/apprise/attachment.go:436.2,436.19 1 2
github.com/scttfrdmn/apprise-go/apprise/attachment.go:439.49,441.2 1 2
github.com/scttfrdmn/apprise-go/apprise/attachment.go:443.44,445.2 1 8
github.com/scttfrdmn/apprise-go/apprise/attachment.go:447.42,449.2 1 1
github.com/scttfrdmn/apprise-go/apprise/attachment.go:451.58,453.2 1 2
github.com/scttfrdmn/apprise-go/apprise/attachment.go:455.53,457.2 1 1
github.com/scttfrdmn/apprise-go/apprise/attachment.go:459.51,463.2 3 0
github.com/scttfrdmn/apprise-go/apprise/attachment.go:465.53,467.2 1 1
github.com/scttfrdmn/apprise-go/apprise/config.go:35.56,40.2 1 5
github.com/scttfrdmn/apprise-go/apprise/config.go:43.63,45.16 2 4
github.com/scttfrdmn/apprise-go/apprise/config.go:45.16,47.3 1 1
github.com/scttfrdmn/apprise-go/apprise/config.go:49.2,49.52 1 3
github.com/scttfrdmn/apprise-go/apprise/config.go:53.61,55.16 2 0
github.com/scttfrdmn/apprise-go/apprise/config.go:55.16,57.3 1 0
github.com/scttfrdmn/apprise-go/apprise/config.go:58.2,58.15 1 0
github.com/scttfrdmn/apprise-go/apprise/config.go:58.15,58.40 1 0
github.com/scttfrdmn/apprise-go/apprise/config.go:60.2,60.38 1 0
github.com/scttfrdmn/apprise-go/apprise/config.go:60.38,62.3 1 0
github.com/scttfrdmn/apprise-go/apprise/config.go:64.2,65.16 2 0
github.com/scttfrdmn/apprise-go/apprise/config.go:65.16,67.3 1 0
github.com/scttfrdmn/apprise-go/apprise/config.go:69.2,69.51 1 0
github.com/scttfrdmn/apprise-go/apprise/config.go:73.53,76.36 2 0
github.com/scttfrdmn/apprise-go/apprise/config.go:76.36,77.42 1 0
github.com/scttfrdmn/apprise-go/apprise/config.go:77.42,78.47 1 0
github.com/scttfrdmn/apprise-go/apprise/config.go:78.47,81.5 1 0
github.com/scttfrdmn/apprise-go/apprise/config.go:85.2,85.12 1 0
github.com/scttfrdmn/apprise-go/apprise/config.go:89.49,90.36 1 1
github.com/scttfrdmn/apprise-go/apprise/config.go:90.36,91.41 1 1
github.com/scttfrdmn/apprise-go/apprise/config.go:91.41,92.75 1 3
github.com/scttfrdmn/apprise-go/apprise/config.go:92.75,94.5 1 0
github.com/scttfrdmn/apprise-go/apprise/config.go:97.2,97.12 1 1
github.com/scttfrdmn/apprise-go/apprise/config.go:101.68,105.30 2 3
github.com/scttfrdmn/apprise-go/apprise/config.go:105.30,107.3 1 2
github.com/scttfrdmn/apprise-go/apprise/config.go:109.2,109.44 1 1
github.com/scttfrdmn/apprise-go/apprise/config.go:113.60,116.29 2 7
github.com/scttfrdmn/apprise-go/apprise/config.go:116.29,118.49 2 24
github.com/scttfrdmn/apprise-go/apprise/config.go:118.49,119.12 1 15
github.com/scttfrdmn/apprise-go/apprise/config.go:123.3,126.38 1 9
github.com/scttfrdmn/apprise-go/apprise/config.go:126.38,128.4 1 3
github.com/scttfrdmn/apprise-go/apprise/config.go:131.3,131.68 1 6
github.com/scttfrdmn/apprise-go/apprise/config.go:131.68,133.4 1 0
github.com/scttfrdmn/apprise-go/apprise/config.go:136.2,136.14 1 4
github.com/scttfrdmn/apprise-go/apprise/config.go:140.72,143.65 2 2
github.com/scttfrdmn/apprise-go/apprise/config.go:143.65,145.3 1 1
github.com/scttfrdmn/apprise-go/apprise/config.go:147.2,148.12 2 1
github.com/scttfrdmn/apprise-go/apprise/config.go:152.72,159.21 3 1
github.com/scttfrdmn/apprise-go/apprise/config.go:159.21,163.49 2 11
github.com/scttfrdmn/apprise-go/apprise/config.go:163.49,164.12 1 7
github.com/scttfrdmn/apprise-go/apprise/config.go:168.3,169.26 2 4
github.com/scttfrdmn/apprise-go/apprise/config.go:169.26,171.4 1 4
github.com/scttfrdmn/apprise-go/apprise/config.go:174.2,174.38 1 1
github.com/scttfrdmn/apprise-go/apprise/config.go:174.38,176.3 1 0
github.com/scttfrdmn/apprise-go/apprise/config.go:178.2,179.12 2 1
github.com/scttfrdmn/apprise-go/apprise/config.go:183.63,190.85 2 8
github.com/scttfrdmn/apprise-go/apprise/config.go:190.85,194.20 3 6
github.com/scttfrdmn/apprise-go/apprise/config.go:194.20,196.29 2 5
github.com/scttfrdmn/apprise-go/apprise/config.go:196.29,198.18 2 8
github.com/scttfrdmn/apprise-go/apprise/config.go:198.18,200.6 1 8
github.com/scttfrdmn/apprise-go/apprise/config.go:203.8,205.3 1 2
github.com/scttfrdmn/apprise-go/apprise/config.go:207.2,207.18 1 8
github.com/scttfrdmn/apprise-go/apprise/config.go:211.39,214.31 2 1
github.com/scttfrdmn/apprise-go/apprise/config.go:214.31,222.20 6 0
github.com/scttfrdmn/apprise-go/apprise/config.go:222.20,228.4 1 0
github.com/scttfrdmn/apprise-go/apprise/config.go:230.3,230.25 1 0
github.com/scttfrdmn/apprise-go/apprise/config.go:230.25,236.4 1 0
github.com/scttfrdmn/apprise-go/apprise/config.go:238.3,238.28 1 0
github.com/scttfrdmn/apprise-go/apprise/config.go:238.28,243.4 1 0
github.com/scttfrdmn/apprise-go/apprise/config.go:245.3,245.25 1 0
github.com/scttfrdmn/apprise-go/apprise/config.go:245.25,250.4 1 0
github.com/scttfrdmn/apprise-go/apprise/config.go:252.3,252.31 1 0
github.com/scttfrdmn/apprise-go/apprise/config.go:252.31,257.4 1 0
github.com/scttfrdmn/apprise-go/apprise/config.go:258.8,262.20 2 1
github.com/scttfrdmn/apprise-go/apprise/config.go:262.20,274.4 1 1
github.com/scttfrdmn/apprise-go/apprise/config.go:277.3,284.4 1 1
github.com/scttfrdmn/apprise-go/apprise/config.go:287.2,287.14 1 1
github.com/scttfrdmn/apprise-go/apprise/desktop.go:25.42,30.2 1 14
github.com/scttfrdmn/apprise-go/apprise/desktop.go:32.48,33.20 1 1
github.com/scttfrdmn/apprise-go/apprise/desktop.go:34.16,35.18 1 1
github.com/scttfrdmn/apprise-go/apprise/desktop.go:36.17,37.19 1 0
github.com/scttfrdmn/apprise-go/apprise/desktop.go:38.15,39.17 1 0
github.com/scttfrdmn/apprise-go/apprise/desktop.go:40.10,41.19 1 0
github.com/scttfrdmn/apprise-go/apprise/desktop.go:45.47,47.2 1 1
github.com/scttfrdmn/apprise-go/apprise/desktop.go:49.62,54.27 2 24
github.com/scttfrdmn/apprise-go/apprise/desktop.go:55.16,56.24 1 4
github.com/scttfrdmn/apprise-go/apprise/desktop.go:57.17,58.25 1 4
github.com/scttfrdmn/apprise-go/apprise/desktop.go:59.53,60.23 1 12
github.com/scttfrdmn/apprise-go/apprise/desktop.go:64.2,67.46 2 24
github.com/scttfrdmn/apprise-go/apprise/desktop.go:67.46,69.3 1 3
github.com/scttfrdmn/apprise-go/apprise/desktop.go:72.2,72.61 1 24
github.com/scttfrdmn/apprise-go/apprise/desktop.go:72.61,73.77 1 2
github.com/scttfrdmn/apprise-go/apprise/desktop.go:73.77,75.4 1 2
github.com/scttfrdmn/apprise-go/apprise/desktop.go:79.2,79.46 1 24
github.com/scttfrdmn/apprise-go/apprise/desktop.go:79.46,81.3 1 2
github.com/scttfrdmn/apprise-go/apprise/desktop.go:83.2,83.12 1 24
github.com/scttfrdmn/apprise-go/apprise/desktop.go:86.83,90.22 3 2
github.com/scttfrdmn/apprise-go/apprise/desktop.go:90.22,92.3 1 1
github.com/scttfrdmn/apprise-go/apprise/desktop.go:93.2,93.21 1 2
github.com/scttfrdmn/apprise-go/apprise/desktop.go:93.21,95.3 1 1
github.com/scttfrdmn/apprise-go/apprise/desktop.go:97.2,97.20 1 2
github.com/scttfrdmn/apprise-go/apprise/desktop.go:98.16,99.39 1 2
github.com/scttfrdmn/apprise-go/apprise/desktop.go:100.17,101.41 1 0
github.com/scttfrdmn/apprise-go/apprise/desktop.go:102.15,103.39 1 0
github.com/scttfrdmn/apprise-go/apprise/desktop.go:104.10,105.87 1 0
github.com/scttfrdmn/apprise-go/apprise/desktop.go:109.83,111.62 1 2
github.com/scttfrdmn/apprise-go/apprise/desktop.go:111.62,113.3 1 2
github.com/scttfrdmn/apprise-go/apprise/desktop.go:115.2,121.19 2 0
github.com/scttfrdmn/apprise-go/apprise/desktop.go:121.19,123.3 1 0
github.com/scttfrdmn/apprise-go/apprise/desktop.go:126.2,126.19 1 0
github.com/scttfrdmn/apprise-go/apprise/desktop.go:126.19,128.3 1 0
github.com/scttfrdmn/apprise-go/apprise/desktop.go:130.2,131.18 2 0
github.com/scttfrdmn/apprise-go/apprise/desktop.go:134.85,157.2 3 0
github.com/scttfrdmn/apprise-go/apprise/desktop.go:159.83,161.56 1 0
github.com/scttfrdmn/apprise-go/apprise/desktop.go:161.56,165.20 2 0
github.com/scttfrdmn/apprise-go/apprise/desktop.go:165.20,167.4 1 0
github.com/scttfrdmn/apprise-go/apprise/desktop.go:169.3,170.19 2 0
github.com/scttfrdmn/apprise-go/apprise/desktop.go:174.2,174.51 1 0
github.com/scttfrdmn/apprise-go/apprise/desktop.go:174.51,182.3 3 0
github.com/scttfrdmn/apprise-go/apprise/desktop.go:185.2,185.52 1 0
github.com/scttfrdmn/apprise-go/apprise/desktop.go:185.52,188.3 2 0
github.com/scttfrdmn/apprise-go/apprise/desktop.go:190.2,190.99 1 0
github.com/scttfrdmn/apprise-go/apprise/desktop.go:193.59,195.16 2 14
github.com/scttfrdmn/apprise-go/apprise/desktop.go:195.16,197.3 1 0
github.com/scttfrdmn/apprise-go/apprise/desktop.go:200.2,202.38 3 14
github.com/scttfrdmn/apprise-go/apprise/desktop.go:202.38,203.33 1 76
github.com/scttfrdmn/apprise-go/apprise/desktop.go:203.33,205.9 2 11
github.com/scttfrdmn/apprise-go/apprise/desktop.go:209.2,209.12 1 14
github.com/scttfrdmn/apprise-go/apprise/desktop.go:209.12,211.3 1 3
github.com/scttfrdmn/apprise-go/apprise/desktop.go:213.2,213.30 1 11
github.com/scttfrdmn/apprise-go/apprise/desktop.go:216.53,220.2 1 1
github.com/scttfrdmn/apprise-go/apprise/desktop.go:222.49,224.2 1 1
github.com/scttfrdmn/apprise-go/apprise/desktop.go:227.36,229.2 1 0
github.com/scttfrdmn/apprise-go/apprise/desktop.go:238.46,243.2 1 1
github.com/scttfrdmn/apprise-go/apprise/desktop.go:245.50,247.2 1 1
github.com/scttfrdmn/apprise-go/apprise/desktop.go:249.64,251.27 1 5
github.com/scttfrdmn/apprise-go/apprise/desktop.go:252.19,253.25 1 2
github.com/scttfrdmn/apprise-go/apprise/desktop.go:254.23,255.27 1 2
github.com/scttfrdmn/apprise-go/apprise/desktop.go:256.14,257.27 1 1
github.com/scttfrdmn/apprise-go/apprise/desktop.go:261.2,261.46 1 5
github.com/scttfrdmn/apprise-go/apprise/desktop.go:264.85,268.2 2 0
github.com/scttfrdmn/apprise-go/apprise/desktop.go:279.40,283.2 1 10
github.com/scttfrdmn/apprise-go/apprise/desktop.go:285.47,287.2 1 3
github.com/scttfrdmn/apprise-go/apprise/desktop.go:289.46,290.14 1 6
github.com/scttfrdmn/apprise-go/apprise/desktop.go:290.14,292.3 1 4
github.com/scttfrdmn/apprise-go/apprise/desktop.go:293.2,293.11 1 2
github.com/scttfrdmn/apprise-go/apprise/desktop.go:296.61,302.16 3 10
github.com/scttfrdmn/apprise-go/apprise/desktop.go:302.16,304.3 1 4
github.com/scttfrdmn/apprise-go/apprise/desktop.go:306.2,307.14 2 10
github.com/scttfrdmn/apprise-go/apprise/desktop.go:307.14,309.3 1 3
github.com/scttfrdmn/apprise-go/apprise/desktop.go:311.2,314.53 2 10
github.com/scttfrdmn/apprise-go/apprise/desktop.go:314.53,316.3 1 4
github.com/scttfrdmn/apprise-go/apprise/desktop.go:318.2,321.74 2 6
github.com/scttfrdmn/apprise-go/apprise/desktop.go:321.74,322.96 1 2
github.com/scttfrdmn/apprise-go/apprise/desktop.go:322.96,324.4 1 2
github.com/scttfrdmn/apprise-go/apprise/desktop.go:327.2,327.12 1 6
github.com/scttfrdmn/apprise-go/apprise/desktop.go:330.82,340.24 3 0
github.com/scttfrdmn/apprise-go/apprise/desktop.go:341.25,342.73 1 0
github.com/scttfrdmn/apprise-go/apprise/desktop.go:343.25,344.73 1 0
github.com/scttfrdmn/apprise-go/apprise/desktop.go:345.23,346.73 1 0
github.com/scttfrdmn/apprise-go/apprise/desktop.go:347.10,348.73 1 0
github.com/scttfrdmn/apprise-go/apprise/desktop.go:351.2,351.21 1 0
github.com/scttfrdmn/apprise-go/apprise/desktop.go:351.21,353.3 1 0
github.com/scttfrdmn/apprise-go/apprise/desktop.go:356.2,357.16 2 0
github.com/scttfrdmn/apprise-go/apprise/desktop.go:357.16,359.3 1 0
github.com/scttfrdmn/apprise-go/apprise/desktop.go:362.2,364.16 3 0
github.com/scttfrdmn/apprise-go/apprise/desktop.go:364.16,366.3 1 0
github.com/scttfrdmn/apprise-go/apprise/desktop.go:368.2,374.16 5 0
github.com/scttfrdmn/apprise-go/apprise/desktop.go:374.16,376.3 1 0
github.com/scttfrdmn/apprise-go/apprise/desktop.go:377.2,379.53 2 0
github.com/scttfrdmn/apprise-go/apprise/desktop.go:379.53,381.3 1 0
github.com/scttfrdmn/apprise-go/apprise/desktop.go:383.2,383.12 1 0
github.com/scttfrdmn/apprise-go/apprise/desktop.go:386.58,388.16 2 7
github.com/scttfrdmn/apprise-go/apprise/desktop.go:388.16,390.3 1 0
github.com/scttfrdmn/apprise-go/apprise/desktop.go:392.2,392.67 1 7
github.com/scttfrdmn/apprise-go/apprise/desktop.go:392.67,394.3 1 2
github.com/scttfrdmn/apprise-go/apprise/desktop.go:396.2,396.30 1 5
github.com/scttfrdmn/apprise-go/apprise/desktop.go:399.52,401.2 1 1
github.com/scttfrdmn/apprise-go/apprise/desktop.go:403.48,405.2 1 1
github.com/scttfrdmn/apprise-go/apprise/discord.go:24.34,28.2 1 17
github.com/scttfrdmn/apprise-go/apprise/discord.go:31.48,33.2 1 8
github.com/scttfrdmn/apprise-go/apprise/discord.go:36.47,38.2 1 2
github.com/scttfrdmn/apprise-go/apprise/discord.go:43.62,44.36 1 27
github.com/scttfrdmn/apprise-go/apprise/discord.go:44.36,46.3 1 4
github.com/scttfrdmn/apprise-go/apprise/discord.go:49.2,49.28 1 23
github.com/scttfrdmn/apprise-go/apprise/discord.go:49.28,51.3 1 2
github.com/scttfrdmn/apprise-go/apprise/discord.go:54.2,57.47 3 23
github.com/scttfrdmn/apprise-go/apprise/discord.go:57.47,59.3 1 6
github.com/scttfrdmn/apprise-go/apprise/discord.go:62.2,63.55 2 17
github.com/scttfrdmn/apprise-go/apprise/discord.go:63.55,65.3 1 3
github.com/scttfrdmn/apprise-go/apprise/discord.go:66.2,66.49 1 17
github.com/scttfrdmn/apprise-go/apprise/discord.go:66.49,68.3 1 1
github.com/scttfrdmn/apprise-go/apprise/discord.go:70.2,70.47 1 17
github.com/scttfrdmn/apprise-go/apprise/discord.go:70.47,72.3 1 0
github.com/scttfrdmn/apprise-go/apprise/discord.go:74.2,74.12 1 17
github.com/scttfrdmn/apprise-go/apprise/discord.go:117.83,129.21 4 6
github.com/scttfrdmn/apprise-go/apprise/discord.go:129.21,142.3 3 5
github.com/scttfrdmn/apprise-go/apprise/discord.go:142.8,145.3 1 1
github.com/scttfrdmn/apprise-go/apprise/discord.go:148.2,149.16 2 6
github.com/scttfrdmn/apprise-go/apprise/discord.go:149.16,151.3 1 0
github.com/scttfrdmn/apprise-go/apprise/discord.go:154.2,155.16 2 6
github.com/scttfrdmn/apprise-go/apprise/discord.go:155.16,157.3 1 0
github.com/scttfrdmn/apprise-go/apprise/discord.go:159.2,164.16 4 6
github.com/scttfrdmn/apprise-go/apprise/discord.go:164.16,166.3 1 0
github.com/scttfrdmn/apprise-go/apprise/discord.go:167.2,170.53 2 6
github.com/scttfrdmn/apprise-go/apprise/discord.go:170.53,173.3 2 6
github.com/scttfrdmn/apprise-go/apprise/discord.go:175.2,175.12 1 0
github.com/scttfrdmn/apprise-go/apprise/discord.go:179.59,181.16 2 9
github.com/scttfrdmn/apprise-go/apprise/discord.go:181.16,183.3 1 0
github.com/scttfrdmn/apprise-go/apprise/discord.go:185.2,185.30 1 9
github.com/scttfrdmn/apprise-go/apprise/discord.go:189.53,191.2 1 2
github.com/scttfrdmn/apprise-go/apprise/discord.go:194.49,196.2 1 1
github.com/scttfrdmn/apprise-go/apprise/discord.go:199.75,200.20 1 10
github.com/scttfrdmn/apprise-go/apprise/discord.go:201.25,202.18 1 1
github.com/scttfrdmn/apprise-go/apprise/discord.go:203.25,204.18 1 1
github.com/scttfrdmn/apprise-go/apprise/discord.go:205.23,206.18 1 1
github.com/scttfrdmn/apprise-go/apprise/discord.go:207.22,208.14 1 7
github.com/scttfrdmn/apprise-go/apprise/discord.go:209.10,210.18 1 7
github.com/scttfrdmn/apprise-go/apprise/email.go:35.32,43.2 1 20
github.com/scttfrdmn/apprise-go/apprise/email.go:46.46,48.2 1 4
github.com/scttfrdmn/apprise-go/apprise/email.go:51.45,53.2 1 1
github.com/scttfrdmn/apprise-go/apprise/email.go:59.60,60.69 1 16
github.com/scttfrdmn/apprise-go/apprise/email.go:60.69,62.3 1 2
github.com/scttfrdmn/apprise-go/apprise/email.go:65.2,69.22 3 14
github.com/scttfrdmn/apprise-go/apprise/email.go:69.22,71.3 1 2
github.com/scttfrdmn/apprise-go/apprise/email.go:73.2,74.19 2 12
github.com/scttfrdmn/apprise-go/apprise/email.go:74.19,76.17 2 4
github.com/scttfrdmn/apprise-go/apprise/email.go:76.17,78.4 1 0
github.com/scttfrdmn/apprise-go/apprise/email.go:79.3,79.20 1 4
github.com/scttfrdmn/apprise-go/apprise/email.go:80.8,82.15 1 8
github.com/scttfrdmn/apprise-go/apprise/email.go:82.15,84.4 1 1
github.com/scttfrdmn/apprise-go/apprise/email.go:84.9,86.4 1 7
github.com/scttfrdmn/apprise-go/apprise/email.go:90.2,90.28 1 12
github.com/scttfrdmn/apprise-go/apprise/email.go:90.28,92.71 2 12
github.com/scttfrdmn/apprise-go/apprise/email.go:92.71,94.4 1 11
github.com/scttfrdmn/apprise-go/apprise/email.go:98.2,99.33 2 12
github.com/scttfrdmn/apprise-go/apprise/email.go:99.33,100.41 1 13
github.com/scttfrdmn/apprise-go/apprise/email.go:100.41,102.4 1 11
github.com/scttfrdmn/apprise-go/apprise/email.go:105.2,105.26 1 12
github.com/scttfrdmn/apprise-go/apprise/email.go:105.26,107.3 1 2
github.com/scttfrdmn/apprise-go/apprise/email.go:110.2,112.67 2 10
github.com/scttfrdmn/apprise-go/apprise/email.go:112.67,114.3 1 1
github.com/scttfrdmn/apprise-go/apprise/email.go:116.2,116.51 1 10
github.com/scttfrdmn/apprise-go/apprise/email.go:116.51,118.3 1 0
github.com/scttfrdmn/apprise-go/apprise/email.go:120.2,120.37 1 10
github.com/scttfrdmn/apprise-go/apprise/email.go:120.37,122.34 2 1
github.com/scttfrdmn/apprise-go/apprise/email.go:122.34,124.29 2 1
github.com/scttfrdmn/apprise-go/apprise/email.go:124.29,126.5 1 1
github.com/scttfrdmn/apprise-go/apprise/email.go:130.2,130.40 1 10
github.com/scttfrdmn/apprise-go/apprise/email.go:130.40,132.35 2 1
github.com/scttfrdmn/apprise-go/apprise/email.go:132.35,134.29 2 1
github.com/scttfrdmn/apprise-go/apprise/email.go:134.29,136.5 1 1
github.com/scttfrdmn/apprise-go/apprise/email.go:140.2,140.52 1 10
github.com/scttfrdmn/apprise-go/apprise/email.go:140.52,142.3 1 1
github.com/scttfrdmn/apprise-go/apprise/email.go:144.2,144.89 1 10
github.com/scttfrdmn/apprise-go/apprise/email.go:144.89,146.3 1 1
github.com/scttfrdmn/apprise-go/apprise/email.go:148.2,148.69 1 10
github.com/scttfrdmn/apprise-go/apprise/email.go:148.69,150.3 1 1
github.com/scttfrdmn/apprise-go/apprise/email.go:153.2,153.43 1 10
github.com/scttfrdmn/apprise-go/apprise/email.go:153.43,155.3 1 6
github.com/scttfrdmn/apprise-go/apprise/email.go:157.2,157.12 1 10
github.com/scttfrdmn/apprise-go/apprise/email.go:161.81,164.16 2 1
github.com/scttfrdmn/apprise-go/apprise/email.go:164.16,166.3 1 0
github.com/scttfrdmn/apprise-go/apprise/email.go:169.2,176.16 6 1
github.com/scttfrdmn/apprise-go/apprise/email.go:176.16,178.3 1 1
github.com/scttfrdmn/apprise-go/apprise/email.go:179.2,179.15 1 0
github.com/scttfrdmn/apprise-go/apprise/email.go:179.15,179.37 1 0
github.com/scttfrdmn/apprise-go/apprise/email.go:182.2,182.42 1 0
github.com/scttfrdmn/apprise-go/apprise/email.go:182.42,184.43 2 0
github.com/scttfrdmn/apprise-go/apprise/email.go:184.43,186.4 1 0
github.com/scttfrdmn/apprise-go/apprise/email.go:190.2,190.49 1 0
github.com/scttfrdmn/apprise-go/apprise/email.go:190.49,192.3 1 0
github.com/scttfrdmn/apprise-go/apprise/email.go:195.2,195.42 1 0
github.com/scttfrdmn/apprise-go/apprise/email.go:195.42,196.48 1 0
github.com/scttfrdmn/apprise-go/apprise/email.go:196.48,198.4 1 0
github.com/scttfrdmn/apprise-go/apprise/email.go:202.2,203.16 2 0
github.com/scttfrdmn/apprise-go/apprise/email.go:203.16,205.3 1 0
github.com/scttfrdmn/apprise-go/apprise/email.go:207.2,207.57 1 0
github.com/scttfrdmn/apprise-go/apprise/email.go:207.57,209.3 1 0
github.com/scttfrdmn/apprise-go/apprise/email.go:211.2,211.39 1 0
github.com/scttfrdmn/apprise-go/apprise/email.go:211.39,213.3 1 0
github.com/scttfrdmn/apprise-go/apprise/email.go:215.2,215.12 1 0
github.com/scttfrdmn/apprise-go/apprise/email.go:219.79,225.14 4 1
github.com/scttfrdmn/apprise-go/apprise/email.go:225.14,234.3 3 0
github.com/scttfrdmn/apprise-go/apprise/email.go:234.8,238.3 2 1
github.com/scttfrdmn/apprise-go/apprise/email.go:240.2,240.16 1 1
github.com/scttfrdmn/apprise-go/apprise/email.go:240.16,242.3 1 1
github.com/scttfrdmn/apprise-go/apprise/email.go:244.2,245.16 2 0
github.com/scttfrdmn/apprise-go/apprise/email.go:245.16,248.3 2 0
github.com/scttfrdmn/apprise-go/apprise/email.go:251.2,251.32 1 0
github.com/scttfrdmn/apprise-go/apprise/email.go:251.32,257.52 2 0
github.com/scttfrdmn/apprise-go/apprise/email.go:257.52,260.4 2 0
github.com/scttfrdmn/apprise-go/apprise/email.go:263.2,263.20 1 0
github.com/scttfrdmn/apprise-go/apprise/email.go:267.79,272.22 3 1
github.com/scttfrdmn/apprise-go/apprise/email.go:272.22,274.3 1 0
github.com/scttfrdmn/apprise-go/apprise/email.go:275.2,281.25 3 1
github.com/scttfrdmn/apprise-go/apprise/email.go:281.25,283.3 1 0
github.com/scttfrdmn/apprise-go/apprise/email.go:286.2,287.38 2 1
github.com/scttfrdmn/apprise-go/apprise/email.go:287.38,289.3 1 1
github.com/scttfrdmn/apprise-go/apprise/email.go:290.2,290.19 1 1
github.com/scttfrdmn/apprise-go/apprise/email.go:290.19,292.3 1 0
github.com/scttfrdmn/apprise-go/apprise/email.go:293.2,300.30 4 1
github.com/scttfrdmn/apprise-go/apprise/email.go:300.30,302.3 1 0
github.com/scttfrdmn/apprise-go/apprise/email.go:303.2,315.30 7 1
github.com/scttfrdmn/apprise-go/apprise/email.go:319.107,322.22 2 3
github.com/scttfrdmn/apprise-go/apprise/email.go:322.22,326.18 2 1
github.com/scttfrdmn/apprise-go/apprise/email.go:326.18,329.4 2 1
github.com/scttfrdmn/apprise-go/apprise/email.go:331.3,331.17 1 1
github.com/scttfrdmn/apprise-go/apprise/email.go:331.17,335.4 2 1
github.com/scttfrdmn/apprise-go/apprise/email.go:337.3,338.43 2 1
github.com/scttfrdmn/apprise-go/apprise/email.go:339.8,341.18 1 2
github.com/scttfrdmn/apprise-go/apprise/email.go:341.18,344.4 2 2
github.com/scttfrdmn/apprise-go/apprise/email.go:346.3,346.17 1 2
github.com/scttfrdmn/apprise-go/apprise/email.go:346.17,348.4 1 2
github.com/scttfrdmn/apprise-go/apprise/email.go:350.3,350.95 1 2
github.com/scttfrdmn/apprise-go/apprise/email.go:353.2,353.24 1 3
github.com/scttfrdmn/apprise-go/apprise/email.go:357.76,358.20 1 7
github.com/scttfrdmn/apprise-go/apprise/email.go:359.25,360.15 1 1
github.com/scttfrdmn/apprise-go/apprise/email.go:361.25,362.18 1 1
github.com/scttfrdmn/apprise-go/apprise/email.go:363.23,364.15 1 1
github.com/scttfrdmn/apprise-go/apprise/email.go:365.22,366.18 1 4
github.com/scttfrdmn/apprise-go/apprise/email.go:367.10,368.16 1 0
github.com/scttfrdmn/apprise-go/apprise/email.go:373.56,376.2 2 21
github.com/scttfrdmn/apprise-go/apprise/email.go:379.57,381.16 2 7
github.com/scttfrdmn/apprise-go/apprise/email.go:381.16,383.3 1 0
github.com/scttfrdmn/apprise-go/apprise/email.go:385.2,385.30 1 7
github.com/scttfrdmn/apprise-go/apprise/email.go:389.51,391.2 1 1
github.com/scttfrdmn/apprise-go/apprise/email.go:394.47,396.2 1 1
github.com/scttfrdmn/apprise-go/apprise/msteams.go:28.34,34.2 1 18
github.com/scttfrdmn/apprise-go/apprise/msteams.go:37.48,39.2 1 1
github.com/scttfrdmn/apprise-go/apprise/msteams.go:42.47,44.2 1 1
github.com/scttfrdmn/apprise-go/apprise/msteams.go:50.62,51.36 1 12
github.com/scttfrdmn/apprise-go/apprise/msteams.go:51.36,53.3 1 2
github.com/scttfrdmn/apprise-go/apprise/msteams.go:56.2,59.27 2 10
github.com/scttfrdmn/apprise-go/apprise/msteams.go:59.27,64.25 3 7
github.com/scttfrdmn/apprise-go/apprise/msteams.go:64.25,66.4 1 2
github.com/scttfrdmn/apprise-go/apprise/msteams.go:68.3,73.48 4 5
github.com/scttfrdmn/apprise-go/apprise/msteams.go:73.48,76.4 2 2
github.com/scttfrdmn/apprise-go/apprise/msteams.go:78.8,82.25 2 3
github.com/scttfrdmn/apprise-go/apprise/msteams.go:82.25,84.4 1 1
github.com/scttfrdmn/apprise-go/apprise/msteams.go:86.3,88.26 3 2
github.com/scttfrdmn/apprise-go/apprise/msteams.go:92.2,96.60 3 7
github.com/scttfrdmn/apprise-go/apprise/msteams.go:96.60,98.3 1 1
github.com/scttfrdmn/apprise-go/apprise/msteams.go:100.2,100.12 1 7
github.com/scttfrdmn/apprise-go/apprise/msteams.go:104.51,105.19 1 10
github.com/scttfrdmn/apprise-go/apprise/msteams.go:106.9,109.33 1 3
github.com/scttfrdmn/apprise-go/apprise/msteams.go:110.9,113.45 1 4
github.com/scttfrdmn/apprise-go/apprise/msteams.go:114.9,117.55 1 3
github.com/scttfrdmn/apprise-go/apprise/msteams.go:118.10,119.12 1 0
github.com/scttfrdmn/apprise-go/apprise/msteams.go:156.83,168.16 3 1
github.com/scttfrdmn/apprise-go/apprise/msteams.go:168.16,170.3 1 0
github.com/scttfrdmn/apprise-go/apprise/msteams.go:173.2,174.16 2 1
github.com/scttfrdmn/apprise-go/apprise/msteams.go:174.16,176.3 1 0
github.com/scttfrdmn/apprise-go/apprise/msteams.go:178.2,183.16 4 1
github.com/scttfrdmn/apprise-go/apprise/msteams.go:183.16,185.3 1 1
github.com/scttfrdmn/apprise-go/apprise/msteams.go:186.2,189.53 2 0
github.com/scttfrdmn/apprise-go/apprise/msteams.go:189.53,192.3 2 0
github.com/scttfrdmn/apprise-go/apprise/msteams.go:195.2,196.44 2 0
github.com/scttfrdmn/apprise-go/apprise/msteams.go:196.44,198.3 1 0
github.com/scttfrdmn/apprise-go/apprise/msteams.go:200.2,200.12 1 0
github.com/scttfrdmn/apprise-go/apprise/msteams.go:204.80,210.21 2 1
github.com/scttfrdmn/apprise-go/apprise/msteams.go:210.21,212.3 1 1
github.com/scttfrdmn/apprise-go/apprise/msteams.go:215.2,215.20 1 1
github.com/scttfrdmn/apprise-go/apprise/msteams.go:215.20,217.3 1 1
github.com/scttfrdmn/apprise-go/apprise/msteams.go:219.2,219.16 1 1
github.com/scttfrdmn/apprise-go/apprise/msteams.go:223.67,224.17 1 4
github.com/scttfrdmn/apprise-go/apprise/msteams.go:224.17,226.3 1 2
github.com/scttfrdmn/apprise-go/apprise/msteams.go:229.2,230.35 2 2
github.com/scttfrdmn/apprise-go/apprise/msteams.go:230.35,232.3 1 1
github.com/scttfrdmn/apprise-go/apprise/msteams.go:234.2,234.40 1 1
github.com/scttfrdmn/apprise-go/apprise/msteams.go:238.78,239.20 1 5
github.com/scttfrdmn/apprise-go/apprise/msteams.go:240.25,241.18 1 1
github.com/scttfrdmn/apprise-go/apprise/msteams.go:242.25,243.18 1 1
github.com/scttfrdmn/apprise-go/apprise/msteams.go:244.23,245.18 1 1
github.com/scttfrdmn/apprise-go/apprise/msteams.go:246.22,247.14 1 2
github.com/scttfrdmn/apprise-go/apprise/msteams.go:248.10,249.18 1 2
github.com/scttfrdmn/apprise-go/apprise/msteams.go:254.78,258.20 2 5
github.com/scttfrdmn/apprise-go/apprise/msteams.go:259.25,260.68 1 1
github.com/scttfrdmn/apprise-go/apprise/msteams.go:261.25,262.48 1 1
github.com/scttfrdmn/apprise-go/apprise/msteams.go:263.23,264.54 1 1
github.com/scttfrdmn/apprise-go/apprise/msteams.go:265.22,266.14 1 2
github.com/scttfrdmn/apprise-go/apprise/msteams.go:267.10,268.56 1 2
github.com/scttfrdmn/apprise-go/apprise/msteams.go:273.59,275.16 2 5
github.com/scttfrdmn/apprise-go/apprise/msteams.go:275.16,277.3 1 0
github.com/scttfrdmn/apprise-go/apprise/msteams.go:279.2,279.30 1 5
github.com/scttfrdmn/apprise-go/apprise/msteams.go:283.53,285.2 1 1
github.com/scttfrdmn/apprise-go/apprise/msteams.go:288.49,290.2 1 1
github.com/scttfrdmn/apprise-go/apprise/pushbullet.go:24.37,28.2 1 20
github.com/scttfrdmn/apprise-go/apprise/pushbullet.go:31.51,33.2 1 1
github.com/scttfrdmn/apprise-go/apprise/pushbullet.go:36.50,38.2 1 1
github.com/scttfrdmn/apprise-go/apprise/pushbullet.go:45.65,47.49 2 21
github.com/scttfrdmn/apprise-go/apprise/pushbullet.go:47.49,49.3 1 2
github.com/scttfrdmn/apprise-go/apprise/pushbullet.go:52.2,53.25 2 19
github.com/scttfrdmn/apprise-go/apprise/pushbullet.go:53.25,55.3 1 3
github.com/scttfrdmn/apprise-go/apprise/pushbullet.go:58.2,58.27 1 16
github.com/scttfrdmn/apprise-go/apprise/pushbullet.go:58.27,60.34 2 11
github.com/scttfrdmn/apprise-go/apprise/pushbullet.go:60.34,61.18 1 14
github.com/scttfrdmn/apprise-go/apprise/pushbullet.go:61.18,62.36 1 11
github.com/scttfrdmn/apprise-go/apprise/pushbullet.go:62.36,65.6 1 5
github.com/scttfrdmn/apprise-go/apprise/pushbullet.go:65.11,65.44 1 6
github.com/scttfrdmn/apprise-go/apprise/pushbullet.go:65.44,68.6 1 0
github.com/scttfrdmn/apprise-go/apprise/pushbullet.go:68.11,71.6 1 6
github.com/scttfrdmn/apprise-go/apprise/pushbullet.go:77.2,79.49 2 16
github.com/scttfrdmn/apprise-go/apprise/pushbullet.go:79.49,81.29 2 1
github.com/scttfrdmn/apprise-go/apprise/pushbullet.go:81.29,83.15 2 2
github.com/scttfrdmn/apprise-go/apprise/pushbullet.go:83.15,85.5 1 2
github.com/scttfrdmn/apprise-go/apprise/pushbullet.go:89.2,89.46 1 16
github.com/scttfrdmn/apprise-go/apprise/pushbullet.go:89.46,91.28 2 1
github.com/scttfrdmn/apprise-go/apprise/pushbullet.go:91.28,93.43 2 2
github.com/scttfrdmn/apprise-go/apprise/pushbullet.go:93.43,95.5 1 2
github.com/scttfrdmn/apprise-go/apprise/pushbullet.go:99.2,99.52 1 16
github.com/scttfrdmn/apprise-go/apprise/pushbullet.go:99.52,101.30 2 1
github.com/scttfrdmn/apprise-go/apprise/pushbullet.go:101.30,103.15 2 2
github.com/scttfrdmn/apprise-go/apprise/pushbullet.go:103.15,105.5 1 2
github.com/scttfrdmn/apprise-go/apprise/pushbullet.go:110.2,110.31 1 16
github.com/scttfrdmn/apprise-go/apprise/pushbullet.go:110.31,112.38 2 4
github.com/scttfrdmn/apprise-go/apprise/pushbullet.go:112.38,113.18 1 5
github.com/scttfrdmn/apprise-go/apprise/pushbullet.go:113.18,114.36 1 5
github.com/scttfrdmn/apprise-go/apprise/pushbullet.go:114.36,117.6 1 0
github.com/scttfrdmn/apprise-go/apprise/pushbullet.go:117.11,117.39 1 5
github.com/scttfrdmn/apprise-go/apprise/pushbullet.go:117.39,120.6 1 3
github.com/scttfrdmn/apprise-go/apprise/pushbullet.go:120.11,122.34 1 2
github.com/scttfrdmn/apprise-go/apprise/pushbullet.go:122.34,124.7 1 1
github.com/scttfrdmn/apprise-go/apprise/pushbullet.go:124.12,126.7 1 1
github.com/scttfrdmn/apprise-go/apprise/pushbullet.go:132.2,132.12 1 16
github.com/scttfrdmn/apprise-go/apprise/pushbullet.go:170.86,174.71 2 1
github.com/scttfrdmn/apprise-go/apprise/pushbullet.go:174.71,176.3 1 1
github.com/scttfrdmn/apprise-go/apprise/pushbullet.go:179.2,183.35 3 0
github.com/scttfrdmn/apprise-go/apprise/pushbullet.go:183.35,184.70 1 0
github.com/scttfrdmn/apprise-go/apprise/pushbullet.go:184.70,186.4 1 0
github.com/scttfrdmn/apprise-go/apprise/pushbullet.go:186.9,188.4 1 0
github.com/scttfrdmn/apprise-go/apprise/pushbullet.go:192.2,192.33 1 0
github.com/scttfrdmn/apprise-go/apprise/pushbullet.go:192.33,193.69 1 0
github.com/scttfrdmn/apprise-go/apprise/pushbullet.go:193.69,195.4 1 0
github.com/scttfrdmn/apprise-go/apprise/pushbullet.go:195.9,197.4 1 0
github.com/scttfrdmn/apprise-go/apprise/pushbullet.go:201.2,201.37 1 0
github.com/scttfrdmn/apprise-go/apprise/pushbullet.go:201.37,202.71 1 0
github.com/scttfrdmn/apprise-go/apprise/pushbullet.go:202.71,204.4 1 0
github.com/scttfrdmn/apprise-go/apprise/pushbullet.go:204.9,206.4 1 0
github.com/scttfrdmn/apprise-go/apprise/pushbullet.go:210.2,210.43 1 0
github.com/scttfrdmn/apprise-go/apprise/pushbullet.go:210.43,212.3 1 0
github.com/scttfrdmn/apprise-go/apprise/pushbullet.go:214.2,214.12 1 0
github.com/scttfrdmn/apprise-go/apprise/pushbullet.go:218.136,226.18 2 1
github.com/scttfrdmn/apprise-go/apprise/pushbullet.go:226.18,228.3 1 0
github.com/scttfrdmn/apprise-go/apprise/pushbullet.go:228.8,228.24 1 1
github.com/scttfrdmn/apprise-go/apprise/pushbullet.go:228.24,230.3 1 0
github.com/scttfrdmn/apprise-go/apprise/pushbullet.go:230.8,230.26 1 1
github.com/scttfrdmn/apprise-go/apprise/pushbullet.go:230.26,232.3 1 0
github.com/scttfrdmn/apprise-go/apprise/pushbullet.go:235.2,236.17 2 1
github.com/scttfrdmn/apprise-go/apprise/pushbullet.go:236.17,237.26 1 1
github.com/scttfrdmn/apprise-go/apprise/pushbullet.go:237.26,239.4 1 1
github.com/scttfrdmn/apprise-go/apprise/pushbullet.go:239.9,241.4 1 0
github.com/scttfrdmn/apprise-go/apprise/pushbullet.go:245.2,246.16 2 1
github.com/scttfrdmn/apprise-go/apprise/pushbullet.go:246.16,248.3 1 0
github.com/scttfrdmn/apprise-go/apprise/pushbullet.go:251.2,252.16 2 1
github.com/scttfrdmn/apprise-go/apprise/pushbullet.go:252.16,254.3 1 0
github.com/scttfrdmn/apprise-go/apprise/pushbullet.go:257.2,263.16 5 1
github.com/scttfrdmn/apprise-go/apprise/pushbullet.go:263.16,265.3 1 0
github.com/scttfrdmn/apprise-go/apprise/pushbullet.go:266.2,270.16 3 1
github.com/scttfrdmn/apprise-go/apprise/pushbullet.go:270.16,272.3 1 0
github.com/scttfrdmn/apprise-go/apprise/pushbullet.go:275.2,276.54 2 1
github.com/scttfrdmn/apprise-go/apprise/pushbullet.go:276.54,278.3 1 0
github.com/scttfrdmn/apprise-go/apprise/pushbullet.go:281.2,281.25 1 1
github.com/scttfrdmn/apprise-go/apprise/pushbullet.go:281.25,283.3 1 1
github.com/scttfrdmn/apprise-go/apprise/pushbullet.go:285.2,285.53 1 0
github.com/scttfrdmn/apprise-go/apprise/pushbullet.go:285.53,287.3 1 0
github.com/scttfrdmn/apprise-go/apprise/pushbullet.go:289.2,289.12 1 0
github.com/scttfrdmn/apprise-go/apprise/pushbullet.go:293.81,294.20 1 1
github.com/scttfrdmn/apprise-go/apprise/pushbullet.go:295.25,296.15 1 0
github.com/scttfrdmn/apprise-go/apprise/pushbullet.go:297.25,298.18 1 0
github.com/scttfrdmn/apprise-go/apprise/pushbullet.go:299.23,300.15 1 0
github.com/scttfrdmn/apprise-go/apprise/pushbullet.go:301.22,302.18 1 1
github.com/scttfrdmn/apprise-go/apprise/pushbullet.go:303.10,304.12 1 0
github.com/scttfrdmn/apprise-go/apprise/pushbullet.go:309.62,311.16 2 6
github.com/scttfrdmn/apprise-go/apprise/pushbullet.go:311.16,313.3 1 0
github.com/scttfrdmn/apprise-go/apprise/pushbullet.go:315.2,315.30 1 6
github.com/scttfrdmn/apprise-go/apprise/pushbullet.go:319.56,321.2 1 1
github.com/scttfrdmn/apprise-go/apprise/pushbullet.go:324.52,326.2 1 1
github.com/scttfrdmn/apprise-go/apprise/pushover.go:28.35,34.2 1 27
github.com/scttfrdmn/apprise-go/apprise/pushover.go:37.49,39.2 1 5
github.com/scttfrdmn/apprise-go/apprise/pushover.go:42.48,44.2 1 1
github.com/scttfrdmn/apprise-go/apprise/pushover.go:49.63,51.47 2 27
github.com/scttfrdmn/apprise-go/apprise/pushover.go:51.47,53.3 1 2
github.com/scttfrdmn/apprise-go/apprise/pushover.go:56.2,56.28 1 25
github.com/scttfrdmn/apprise-go/apprise/pushover.go:56.28,58.3 1 1
github.com/scttfrdmn/apprise-go/apprise/pushover.go:60.2,61.70 2 24
github.com/scttfrdmn/apprise-go/apprise/pushover.go:61.70,64.3 1 0
github.com/scttfrdmn/apprise-go/apprise/pushover.go:64.8,67.3 1 24
github.com/scttfrdmn/apprise-go/apprise/pushover.go:69.2,69.38 1 24
github.com/scttfrdmn/apprise-go/apprise/pushover.go:69.38,71.3 1 4
github.com/scttfrdmn/apprise-go/apprise/pushover.go:74.2,74.27 1 20
github.com/scttfrdmn/apprise-go/apprise/pushover.go:74.27,76.34 2 4
github.com/scttfrdmn/apprise-go/apprise/pushover.go:76.34,77.18 1 7
github.com/scttfrdmn/apprise-go/apprise/pushover.go:77.18,79.5 1 7
github.com/scttfrdmn/apprise-go/apprise/pushover.go:84.2,86.55 2 20
github.com/scttfrdmn/apprise-go/apprise/pushover.go:86.55,87.81 1 11
github.com/scttfrdmn/apprise-go/apprise/pushover.go:87.81,89.4 1 9
github.com/scttfrdmn/apprise-go/apprise/pushover.go:92.2,92.46 1 20
github.com/scttfrdmn/apprise-go/apprise/pushover.go:92.46,94.3 1 2
github.com/scttfrdmn/apprise-go/apprise/pushover.go:96.2,96.65 1 20
github.com/scttfrdmn/apprise-go/apprise/pushover.go:96.65,97.59 1 1
github.com/scttfrdmn/apprise-go/apprise/pushover.go:97.59,99.4 1 1
github.com/scttfrdmn/apprise-go/apprise/pushover.go:99.9,101.4 1 0
github.com/scttfrdmn/apprise-go/apprise/pushover.go:104.2,104.68 1 20
github.com/scttfrdmn/apprise-go/apprise/pushover.go:104.68,105.63 1 1
github.com/scttfrdmn/apprise-go/apprise/pushover.go:105.63,107.4 1 1
github.com/scttfrdmn/apprise-go/apprise/pushover.go:107.9,109.4 1 0
github.com/scttfrdmn/apprise-go/apprise/pushover.go:113.2,113.21 1 20
github.com/scttfrdmn/apprise-go/apprise/pushover.go:113.21,114.19 1 3
github.com/scttfrdmn/apprise-go/apprise/pushover.go:114.19,116.4 1 2
github.com/scttfrdmn/apprise-go/apprise/pushover.go:117.3,117.20 1 3
github.com/scttfrdmn/apprise-go/apprise/pushover.go:117.20,119.4 1 2
github.com/scttfrdmn/apprise-go/apprise/pushover.go:122.2,122.12 1 20
github.com/scttfrdmn/apprise-go/apprise/pushover.go:149.84,153.25 2 2
github.com/scttfrdmn/apprise-go/apprise/pushover.go:153.25,155.3 1 2
github.com/scttfrdmn/apprise-go/apprise/pushover.go:158.2,161.35 3 0
github.com/scttfrdmn/apprise-go/apprise/pushover.go:161.35,162.66 1 0
github.com/scttfrdmn/apprise-go/apprise/pushover.go:162.66,164.4 1 0
github.com/scttfrdmn/apprise-go/apprise/pushover.go:164.9,166.4 1 0
github.com/scttfrdmn/apprise-go/apprise/pushover.go:170.2,170.43 1 0
github.com/scttfrdmn/apprise-go/apprise/pushover.go:170.43,172.3 1 0
github.com/scttfrdmn/apprise-go/apprise/pushover.go:174.2,174.12 1 0
github.com/scttfrdmn/apprise-go/apprise/pushover.go:178.115,190.21 2 2
github.com/scttfrdmn/apprise-go/apprise/pushover.go:190.21,193.3 2 0
github.com/scttfrdmn/apprise-go/apprise/pushover.go:196.2,197.40 2 2
github.com/scttfrdmn/apprise-go/apprise/pushover.go:197.40,199.3 1 2
github.com/scttfrdmn/apprise-go/apprise/pushover.go:199.8,199.47 1 0
github.com/scttfrdmn/apprise-go/apprise/pushover.go:199.47,201.3 1 0
github.com/scttfrdmn/apprise-go/apprise/pushover.go:203.2,204.16 2 2
github.com/scttfrdmn/apprise-go/apprise/pushover.go:204.16,206.3 1 0
github.com/scttfrdmn/apprise-go/apprise/pushover.go:208.2,209.16 2 2
github.com/scttfrdmn/apprise-go/apprise/pushover.go:209.16,211.3 1 0
github.com/scttfrdmn/apprise-go/apprise/pushover.go:213.2,217.16 4 2
github.com/scttfrdmn/apprise-go/apprise/pushover.go:217.16,219.3 1 0
github.com/scttfrdmn/apprise-go/apprise/pushover.go:220.2,224.16 3 2
github.com/scttfrdmn/apprise-go/apprise/pushover.go:224.16,226.3 1 0
github.com/scttfrdmn/apprise-go/apprise/pushover.go:228.2,229.54 2 2
github.com/scttfrdmn/apprise-go/apprise/pushover.go:229.54,231.3 1 0
github.com/scttfrdmn/apprise-go/apprise/pushover.go:233.2,233.24 1 2
github.com/scttfrdmn/apprise-go/apprise/pushover.go:233.24,234.29 1 2
github.com/scttfrdmn/apprise-go/apprise/pushover.go:234.29,236.4 1 2
github.com/scttfrdmn/apprise-go/apprise/pushover.go:237.3,237.68 1 0
github.com/scttfrdmn/apprise-go/apprise/pushover.go:240.2,240.12 1 0
github.com/scttfrdmn/apprise-go/apprise/pushover.go:244.79,245.20 1 2
github.com/scttfrdmn/apprise-go/apprise/pushover.go:246.25,247.15 1 0
github.com/scttfrdmn/apprise-go/apprise/pushover.go:248.25,249.18 1 0
github.com/scttfrdmn/apprise-go/apprise/pushover.go:250.23,251.15 1 0
github.com/scttfrdmn/apprise-go/apprise/pushover.go:252.22,253.18 1 2
github.com/scttfrdmn/apprise-go/apprise/pushover.go:254.10,255.12 1 0
github.com/scttfrdmn/apprise-go/apprise/pushover.go:260.60,262.16 2 8
github.com/scttfrdmn/apprise-go/apprise/pushover.go:262.16,264.3 1 0
github.com/scttfrdmn/apprise-go/apprise/pushover.go:266.2,266.30 1 8
github.com/scttfrdmn/apprise-go/apprise/pushover.go:270.54,272.2 1 1
github.com/scttfrdmn/apprise-go/apprise/pushover.go:275.50,277.2 1 1
github.com/scttfrdmn/apprise-go/apprise/services.go:16.45,18.2 1 0
github.com/scttfrdmn/apprise-go/apprise/services.go:20.44,22.2 1 0
github.com/scttfrdmn/apprise-go/apprise/services.go:24.59,26.2 1 0
github.com/scttfrdmn/apprise-go/apprise/services.go:28.80,30.2 1 0
github.com/scttfrdmn/apprise-go/apprise/services.go:32.56,34.2 1 0
github.com/scttfrdmn/apprise-go/apprise/services.go:36.50,38.2 1 0
github.com/scttfrdmn/apprise-go/apprise/services.go:40.46,42.2 1 0
github.com/scttfrdmn/apprise-go/apprise/slack.go:35.32,39.2 1 16
github.com/scttfrdmn/apprise-go/apprise/slack.go:42.46,44.2 1 4
github.com/scttfrdmn/apprise-go/apprise/slack.go:47.45,49.2 1 1
github.com/scttfrdmn/apprise-go/apprise/slack.go:54.60,55.34 1 17
github.com/scttfrdmn/apprise-go/apprise/slack.go:55.34,57.3 1 2
github.com/scttfrdmn/apprise-go/apprise/slack.go:59.2,62.91 2 15
github.com/scttfrdmn/apprise-go/apprise/slack.go:62.91,71.47 6 2
github.com/scttfrdmn/apprise-go/apprise/slack.go:71.47,73.4 1 0
github.com/scttfrdmn/apprise-go/apprise/slack.go:74.8,74.54 1 13
github.com/scttfrdmn/apprise-go/apprise/slack.go:74.54,79.47 3 9
github.com/scttfrdmn/apprise-go/apprise/slack.go:79.47,81.4 1 4
github.com/scttfrdmn/apprise-go/apprise/slack.go:82.8,84.3 1 4
github.com/scttfrdmn/apprise-go/apprise/slack.go:87.2,88.55 2 11
github.com/scttfrdmn/apprise-go/apprise/slack.go:88.55,90.3 1 1
github.com/scttfrdmn/apprise-go/apprise/slack.go:91.2,91.53 1 11
github.com/scttfrdmn/apprise-go/apprise/slack.go:91.53,93.3 1 0
github.com/scttfrdmn/apprise-go/apprise/slack.go:94.2,94.59 1 11
github.com/scttfrdmn/apprise-go/apprise/slack.go:94.59,96.3 1 1
github.com/scttfrdmn/apprise-go/apprise/slack.go:97.2,97.52 1 11
github.com/scttfrdmn/apprise-go/apprise/slack.go:97.52,99.3 1 0
github.com/scttfrdmn/apprise-go/apprise/slack.go:101.2,101.12 1 11
github.com/scttfrdmn/apprise-go/apprise/slack.go:156.81,157.25 1 2
github.com/scttfrdmn/apprise-go/apprise/slack.go:157.25,159.3 1 0
github.com/scttfrdmn/apprise-go/apprise/slack.go:160.2,160.28 1 2
github.com/scttfrdmn/apprise-go/apprise/slack.go:164.88,175.21 3 0
github.com/scttfrdmn/apprise-go/apprise/slack.go:175.21,183.3 2 0
github.com/scttfrdmn/apprise-go/apprise/slack.go:183.8,185.3 1 0
github.com/scttfrdmn/apprise-go/apprise/slack.go:187.2,187.50 1 0
github.com/scttfrdmn/apprise-go/apprise/slack.go:191.84,202.21 3 2
github.com/scttfrdmn/apprise-go/apprise/slack.go:202.21,210.3 2 2
github.com/scttfrdmn/apprise-go/apprise/slack.go:210.8,212.3 1 0
github.com/scttfrdmn/apprise-go/apprise/slack.go:214.2,215.47 2 2
github.com/scttfrdmn/apprise-go/apprise/slack.go:219.103,221.16 2 0
github.com/scttfrdmn/apprise-go/apprise/slack.go:221.16,223.3 1 0
github.com/scttfrdmn/apprise-go/apprise/slack.go:225.2,226.16 2 0
github.com/scttfrdmn/apprise-go/apprise/slack.go:226.16,228.3 1 0
github.com/scttfrdmn/apprise-go/apprise/slack.go:230.2,234.16 4 0
github.com/scttfrdmn/apprise-go/apprise/slack.go:234.16,236.3 1 0
github.com/scttfrdmn/apprise-go/apprise/slack.go:237.2,240.53 2 0
github.com/scttfrdmn/apprise-go/apprise/slack.go:240.53,243.3 2 0
github.com/scttfrdmn/apprise-go/apprise/slack.go:246.2,247.26 2 0
github.com/scttfrdmn/apprise-go/apprise/slack.go:247.26,249.3 1 0
github.com/scttfrdmn/apprise-go/apprise/slack.go:251.2,251.12 1 0
github.com/scttfrdmn/apprise-go/apprise/slack.go:255.106,257.16 2 2
github.com/scttfrdmn/apprise-go/apprise/slack.go:257.16,259.3 1 0
github.com/scttfrdmn/apprise-go/apprise/slack.go:261.2,262.16 2 2
github.com/scttfrdmn/apprise-go/apprise/slack.go:262.16,264.3 1 0
github.com/scttfrdmn/apprise-go/apprise/slack.go:266.2,271.16 5 2
github.com/scttfrdmn/apprise-go/apprise/slack.go:271.16,273.3 1 0
github.com/scttfrdmn/apprise-go/apprise/slack.go:274.2,283.16 4 2
github.com/scttfrdmn/apprise-go/apprise/slack.go:283.16,285.3 1 0
github.com/scttfrdmn/apprise-go/apprise/slack.go:287.2,287.54 1 2
github.com/scttfrdmn/apprise-go/apprise/slack.go:287.54,289.3 1 0
github.com/scttfrdmn/apprise-go/apprise/slack.go:291.2,291.16 1 2
github.com/scttfrdmn/apprise-go/apprise/slack.go:291.16,293.3 1 2
github.com/scttfrdmn/apprise-go/apprise/slack.go:295.2,295.12 1 0
github.com/scttfrdmn/apprise-go/apprise/slack.go:299.57,301.16 2 9
github.com/scttfrdmn/apprise-go/apprise/slack.go:301.16,303.3 1 0
github.com/scttfrdmn/apprise-go/apprise/slack.go:305.2,305.30 1 9
github.com/scttfrdmn/apprise-go/apprise/slack.go:309.51,311.2 1 1
github.com/scttfrdmn/apprise-go/apprise/slack.go:314.47,316.2 1 1
github.com/scttfrdmn/apprise-go/apprise/slack.go:319.76,320.20 1 6
github.com/scttfrdmn/apprise-go/apprise/slack.go:321.25,322.16 1 1
github.com/scttfrdmn/apprise-go/apprise/slack.go:323.25,324.19 1 1
github.com/scttfrdmn/apprise-go/apprise/slack.go:325.23,326.18 1 1
github.com/scttfrdmn/apprise-go/apprise/slack.go:327.22,328.14 1 3
github.com/scttfrdmn/apprise-go/apprise/slack.go:329.10,330.19 1 3
github.com/scttfrdmn/apprise-go/apprise/telegram.go:27.35,33.2 1 19
github.com/scttfrdmn/apprise-go/apprise/telegram.go:36.49,38.2 1 4
github.com/scttfrdmn/apprise-go/apprise/telegram.go:41.48,43.2 1 1
github.com/scttfrdmn/apprise-go/apprise/telegram.go:48.63,49.69 1 13
github.com/scttfrdmn/apprise-go/apprise/telegram.go:49.69,51.3 1 1
github.com/scttfrdmn/apprise-go/apprise/telegram.go:54.2,55.22 2 12
github.com/scttfrdmn/apprise-go/apprise/telegram.go:55.22,57.29 1 2
github.com/scttfrdmn/apprise-go/apprise/telegram.go:57.29,59.4 1 0
github.com/scttfrdmn/apprise-go/apprise/telegram.go:62.2,62.22 1 12
github.com/scttfrdmn/apprise-go/apprise/telegram.go:62.22,64.3 1 2
github.com/scttfrdmn/apprise-go/apprise/telegram.go:67.2,68.33 2 10
github.com/scttfrdmn/apprise-go/apprise/telegram.go:68.33,69.17 1 13
github.com/scttfrdmn/apprise-go/apprise/telegram.go:69.17,71.4 1 11
github.com/scttfrdmn/apprise-go/apprise/telegram.go:74.2,74.25 1 10
github.com/scttfrdmn/apprise-go/apprise/telegram.go:74.25,76.3 1 2
github.com/scttfrdmn/apprise-go/apprise/telegram.go:79.2,81.49 2 8
github.com/scttfrdmn/apprise-go/apprise/telegram.go:81.49,83.3 1 1
github.com/scttfrdmn/apprise-go/apprise/telegram.go:85.2,85.52 1 8
github.com/scttfrdmn/apprise-go/apprise/telegram.go:85.52,87.3 1 1
github.com/scttfrdmn/apprise-go/apprise/telegram.go:89.2,89.55 1 8
github.com/scttfrdmn/apprise-go/apprise/telegram.go:89.55,90.37 1 2
github.com/scttfrdmn/apprise-go/apprise/telegram.go:91.15,92.24 1 1
github.com/scttfrdmn/apprise-go/apprise/telegram.go:93.25,94.28 1 0
github.com/scttfrdmn/apprise-go/apprise/telegram.go:95.29,96.30 1 1
github.com/scttfrdmn/apprise-go/apprise/telegram.go:97.11,98.20 1 0
github.com/scttfrdmn/apprise-go/apprise/telegram.go:102.2,102.53 1 8
github.com/scttfrdmn/apprise-go/apprise/telegram.go:102.53,104.3 1 0
github.com/scttfrdmn/apprise-go/apprise/telegram.go:106.2,106.12 1 8
github.com/scttfrdmn/apprise-go/apprise/telegram.go:127.84,135.35 4 1
github.com/scttfrdmn/apprise-go/apprise/telegram.go:135.35,136.60 1 1
github.com/scttfrdmn/apprise-go/apprise/telegram.go:136.60,138.4 1 1
github.com/scttfrdmn/apprise-go/apprise/telegram.go:138.9,140.4 1 0
github.com/scttfrdmn/apprise-go/apprise/telegram.go:144.2,144.43 1 1
github.com/scttfrdmn/apprise-go/apprise/telegram.go:144.43,146.3 1 1
github.com/scttfrdmn/apprise-go/apprise/telegram.go:148.2,148.12 1 0
github.com/scttfrdmn/apprise-go/apprise/telegram.go:152.89,165.16 4 1
github.com/scttfrdmn/apprise-go/apprise/telegram.go:165.16,167.3 1 0
github.com/scttfrdmn/apprise-go/apprise/telegram.go:169.2,170.16 2 1
github.com/scttfrdmn/apprise-go/apprise/telegram.go:170.16,172.3 1 0
github.com/scttfrdmn/apprise-go/apprise/telegram.go:174.2,178.16 4 1
github.com/scttfrdmn/apprise-go/apprise/telegram.go:178.16,180.3 1 0
github.com/scttfrdmn/apprise-go/apprise/telegram.go:181.2,185.16 3 1
github.com/scttfrdmn/apprise-go/apprise/telegram.go:185.16,187.3 1 0
github.com/scttfrdmn/apprise-go/apprise/telegram.go:189.2,190.54 2 1
github.com/scttfrdmn/apprise-go/apprise/telegram.go:190.54,192.3 1 0
github.com/scttfrdmn/apprise-go/apprise/telegram.go:194.2,194.16 1 1
github.com/scttfrdmn/apprise-go/apprise/telegram.go:194.16,196.3 1 1
github.com/scttfrdmn/apprise-go/apprise/telegram.go:198.2,198.12 1 0
github.com/scttfrdmn/apprise-go/apprise/telegram.go:202.91,207.17 3 5
github.com/scttfrdmn/apprise-go/apprise/telegram.go:207.17,209.3 1 5
github.com/scttfrdmn/apprise-go/apprise/telegram.go:212.2,212.17 1 5
github.com/scttfrdmn/apprise-go/apprise/telegram.go:212.17,213.28 1 4
github.com/scttfrdmn/apprise-go/apprise/telegram.go:213.28,215.4 1 1
github.com/scttfrdmn/apprise-go/apprise/telegram.go:215.9,215.70 1 3
github.com/scttfrdmn/apprise-go/apprise/telegram.go:215.70,216.35 1 2
github.com/scttfrdmn/apprise-go/apprise/telegram.go:216.35,219.5 1 0
github.com/scttfrdmn/apprise-go/apprise/telegram.go:220.4,220.53 1 2
github.com/scttfrdmn/apprise-go/apprise/telegram.go:221.9,223.4 1 1
github.com/scttfrdmn/apprise-go/apprise/telegram.go:227.2,227.16 1 5
github.com/scttfrdmn/apprise-go/apprise/telegram.go:227.16,228.34 1 5
github.com/scttfrdmn/apprise-go/apprise/telegram.go:228.34,230.4 1 0
github.com/scttfrdmn/apprise-go/apprise/telegram.go:231.3,231.28 1 5
github.com/scttfrdmn/apprise-go/apprise/telegram.go:234.2,234.25 1 5
github.com/scttfrdmn/apprise-go/apprise/telegram.go:238.79,239.20 1 9
github.com/scttfrdmn/apprise-go/apprise/telegram.go:240.25,241.15 1 2
github.com/scttfrdmn/apprise-go/apprise/telegram.go:242.25,243.18 1 2
github.com/scttfrdmn/apprise-go/apprise/telegram.go:244.23,245.15 1 2
github.com/scttfrdmn/apprise-go/apprise/telegram.go:246.22,247.18 1 3
github.com/scttfrdmn/apprise-go/apprise/telegram.go:248.10,249.12 1 0
github.com/scttfrdmn/apprise-go/apprise/telegram.go:254.64,261.36 3 4
github.com/scttfrdmn/apprise-go/apprise/telegram.go:261.36,263.3 1 72
github.com/scttfrdmn/apprise-go/apprise/telegram.go:265.2,265.15 1 4
github.com/scttfrdmn/apprise-go/apprise/telegram.go:269.60,271.16 2 2
github.com/scttfrdmn/apprise-go/apprise/telegram.go:271.16,273.3 1 0
github.com/scttfrdmn/apprise-go/apprise/telegram.go:275.2,275.30 1 2
github.com/scttfrdmn/apprise-go/apprise/telegram.go:279.54,281.2 1 1
github.com/scttfrdmn/apprise-go/apprise/telegram.go:284.50,286.2 1 1
github.com/scttfrdmn/apprise-go/apprise/telegram.go:289.62,295.36 1 7
github.com/scttfrdmn/apprise-go/apprise/telegram.go:295.36,297.3 1 3
github.com/scttfrdmn/apprise-go/apprise/telegram.go:299.2,299.60 1 4
github.com/scttfrdmn/apprise-go/apprise/telegram.go:299.60,301.3 1 2
github.com/scttfrdmn/apprise-go/apprise/telegram.go:303.2,303.14 1 2
github.com/scttfrdmn/apprise-go/apprise/twilio.go:26.33,31.2 1 14
github.com/scttfrdmn/apprise-go/apprise/twilio.go:34.47,36.2 1 1
github.com/scttfrdmn/apprise-go/apprise/twilio.go:39.46,41.2 1 1
github.com/scttfrdmn/apprise-go/apprise/twilio.go:46.61,47.35 1 14
github.com/scttfrdmn/apprise-go/apprise/twilio.go:47.35,49.3 1 2
github.com/scttfrdmn/apprise-go/apprise/twilio.go:52.2,52.28 1 12
github.com/scttfrdmn/apprise-go/apprise/twilio.go:52.28,54.3 1 2
github.com/scttfrdmn/apprise-go/apprise/twilio.go:56.2,57.70 2 10
github.com/scttfrdmn/apprise-go/apprise/twilio.go:57.70,59.3 1 10
github.com/scttfrdmn/apprise-go/apprise/twilio.go:61.2,61.45 1 10
github.com/scttfrdmn/apprise-go/apprise/twilio.go:61.45,63.3 1 0
github.com/scttfrdmn/apprise-go/apprise/twilio.go:66.2,67.23 2 10
github.com/scttfrdmn/apprise-go/apprise/twilio.go:67.23,69.3 1 2
github.com/scttfrdmn/apprise-go/apprise/twilio.go:72.2,72.27 1 8
github.com/scttfrdmn/apprise-go/apprise/twilio.go:72.27,74.34 2 7
github.com/scttfrdmn/apprise-go/apprise/twilio.go:74.34,75.18 1 9
github.com/scttfrdmn/apprise-go/apprise/twilio.go:75.18,77.30 2 9
github.com/scttfrdmn/apprise-go/apprise/twilio.go:77.30,79.6 1 9
github.com/scttfrdmn/apprise-go/apprise/twilio.go:84.2,84.26 1 8
github.com/scttfrdmn/apprise-go/apprise/twilio.go:84.26,86.3 1 1
github.com/scttfrdmn/apprise-go/apprise/twilio.go:89.2,90.49 2 7
github.com/scttfrdmn/apprise-go/apprise/twilio.go:90.49,92.3 1 1
github.com/scttfrdmn/apprise-go/apprise/twilio.go:94.2,94.12 1 7
github.com/scttfrdmn/apprise-go/apprise/twilio.go:98.67,107.54 6 24
github.com/scttfrdmn/apprise-go/apprise/twilio.go:107.54,109.23 1 7
github.com/scttfrdmn/apprise-go/apprise/twilio.go:109.23,111.4 1 1
github.com/scttfrdmn/apprise-go/apprise/twilio.go:111.9,111.63 1 6
github.com/scttfrdmn/apprise-go/apprise/twilio.go:111.63,113.4 1 5
github.com/scttfrdmn/apprise-go/apprise/twilio.go:113.9,116.4 1 1
github.com/scttfrdmn/apprise-go/apprise/twilio.go:119.2,119.14 1 24
github.com/scttfrdmn/apprise-go/apprise/twilio.go:123.82,131.37 4 1
github.com/scttfrdmn/apprise-go/apprise/twilio.go:131.37,133.10 1 1
github.com/scttfrdmn/apprise-go/apprise/twilio.go:134.26,134.26 0 0
github.com/scttfrdmn/apprise-go/apprise/twilio.go:136.21,137.20 1 1
github.com/scttfrdmn/apprise-go/apprise/twilio.go:140.3,140.62 1 0
github.com/scttfrdmn/apprise-go/apprise/twilio.go:140.62,142.4 1 0
github.com/scttfrdmn/apprise-go/apprise/twilio.go:142.9,144.4 1 0
github.com/scttfrdmn/apprise-go/apprise/twilio.go:148.2,148.43 1 0
github.com/scttfrdmn/apprise-go/apprise/twilio.go:148.43,150.3 1 0
github.com/scttfrdmn/apprise-go/apprise/twilio.go:152.2,152.12 1 0
github.com/scttfrdmn/apprise-go/apprise/twilio.go:156.89,168.16 4 0
github.com/scttfrdmn/apprise-go/apprise/twilio.go:168.16,170.3 1 0
github.com/scttfrdmn/apprise-go/apprise/twilio.go:173.2,183.16 7 0
github.com/scttfrdmn/apprise-go/apprise/twilio.go:183.16,185.3 1 0
github.com/scttfrdmn/apprise-go/apprise/twilio.go:186.2,190.16 3 0
github.com/scttfrdmn/apprise-go/apprise/twilio.go:190.16,192.3 1 0
github.com/scttfrdmn/apprise-go/apprise/twilio.go:195.2,195.53 1 0
github.com/scttfrdmn/apprise-go/apprise/twilio.go:195.53,197.3 1 0
github.com/scttfrdmn/apprise-go/apprise/twilio.go:199.2,199.12 1 0
github.com/scttfrdmn/apprise-go/apprise/twilio.go:203.69,206.17 2 1
github.com/scttfrdmn/apprise-go/apprise/twilio.go:206.17,208.17 2 1
github.com/scttfrdmn/apprise-go/apprise/twilio.go:208.17,210.4 1 1
github.com/scttfrdmn/apprise-go/apprise/twilio.go:213.2,213.16 1 1
github.com/scttfrdmn/apprise-go/apprise/twilio.go:213.16,215.3 1 1
github.com/scttfrdmn/apprise-go/apprise/twilio.go:217.2,217.25 1 1
github.com/scttfrdmn/apprise-go/apprise/twilio.go:221.58,223.16 2 6
github.com/scttfrdmn/apprise-go/apprise/twilio.go:223.16,225.3 1 0
github.com/scttfrdmn/apprise-go/apprise/twilio.go:227.2,227.30 1 6
github.com/scttfrdmn/apprise-go/apprise/twilio.go:231.52,233.2 1 1
github.com/scttfrdmn/apprise-go/apprise/twilio.go:236.48,238.2 1 1
github.com/scttfrdmn/apprise-go/apprise/version.go:30.35,39.2 1 2
github.com/scttfrdmn/apprise-go/apprise/version.go:42.26,44.2 1 1
github.com/scttfrdmn/apprise-go/apprise/version.go:47.34,49.2 1 1
github.com/scttfrdmn/apprise-go/apprise/version.go:52.28,55.2 1 22
github.com/scttfrdmn/apprise-go/apprise/version.go:58.38,61.2 1 1
github.com/scttfrdmn/apprise-go/apprise/webhook.go:32.34,40.2 1 23
github.com/scttfrdmn/apprise-go/apprise/webhook.go:43.31,52.2 2 1
github.com/scttfrdmn/apprise-go/apprise/webhook.go:55.48,57.2 1 18
github.com/scttfrdmn/apprise-go/apprise/webhook.go:60.45,62.2 1 1
github.com/scttfrdmn/apprise-go/apprise/webhook.go:65.47,67.2 1 1
github.com/scttfrdmn/apprise-go/apprise/webhook.go:70.44,72.2 1 0
github.com/scttfrdmn/apprise-go/apprise/webhook.go:78.62,80.69 2 22
github.com/scttfrdmn/apprise-go/apprise/webhook.go:80.69,82.3 1 3
github.com/scttfrdmn/apprise-go/apprise/webhook.go:85.2,88.14 2 19
github.com/scttfrdmn/apprise-go/apprise/webhook.go:88.14,90.3 1 5
github.com/scttfrdmn/apprise-go/apprise/webhook.go:90.8,92.3 1 14
github.com/scttfrdmn/apprise-go/apprise/webhook.go:95.2,97.49 2 19
github.com/scttfrdmn/apprise-go/apprise/webhook.go:97.49,99.3 1 1
github.com/scttfrdmn/apprise-go/apprise/webhook.go:101.2,101.65 1 19
github.com/scttfrdmn/apprise-go/apprise/webhook.go:101.65,103.3 1 1
github.com/scttfrdmn/apprise-go/apprise/webhook.go:105.2,105.55 1 19
github.com/scttfrdmn/apprise-go/apprise/webhook.go:105.55,107.3 1 0
github.com/scttfrdmn/apprise-go/apprise/webhook.go:110.2,110.33 1 19
github.com/scttfrdmn/apprise-go/apprise/webhook.go:110.33,111.59 1 3
github.com/scttfrdmn/apprise-go/apprise/webhook.go:111.59,114.4 2 1
github.com/scttfrdmn/apprise-go/apprise/webhook.go:118.2,118.28 1 19
github.com/scttfrdmn/apprise-go/apprise/webhook.go:118.28,120.71 2 2
github.com/scttfrdmn/apprise-go/apprise/webhook.go:120.71,124.4 1 1
github.com/scttfrdmn/apprise-go/apprise/webhook.go:124.9,127.4 1 1
github.com/scttfrdmn/apprise-go/apprise/webhook.go:130.2,130.12 1 19
github.com/scttfrdmn/apprise-go/apprise/webhook.go:134.59,136.2 1 0
github.com/scttfrdmn/apprise-go/apprise/webhook.go:149.83,152.16 2 8
github.com/scttfrdmn/apprise-go/apprise/webhook.go:152.16,154.3 1 0
github.com/scttfrdmn/apprise-go/apprise/webhook.go:157.2,158.16 2 8
github.com/scttfrdmn/apprise-go/apprise/webhook.go:158.16,160.3 1 0
github.com/scttfrdmn/apprise-go/apprise/webhook.go:163.2,166.36 3 8
github.com/scttfrdmn/apprise-go/apprise/webhook.go:166.36,168.3 1 0
github.com/scttfrdmn/apprise-go/apprise/webhook.go:171.2,175.16 3 8
github.com/scttfrdmn/apprise-go/apprise/webhook.go:175.16,177.3 1 7
github.com/scttfrdmn/apprise-go/apprise/webhook.go:178.2,181.53 2 1
github.com/scttfrdmn/apprise-go/apprise/webhook.go:181.53,184.3 2 1
github.com/scttfrdmn/apprise-go/apprise/webhook.go:186.2,186.12 1 0
github.com/scttfrdmn/apprise-go/apprise/webhook.go:190.80,192.2 1 0
github.com/scttfrdmn/apprise-go/apprise/webhook.go:195.84,196.22 1 8
github.com/scttfrdmn/apprise-go/apprise/webhook.go:196.22,199.3 1 0
github.com/scttfrdmn/apprise-go/apprise/webhook.go:201.2,201.23 1 8
github.com/scttfrdmn/apprise-go/apprise/webhook.go:202.26,203.34 1 8
github.com/scttfrdmn/apprise-go/apprise/webhook.go:204.43,205.34 1 0
github.com/scttfrdmn/apprise-go/apprise/webhook.go:206.20,207.34 1 0
github.com/scttfrdmn/apprise-go/apprise/webhook.go:208.10,209.34 1 0
github.com/scttfrdmn/apprise-go/apprise/webhook.go:214.88,228.16 3 8
github.com/scttfrdmn/apprise-go/apprise/webhook.go:228.16,230.3 1 0
github.com/scttfrdmn/apprise-go/apprise/webhook.go:232.2,232.39 1 8
github.com/scttfrdmn/apprise-go/apprise/webhook.go:236.88,245.23 2 0
github.com/scttfrdmn/apprise-go/apprise/webhook.go:245.23,247.3 1 0
github.com/scttfrdmn/apprise-go/apprise/webhook.go:249.2,249.48 1 0
github.com/scttfrdmn/apprise-go/apprise/webhook.go:253.88,256.21 2 0
github.com/scttfrdmn/apprise-go/apprise/webhook.go:256.21,258.3 1 0
github.com/scttfrdmn/apprise-go/apprise/webhook.go:260.2,264.23 4 0
github.com/scttfrdmn/apprise-go/apprise/webhook.go:264.23,266.3 1 0
github.com/scttfrdmn/apprise-go/apprise/webhook.go:268.2,268.46 1 0
github.com/scttfrdmn/apprise-go/apprise/webhook.go:272.93,283.23 8 0
github.com/scttfrdmn/apprise-go/apprise/webhook.go:283.23,285.3 1 0
github.com/scttfrdmn/apprise-go/apprise/webhook.go:285.8,287.3 1 0
github.com/scttfrdmn/apprise-go/apprise/webhook.go:289.2,289.41 1 0
github.com/scttfrdmn/apprise-go/apprise/webhook.go:293.59,295.16 2 7
github.com/scttfrdmn/apprise-go/apprise/webhook.go:295.16,297.3 1 0
github.com/scttfrdmn/apprise-go/apprise/webhook.go:299.2,299.30 1 7
github.com/scttfrdmn/apprise-go/apprise/webhook.go:303.56,305.2 1 0
github.com/scttfrdmn/apprise-go/apprise/webhook.go:308.53,310.2 1 1
github.com/scttfrdmn/apprise-go/apprise/webhook.go:313.50,315.2 1 0
github.com/scttfrdmn/apprise-go/apprise/webhook.go:318.49,320.2 1 1
github.com/scttfrdmn/apprise-go/apprise/webhook.go:323.46,325.2 1 0
github.com/scttfrdmn/apprise-go/apprise/webhook.go:328.56,332.2 2 1
