mode: atomic
github.com/scttfrdmn/apprise-go/examples/main.go:11.13,26.2 5 0
github.com/scttfrdmn/apprise-go/examples/main.go:29.21,48.38 4 0
github.com/scttfrdmn/apprise-go/examples/main.go:48.38,49.45 1 0
github.com/scttfrdmn/apprise-go/examples/main.go:49.45,51.4 1 0
github.com/scttfrdmn/apprise-go/examples/main.go:55.2,62.37 2 0
github.com/scttfrdmn/apprise-go/examples/main.go:62.37,63.23 1 0
github.com/scttfrdmn/apprise-go/examples/main.go:63.23,66.4 1 0
github.com/scttfrdmn/apprise-go/examples/main.go:66.9,69.4 1 0
github.com/scttfrdmn/apprise-go/examples/main.go:72.2,72.15 1 0
github.com/scttfrdmn/apprise-go/examples/main.go:76.22,84.16 5 0
github.com/scttfrdmn/apprise-go/examples/main.go:84.16,88.3 2 0
github.com/scttfrdmn/apprise-go/examples/main.go:88.8,91.3 1 0
github.com/scttfrdmn/apprise-go/examples/main.go:94.2,106.15 5 0
github.com/scttfrdmn/apprise-go/examples/main.go:110.22,140.2 12 0
github.com/scttfrdmn/apprise-go/examples/main.go:143.26,170.37 6 0
github.com/scttfrdmn/apprise-go/examples/main.go:170.37,171.23 1 0
github.com/scttfrdmn/apprise-go/examples/main.go:171.23,173.4 1 0
github.com/scttfrdmn/apprise-go/examples/main.go:173.9,175.4 1 0
github.com/scttfrdmn/apprise-go/examples/main.go:178.2,178.15 1 0
github.com/scttfrdmn/apprise-go/examples/main.go:182.29,190.16 5 0
github.com/scttfrdmn/apprise-go/examples/main.go:190.16,192.3 1 0
github.com/scttfrdmn/apprise-go/examples/main.go:195.2,196.16 2 0
github.com/scttfrdmn/apprise-go/examples/main.go:196.16,199.3 2 0
github.com/scttfrdmn/apprise-go/examples/main.go:202.2,209.37 3 0
github.com/scttfrdmn/apprise-go/examples/main.go:209.37,210.23 1 0
github.com/scttfrdmn/apprise-go/examples/main.go:210.23,214.4 2 0
github.com/scttfrdmn/apprise-go/examples/main.go:214.9,217.4 1 0
github.com/scttfrdmn/apprise-go/examples/main.go:220.2,223.55 2 0
github.com/scttfrdmn/apprise-go/examples/main.go:223.55,225.3 1 0
github.com/scttfrdmn/apprise-go/examples/main.go:225.8,225.30 1 0
github.com/scttfrdmn/apprise-go/examples/main.go:225.30,227.3 1 0
github.com/scttfrdmn/apprise-go/examples/main.go:227.8,229.3 1 0
github.com/scttfrdmn/apprise-go/examples/main.go:231.2,231.15 1 0
github.com/scttfrdmn/apprise-go/cmd/apprise/main.go:36.13,39.49 2 0
github.com/scttfrdmn/apprise-go/cmd/apprise/main.go:39.49,41.3 1 0
github.com/scttfrdmn/apprise-go/cmd/apprise/main.go:43.2,44.16 2 0
github.com/scttfrdmn/apprise-go/cmd/apprise/main.go:44.16,47.3 2 0
github.com/scttfrdmn/apprise-go/cmd/apprise/main.go:49.2,50.16 2 0
github.com/scttfrdmn/apprise-go/cmd/apprise/main.go:50.16,53.3 2 0
github.com/scttfrdmn/apprise-go/cmd/apprise/main.go:55.2,59.17 3 0
github.com/scttfrdmn/apprise-go/cmd/apprise/main.go:59.17,62.3 2 0
github.com/scttfrdmn/apprise-go/cmd/apprise/main.go:64.2,65.33 2 0
github.com/scttfrdmn/apprise-go/cmd/apprise/main.go:68.48,69.15 1 0
github.com/scttfrdmn/apprise-go/cmd/apprise/main.go:69.15,72.3 2 0
github.com/scttfrdmn/apprise-go/cmd/apprise/main.go:73.2,73.18 1 0
github.com/scttfrdmn/apprise-go/cmd/apprise/main.go:73.18,77.3 3 0
github.com/scttfrdmn/apprise-go/cmd/apprise/main.go:78.2,78.12 1 0
github.com/scttfrdmn/apprise-go/cmd/apprise/main.go:81.62,85.55 3 0
github.com/scttfrdmn/apprise-go/cmd/apprise/main.go:85.55,87.3 1 0
github.com/scttfrdmn/apprise-go/cmd/apprise/main.go:89.2,89.32 1 0
github.com/scttfrdmn/apprise-go/cmd/apprise/main.go:89.32,90.52 1 0
github.com/scttfrdmn/apprise-go/cmd/apprise/main.go:90.52,92.4 1 0
github.com/scttfrdmn/apprise-go/cmd/apprise/main.go:95.2,95.22 1 0
github.com/scttfrdmn/apprise-go/cmd/apprise/main.go:95.22,97.3 1 0
github.com/scttfrdmn/apprise-go/cmd/apprise/main.go:99.2,99.17 1 0
github.com/scttfrdmn/apprise-go/cmd/apprise/main.go:102.71,103.31 1 0
github.com/scttfrdmn/apprise-go/cmd/apprise/main.go:103.31,105.3 1 0
github.com/scttfrdmn/apprise-go/cmd/apprise/main.go:107.2,108.52 2 0
github.com/scttfrdmn/apprise-go/cmd/apprise/main.go:108.52,109.23 1 0
github.com/scttfrdmn/apprise-go/cmd/apprise/main.go:109.23,111.4 1 0
github.com/scttfrdmn/apprise-go/cmd/apprise/main.go:113.2,114.12 2 0
github.com/scttfrdmn/apprise-go/cmd/apprise/main.go:117.59,119.16 2 0
github.com/scttfrdmn/apprise-go/cmd/apprise/main.go:119.16,122.17 3 0
github.com/scttfrdmn/apprise-go/cmd/apprise/main.go:122.17,124.4 1 0
github.com/scttfrdmn/apprise-go/cmd/apprise/main.go:127.2,127.16 1 0
github.com/scttfrdmn/apprise-go/cmd/apprise/main.go:127.16,129.3 1 0
github.com/scttfrdmn/apprise-go/cmd/apprise/main.go:130.2,130.18 1 0
github.com/scttfrdmn/apprise-go/cmd/apprise/main.go:133.67,135.41 2 0
github.com/scttfrdmn/apprise-go/cmd/apprise/main.go:135.41,137.92 2 0
github.com/scttfrdmn/apprise-go/cmd/apprise/main.go:137.92,139.4 1 0
github.com/scttfrdmn/apprise-go/cmd/apprise/main.go:139.9,142.4 2 0
github.com/scttfrdmn/apprise-go/cmd/apprise/main.go:143.3,143.48 1 0
github.com/scttfrdmn/apprise-go/cmd/apprise/main.go:145.2,145.20 1 0
github.com/scttfrdmn/apprise-go/cmd/apprise/main.go:148.109,149.23 1 0
github.com/scttfrdmn/apprise-go/cmd/apprise/main.go:149.23,151.3 1 0
github.com/scttfrdmn/apprise-go/cmd/apprise/main.go:153.2,154.22 2 0
github.com/scttfrdmn/apprise-go/cmd/apprise/main.go:154.22,156.3 1 0
github.com/scttfrdmn/apprise-go/cmd/apprise/main.go:157.2,158.26 2 0
github.com/scttfrdmn/apprise-go/cmd/apprise/main.go:158.26,160.3 1 0
github.com/scttfrdmn/apprise-go/cmd/apprise/main.go:163.140,169.26 2 0
github.com/scttfrdmn/apprise-go/cmd/apprise/main.go:169.26,171.3 1 0
github.com/scttfrdmn/apprise-go/cmd/apprise/main.go:173.2,174.61 2 0
github.com/scttfrdmn/apprise-go/cmd/apprise/main.go:177.80,179.37 2 0
github.com/scttfrdmn/apprise-go/cmd/apprise/main.go:179.37,180.23 1 0
github.com/scttfrdmn/apprise-go/cmd/apprise/main.go:180.23,182.24 2 0
github.com/scttfrdmn/apprise-go/cmd/apprise/main.go:182.24,184.5 1 0
github.com/scttfrdmn/apprise-go/cmd/apprise/main.go:185.9,187.4 1 0
github.com/scttfrdmn/apprise-go/cmd/apprise/main.go:190.2,190.55 1 0
github.com/scttfrdmn/apprise-go/cmd/apprise/main.go:190.55,192.3 1 0
github.com/scttfrdmn/apprise-go/cmd/apprise/main.go:194.2,194.35 1 0
github.com/scttfrdmn/apprise-go/cmd/apprise/main.go:194.35,196.3 1 0
github.com/scttfrdmn/apprise-go/cmd/apprise/main.go:200.30,228.30 22 10
github.com/scttfrdmn/apprise-go/cmd/apprise/main.go:228.30,230.3 1 2
github.com/scttfrdmn/apprise-go/cmd/apprise/main.go:230.8,232.3 1 8
github.com/scttfrdmn/apprise-go/cmd/apprise/main.go:235.2,235.24 1 10
github.com/scttfrdmn/apprise-go/cmd/apprise/main.go:235.24,237.3 1 1
github.com/scttfrdmn/apprise-go/cmd/apprise/main.go:238.2,238.51 1 10
github.com/scttfrdmn/apprise-go/cmd/apprise/main.go:238.51,240.3 1 0
github.com/scttfrdmn/apprise-go/cmd/apprise/main.go:241.2,241.17 1 10
github.com/scttfrdmn/apprise-go/cmd/apprise/main.go:241.17,243.3 1 1
github.com/scttfrdmn/apprise-go/cmd/apprise/main.go:244.2,244.17 1 10
github.com/scttfrdmn/apprise-go/cmd/apprise/main.go:244.17,246.3 1 1
github.com/scttfrdmn/apprise-go/cmd/apprise/main.go:247.2,247.24 1 10
github.com/scttfrdmn/apprise-go/cmd/apprise/main.go:247.24,249.3 1 1
github.com/scttfrdmn/apprise-go/cmd/apprise/main.go:252.2,252.34 1 10
github.com/scttfrdmn/apprise-go/cmd/apprise/main.go:252.34,253.35 1 2
github.com/scttfrdmn/apprise-go/cmd/apprise/main.go:253.35,255.4 1 2
github.com/scttfrdmn/apprise-go/cmd/apprise/main.go:258.2,258.13 1 10
github.com/scttfrdmn/apprise-go/cmd/apprise/main.go:262.88,265.35 2 3
github.com/scttfrdmn/apprise-go/cmd/apprise/main.go:265.35,267.17 2 5
github.com/scttfrdmn/apprise-go/cmd/apprise/main.go:267.17,268.12 1 2
github.com/scttfrdmn/apprise-go/cmd/apprise/main.go:271.3,271.18 1 3
github.com/scttfrdmn/apprise-go/cmd/apprise/main.go:271.18,273.4 1 2
github.com/scttfrdmn/apprise-go/cmd/apprise/main.go:275.3,276.80 2 3
github.com/scttfrdmn/apprise-go/cmd/apprise/main.go:276.80,278.4 1 0
github.com/scttfrdmn/apprise-go/cmd/apprise/main.go:278.9,280.4 1 3
github.com/scttfrdmn/apprise-go/cmd/apprise/main.go:282.3,282.17 1 3
github.com/scttfrdmn/apprise-go/cmd/apprise/main.go:282.17,284.4 1 1
github.com/scttfrdmn/apprise-go/cmd/apprise/main.go:287.2,287.32 1 2
github.com/scttfrdmn/apprise-go/cmd/apprise/main.go:291.38,295.21 3 2
github.com/scttfrdmn/apprise-go/cmd/apprise/main.go:295.21,297.3 1 3
github.com/scttfrdmn/apprise-go/cmd/apprise/main.go:299.2,299.38 1 2
github.com/scttfrdmn/apprise-go/cmd/apprise/main.go:299.38,301.3 1 0
github.com/scttfrdmn/apprise-go/cmd/apprise/main.go:303.2,303.39 1 2
github.com/scttfrdmn/apprise-go/cmd/apprise/main.go:307.57,308.34 1 9
github.com/scttfrdmn/apprise-go/cmd/apprise/main.go:309.17,310.35 1 1
github.com/scttfrdmn/apprise-go/cmd/apprise/main.go:311.25,312.35 1 2
github.com/scttfrdmn/apprise-go/cmd/apprise/main.go:313.22,314.33 1 2
github.com/scttfrdmn/apprise-go/cmd/apprise/main.go:315.14,316.14 1 2
github.com/scttfrdmn/apprise-go/cmd/apprise/main.go:317.10,318.32 1 4
github.com/scttfrdmn/apprise-go/cmd/apprise/main.go:323.50,324.22 1 5
github.com/scttfrdmn/apprise-go/cmd/apprise/main.go:324.22,326.3 1 3
github.com/scttfrdmn/apprise-go/cmd/apprise/main.go:327.2,327.27 1 2
github.com/scttfrdmn/apprise-go/cmd/apprise/main.go:331.19,367.2 1 1
github.com/scttfrdmn/apprise-go/apprise/apprise.go:21.38,22.12 1 22
github.com/scttfrdmn/apprise-go/apprise/apprise.go:23.22,24.16 1 19
github.com/scttfrdmn/apprise-go/apprise/apprise.go:25.25,26.19 1 1
github.com/scttfrdmn/apprise-go/apprise/apprise.go:27.25,28.19 1 1
github.com/scttfrdmn/apprise-go/apprise/apprise.go:29.23,30.17 1 1
github.com/scttfrdmn/apprise-go/apprise/apprise.go:31.10,32.16 1 0
github.com/scttfrdmn/apprise-go/apprise/apprise.go:98.44,102.2 1 22
github.com/scttfrdmn/apprise-go/apprise/apprise.go:105.78,109.2 3 572
github.com/scttfrdmn/apprise-go/apprise/apprise.go:112.69,117.13 4 41
github.com/scttfrdmn/apprise-go/apprise/apprise.go:117.13,119.3 1 2
github.com/scttfrdmn/apprise-go/apprise/apprise.go:121.2,121.23 1 39
github.com/scttfrdmn/apprise-go/apprise/apprise.go:125.59,130.36 4 1
github.com/scttfrdmn/apprise-go/apprise/apprise.go:130.36,132.3 1 26
github.com/scttfrdmn/apprise-go/apprise/apprise.go:133.2,133.17 1 1
github.com/scttfrdmn/apprise-go/apprise/apprise.go:146.21,158.2 3 22
github.com/scttfrdmn/apprise-go/apprise/apprise.go:161.64,163.16 2 28
github.com/scttfrdmn/apprise-go/apprise/apprise.go:163.16,165.3 1 0
github.com/scttfrdmn/apprise-go/apprise/apprise.go:167.2,168.16 2 28
github.com/scttfrdmn/apprise-go/apprise/apprise.go:168.16,170.3 1 2
github.com/scttfrdmn/apprise-go/apprise/apprise.go:172.2,172.52 1 26
github.com/scttfrdmn/apprise-go/apprise/apprise.go:172.52,174.3 1 5
github.com/scttfrdmn/apprise-go/apprise/apprise.go:176.2,177.12 2 21
github.com/scttfrdmn/apprise-go/apprise/apprise.go:181.117,191.33 2 8
github.com/scttfrdmn/apprise-go/apprise/apprise.go:191.33,193.3 1 4
github.com/scttfrdmn/apprise-go/apprise/apprise.go:195.2,195.25 1 8
github.com/scttfrdmn/apprise-go/apprise/apprise.go:199.77,206.37 5 8
github.com/scttfrdmn/apprise-go/apprise/apprise.go:206.37,208.33 2 13
github.com/scttfrdmn/apprise-go/apprise/apprise.go:208.33,222.4 5 13
github.com/scttfrdmn/apprise-go/apprise/apprise.go:225.2,226.18 2 8
github.com/scttfrdmn/apprise-go/apprise/apprise.go:230.53,232.2 1 3
github.com/scttfrdmn/apprise-go/apprise/apprise.go:235.43,237.2 1 1
github.com/scttfrdmn/apprise-go/apprise/apprise.go:240.27,242.2 1 2
github.com/scttfrdmn/apprise-go/apprise/apprise.go:245.31,247.2 1 16
github.com/scttfrdmn/apprise-go/apprise/apprise.go:250.70,252.2 1 1
github.com/scttfrdmn/apprise-go/apprise/apprise.go:255.83,257.2 1 1
github.com/scttfrdmn/apprise-go/apprise/apprise.go:260.58,262.2 1 1
github.com/scttfrdmn/apprise-go/apprise/apprise.go:265.41,267.2 1 4
github.com/scttfrdmn/apprise-go/apprise/apprise.go:270.38,272.2 1 1
github.com/scttfrdmn/apprise-go/apprise/apprise.go:275.61,277.2 1 1
github.com/scttfrdmn/apprise-go/apprise/apprise.go:283.62,284.40 1 1
github.com/scttfrdmn/apprise-go/apprise/apprise.go:284.40,286.3 1 1
github.com/scttfrdmn/apprise-go/apprise/apprise.go:290.44,291.40 1 3
github.com/scttfrdmn/apprise-go/apprise/apprise.go:291.40,293.3 1 3
github.com/scttfrdmn/apprise-go/apprise/apprise.go:297.49,298.40 1 2
github.com/scttfrdmn/apprise-go/apprise/apprise.go:298.40,300.3 1 2
github.com/scttfrdmn/apprise-go/apprise/apprise.go:304.57,306.46 1 22
github.com/scttfrdmn/apprise-go/apprise/apprise.go:306.46,306.76 1 10
github.com/scttfrdmn/apprise-go/apprise/apprise.go:307.2,307.44 1 22
github.com/scttfrdmn/apprise-go/apprise/apprise.go:307.44,307.72 1 5
github.com/scttfrdmn/apprise-go/apprise/apprise.go:308.2,308.47 1 22
github.com/scttfrdmn/apprise-go/apprise/apprise.go:308.47,308.78 1 1
github.com/scttfrdmn/apprise-go/apprise/apprise.go:309.2,309.44 1 22
github.com/scttfrdmn/apprise-go/apprise/apprise.go:309.44,309.75 1 2
github.com/scttfrdmn/apprise-go/apprise/apprise.go:312.2,312.45 1 22
github.com/scttfrdmn/apprise-go/apprise/apprise.go:312.45,312.73 1 3
github.com/scttfrdmn/apprise-go/apprise/apprise.go:313.2,313.46 1 22
github.com/scttfrdmn/apprise-go/apprise/apprise.go:313.46,313.74 1 1
github.com/scttfrdmn/apprise-go/apprise/apprise.go:316.2,316.46 1 22
github.com/scttfrdmn/apprise-go/apprise/apprise.go:316.46,316.76 1 9
github.com/scttfrdmn/apprise-go/apprise/apprise.go:317.2,317.47 1 22
github.com/scttfrdmn/apprise-go/apprise/apprise.go:317.47,317.77 1 1
github.com/scttfrdmn/apprise-go/apprise/apprise.go:318.2,318.43 1 22
github.com/scttfrdmn/apprise-go/apprise/apprise.go:318.43,318.70 1 1
github.com/scttfrdmn/apprise-go/apprise/apprise.go:321.2,321.47 1 22
github.com/scttfrdmn/apprise-go/apprise/apprise.go:321.47,321.78 1 3
github.com/scttfrdmn/apprise-go/apprise/apprise.go:322.2,322.44 1 22
github.com/scttfrdmn/apprise-go/apprise/apprise.go:322.44,322.75 1 1
github.com/scttfrdmn/apprise-go/apprise/apprise.go:323.2,323.49 1 22
github.com/scttfrdmn/apprise-go/apprise/apprise.go:323.49,323.82 1 0
github.com/scttfrdmn/apprise-go/apprise/apprise.go:324.2,324.44 1 22
github.com/scttfrdmn/apprise-go/apprise/apprise.go:324.44,324.77 1 0
github.com/scttfrdmn/apprise-go/apprise/apprise.go:327.2,327.46 1 22
github.com/scttfrdmn/apprise-go/apprise/apprise.go:327.46,327.76 1 0
github.com/scttfrdmn/apprise-go/apprise/apprise.go:330.2,330.45 1 22
github.com/scttfrdmn/apprise-go/apprise/apprise.go:330.45,330.74 1 0
github.com/scttfrdmn/apprise-go/apprise/apprise.go:333.2,333.45 1 22
github.com/scttfrdmn/apprise-go/apprise/apprise.go:333.45,333.74 1 1
github.com/scttfrdmn/apprise-go/apprise/apprise.go:334.2,334.46 1 22
github.com/scttfrdmn/apprise-go/apprise/apprise.go:334.46,334.75 1 1
github.com/scttfrdmn/apprise-go/apprise/apprise.go:337.2,337.46 1 22
github.com/scttfrdmn/apprise-go/apprise/apprise.go:337.46,337.76 1 0
github.com/scttfrdmn/apprise-go/apprise/apprise.go:338.2,338.45 1 22
github.com/scttfrdmn/apprise-go/apprise/apprise.go:338.45,338.75 1 0
github.com/scttfrdmn/apprise-go/apprise/apprise.go:339.2,339.46 1 22
github.com/scttfrdmn/apprise-go/apprise/apprise.go:339.46,339.76 1 0
github.com/scttfrdmn/apprise-go/apprise/apprise.go:340.2,340.44 1 22
github.com/scttfrdmn/apprise-go/apprise/apprise.go:340.44,340.74 1 0
github.com/scttfrdmn/apprise-go/apprise/apprise.go:341.2,341.43 1 22
github.com/scttfrdmn/apprise-go/apprise/apprise.go:341.43,341.75 1 0
github.com/scttfrdmn/apprise-go/apprise/apprise.go:342.2,342.44 1 22
github.com/scttfrdmn/apprise-go/apprise/apprise.go:342.44,342.76 1 0
github.com/scttfrdmn/apprise-go/apprise/apprise.go:343.2,343.42 1 22
github.com/scttfrdmn/apprise-go/apprise/apprise.go:343.42,343.74 1 0
github.com/scttfrdmn/apprise-go/apprise/apprise.go:344.2,344.43 1 22
github.com/scttfrdmn/apprise-go/apprise/apprise.go:344.43,344.75 1 0
github.com/scttfrdmn/apprise-go/apprise/apprise.go:345.2,345.41 1 22
github.com/scttfrdmn/apprise-go/apprise/apprise.go:345.41,345.73 1 0
github.com/scttfrdmn/apprise-go/apprise/attachment.go:60.48,66.2 1 29
github.com/scttfrdmn/apprise-go/apprise/attachment.go:69.53,71.2 1 1
github.com/scttfrdmn/apprise-go/apprise/attachment.go:74.64,76.2 1 2
github.com/scttfrdmn/apprise-go/apprise/attachment.go:79.71,83.83 3 5
github.com/scttfrdmn/apprise-go/apprise/attachment.go:83.83,85.3 1 1
github.com/scttfrdmn/apprise-go/apprise/attachment.go:85.8,85.47 1 4
github.com/scttfrdmn/apprise-go/apprise/attachment.go:85.47,87.3 1 1
github.com/scttfrdmn/apprise-go/apprise/attachment.go:87.8,90.3 1 3
github.com/scttfrdmn/apprise-go/apprise/attachment.go:92.2,92.16 1 5
github.com/scttfrdmn/apprise-go/apprise/attachment.go:92.16,94.3 1 0
github.com/scttfrdmn/apprise-go/apprise/attachment.go:97.2,97.36 1 5
github.com/scttfrdmn/apprise-go/apprise/attachment.go:97.36,98.49 1 1
github.com/scttfrdmn/apprise-go/apprise/attachment.go:98.49,100.4 1 1
github.com/scttfrdmn/apprise-go/apprise/attachment.go:100.9,100.56 1 0
github.com/scttfrdmn/apprise-go/apprise/attachment.go:100.56,102.4 1 0
github.com/scttfrdmn/apprise-go/apprise/attachment.go:102.9,102.58 1 0
github.com/scttfrdmn/apprise-go/apprise/attachment.go:102.58,104.4 1 0
github.com/scttfrdmn/apprise-go/apprise/attachment.go:108.2,108.39 1 5
github.com/scttfrdmn/apprise-go/apprise/attachment.go:108.39,111.3 1 0
github.com/scttfrdmn/apprise-go/apprise/attachment.go:113.2,114.12 2 5
github.com/scttfrdmn/apprise-go/apprise/attachment.go:118.84,121.39 2 4
github.com/scttfrdmn/apprise-go/apprise/attachment.go:121.39,124.3 1 1
github.com/scttfrdmn/apprise-go/apprise/attachment.go:126.2,127.12 2 3
github.com/scttfrdmn/apprise-go/apprise/attachment.go:131.61,133.2 1 3
github.com/scttfrdmn/apprise-go/apprise/attachment.go:136.42,138.2 1 11
github.com/scttfrdmn/apprise-go/apprise/attachment.go:141.38,143.2 1 2
github.com/scttfrdmn/apprise-go/apprise/attachment.go:146.48,148.44 2 2
github.com/scttfrdmn/apprise-go/apprise/attachment.go:148.44,150.3 1 1
github.com/scttfrdmn/apprise-go/apprise/attachment.go:151.2,151.14 1 2
github.com/scttfrdmn/apprise-go/apprise/attachment.go:164.62,166.16 2 5
github.com/scttfrdmn/apprise-go/apprise/attachment.go:166.16,171.3 1 2
github.com/scttfrdmn/apprise-go/apprise/attachment.go:174.2,175.20 2 3
github.com/scttfrdmn/apprise-go/apprise/attachment.go:175.20,177.3 1 0
github.com/scttfrdmn/apprise-go/apprise/attachment.go:179.2,184.8 1 3
github.com/scttfrdmn/apprise-go/apprise/attachment.go:187.43,188.24 1 2
github.com/scttfrdmn/apprise-go/apprise/attachment.go:188.24,190.3 1 1
github.com/scttfrdmn/apprise-go/apprise/attachment.go:191.2,191.30 1 1
github.com/scttfrdmn/apprise-go/apprise/attachment.go:194.47,196.2 1 0
github.com/scttfrdmn/apprise-go/apprise/attachment.go:198.42,200.2 1 4
github.com/scttfrdmn/apprise-go/apprise/attachment.go:202.40,204.2 1 2
github.com/scttfrdmn/apprise-go/apprise/attachment.go:206.56,207.15 1 4
github.com/scttfrdmn/apprise-go/apprise/attachment.go:207.15,209.3 1 1
github.com/scttfrdmn/apprise-go/apprise/attachment.go:210.2,210.24 1 3
github.com/scttfrdmn/apprise-go/apprise/attachment.go:213.51,215.16 2 1
github.com/scttfrdmn/apprise-go/apprise/attachment.go:215.16,217.3 1 0
github.com/scttfrdmn/apprise-go/apprise/attachment.go:218.2,218.15 1 1
github.com/scttfrdmn/apprise-go/apprise/attachment.go:218.15,218.37 1 1
github.com/scttfrdmn/apprise-go/apprise/attachment.go:220.2,221.16 2 1
github.com/scttfrdmn/apprise-go/apprise/attachment.go:221.16,223.3 1 0
github.com/scttfrdmn/apprise-go/apprise/attachment.go:225.2,225.53 1 1
github.com/scttfrdmn/apprise-go/apprise/attachment.go:228.49,230.16 2 1
github.com/scttfrdmn/apprise-go/apprise/attachment.go:230.16,232.3 1 0
github.com/scttfrdmn/apprise-go/apprise/attachment.go:233.2,233.15 1 1
github.com/scttfrdmn/apprise-go/apprise/attachment.go:233.15,233.37 1 1
github.com/scttfrdmn/apprise-go/apprise/attachment.go:235.2,236.49 2 1
github.com/scttfrdmn/apprise-go/apprise/attachment.go:236.49,238.3 1 0
github.com/scttfrdmn/apprise-go/apprise/attachment.go:240.2,240.46 1 1
github.com/scttfrdmn/apprise-go/apprise/attachment.go:243.51,245.2 1 1
github.com/scttfrdmn/apprise-go/apprise/attachment.go:258.84,263.16 3 2
github.com/scttfrdmn/apprise-go/apprise/attachment.go:263.16,269.3 1 2
github.com/scttfrdmn/apprise-go/apprise/attachment.go:270.2,270.15 1 0
github.com/scttfrdmn/apprise-go/apprise/attachment.go:270.15,270.40 1 0
github.com/scttfrdmn/apprise-go/apprise/attachment.go:272.2,273.20 2 0
github.com/scttfrdmn/apprise-go/apprise/attachment.go:273.20,275.3 1 0
github.com/scttfrdmn/apprise-go/apprise/attachment.go:278.2,279.28 2 0
github.com/scttfrdmn/apprise-go/apprise/attachment.go:279.28,281.3 1 0
github.com/scttfrdmn/apprise-go/apprise/attachment.go:283.2,289.8 1 0
github.com/scttfrdmn/apprise-go/apprise/attachment.go:292.43,293.24 1 1
github.com/scttfrdmn/apprise-go/apprise/attachment.go:293.24,295.3 1 0
github.com/scttfrdmn/apprise-go/apprise/attachment.go:297.2,298.20 2 1
github.com/scttfrdmn/apprise-go/apprise/attachment.go:298.20,300.3 1 1
github.com/scttfrdmn/apprise-go/apprise/attachment.go:301.2,301.21 1 0
github.com/scttfrdmn/apprise-go/apprise/attachment.go:304.47,306.2 1 1
github.com/scttfrdmn/apprise-go/apprise/attachment.go:308.42,310.2 1 2
github.com/scttfrdmn/apprise-go/apprise/attachment.go:312.40,314.2 1 1
github.com/scttfrdmn/apprise-go/apprise/attachment.go:316.56,317.15 1 3
github.com/scttfrdmn/apprise-go/apprise/attachment.go:317.15,319.3 1 3
github.com/scttfrdmn/apprise-go/apprise/attachment.go:321.2,322.16 2 0
github.com/scttfrdmn/apprise-go/apprise/attachment.go:322.16,324.3 1 0
github.com/scttfrdmn/apprise-go/apprise/attachment.go:326.2,326.53 1 0
github.com/scttfrdmn/apprise-go/apprise/attachment.go:326.53,329.3 2 0
github.com/scttfrdmn/apprise-go/apprise/attachment.go:331.2,331.23 1 0
github.com/scttfrdmn/apprise-go/apprise/attachment.go:334.51,336.16 2 1
github.com/scttfrdmn/apprise-go/apprise/attachment.go:336.16,338.3 1 1
github.com/scttfrdmn/apprise-go/apprise/attachment.go:339.2,339.15 1 0
github.com/scttfrdmn/apprise-go/apprise/attachment.go:339.15,339.37 1 0
github.com/scttfrdmn/apprise-go/apprise/attachment.go:341.2,342.16 2 0
github.com/scttfrdmn/apprise-go/apprise/attachment.go:342.16,344.3 1 0
github.com/scttfrdmn/apprise-go/apprise/attachment.go:346.2,346.53 1 0
github.com/scttfrdmn/apprise-go/apprise/attachment.go:349.49,351.16 2 1
github.com/scttfrdmn/apprise-go/apprise/attachment.go:351.16,353.3 1 1
github.com/scttfrdmn/apprise-go/apprise/attachment.go:354.2,354.15 1 0
github.com/scttfrdmn/apprise-go/apprise/attachment.go:354.15,354.37 1 0
github.com/scttfrdmn/apprise-go/apprise/attachment.go:356.2,357.49 2 0
github.com/scttfrdmn/apprise-go/apprise/attachment.go:357.49,359.3 1 0
github.com/scttfrdmn/apprise-go/apprise/attachment.go:361.2,361.46 1 0
github.com/scttfrdmn/apprise-go/apprise/attachment.go:364.51,366.2 1 1
github.com/scttfrdmn/apprise-go/apprise/attachment.go:377.84,378.20 1 5
github.com/scttfrdmn/apprise-go/apprise/attachment.go:378.20,381.21 2 0
github.com/scttfrdmn/apprise-go/apprise/attachment.go:381.21,383.4 1 0
github.com/scttfrdmn/apprise-go/apprise/attachment.go:386.2,390.3 1 5
github.com/scttfrdmn/apprise-go/apprise/attachment.go:394.80,395.42 1 7
github.com/scttfrdmn/apprise-go/apprise/attachment.go:395.42,397.3 1 1
github.com/scttfrdmn/apprise-go/apprise/attachment.go:400.2,401.21 2 6
github.com/scttfrdmn/apprise-go/apprise/attachment.go:401.21,403.3 1 3
github.com/scttfrdmn/apprise-go/apprise/attachment.go:405.2,410.50 4 3
github.com/scttfrdmn/apprise-go/apprise/attachment.go:410.50,412.3 1 3
github.com/scttfrdmn/apprise-go/apprise/attachment.go:412.8,414.3 1 0
github.com/scttfrdmn/apprise-go/apprise/attachment.go:415.2,415.20 1 3
github.com/scttfrdmn/apprise-go/apprise/attachment.go:415.20,417.3 1 0
github.com/scttfrdmn/apprise-go/apprise/attachment.go:420.2,421.16 2 3
github.com/scttfrdmn/apprise-go/apprise/attachment.go:421.16,423.3 1 1
github.com/scttfrdmn/apprise-go/apprise/attachment.go:425.2,429.8 1 2
github.com/scttfrdmn/apprise-go/apprise/attachment.go:432.45,433.24 1 2
github.com/scttfrdmn/apprise-go/apprise/attachment.go:433.24,435.3 1 0
github.com/scttfrdmn/apprise-go/apprise/attachment.go:436.2,436.19 1 2
github.com/scttfrdmn/apprise-go/apprise/attachment.go:439.49,441.2 1 2
github.com/scttfrdmn/apprise-go/apprise/attachment.go:443.44,445.2 1 8
github.com/scttfrdmn/apprise-go/apprise/attachment.go:447.42,449.2 1 1
github.com/scttfrdmn/apprise-go/apprise/attachment.go:451.58,453.2 1 2
github.com/scttfrdmn/apprise-go/apprise/attachment.go:455.53,457.2 1 1
github.com/scttfrdmn/apprise-go/apprise/attachment.go:459.51,463.2 3 0
github.com/scttfrdmn/apprise-go/apprise/attachment.go:465.53,467.2 1 1
github.com/scttfrdmn/apprise-go/apprise/config.go:35.56,40.2 1 5
github.com/scttfrdmn/apprise-go/apprise/config.go:43.63,45.16 2 4
github.com/scttfrdmn/apprise-go/apprise/config.go:45.16,47.3 1 1
github.com/scttfrdmn/apprise-go/apprise/config.go:49.2,49.52 1 3
github.com/scttfrdmn/apprise-go/apprise/config.go:53.61,55.16 2 0
github.com/scttfrdmn/apprise-go/apprise/config.go:55.16,57.3 1 0
github.com/scttfrdmn/apprise-go/apprise/config.go:58.2,58.15 1 0
github.com/scttfrdmn/apprise-go/apprise/config.go:58.15,58.40 1 0
github.com/scttfrdmn/apprise-go/apprise/config.go:60.2,60.38 1 0
github.com/scttfrdmn/apprise-go/apprise/config.go:60.38,62.3 1 0
github.com/scttfrdmn/apprise-go/apprise/config.go:64.2,65.16 2 0
github.com/scttfrdmn/apprise-go/apprise/config.go:65.16,67.3 1 0
github.com/scttfrdmn/apprise-go/apprise/config.go:69.2,69.51 1 0
github.com/scttfrdmn/apprise-go/apprise/config.go:73.53,76.36 2 0
github.com/scttfrdmn/apprise-go/apprise/config.go:76.36,77.42 1 0
github.com/scttfrdmn/apprise-go/apprise/config.go:77.42,78.47 1 0
github.com/scttfrdmn/apprise-go/apprise/config.go:78.47,81.5 1 0
github.com/scttfrdmn/apprise-go/apprise/config.go:85.2,85.12 1 0
github.com/scttfrdmn/apprise-go/apprise/config.go:89.49,90.36 1 1
github.com/scttfrdmn/apprise-go/apprise/config.go:90.36,91.41 1 1
github.com/scttfrdmn/apprise-go/apprise/config.go:91.41,92.75 1 3
github.com/scttfrdmn/apprise-go/apprise/config.go:92.75,94.5 1 0
github.com/scttfrdmn/apprise-go/apprise/config.go:97.2,97.12 1 1
github.com/scttfrdmn/apprise-go/apprise/config.go:101.68,105.30 2 3
github.com/scttfrdmn/apprise-go/apprise/config.go:105.30,107.3 1 2
github.com/scttfrdmn/apprise-go/apprise/config.go:109.2,109.44 1 1
github.com/scttfrdmn/apprise-go/apprise/config.go:113.60,116.29 2 7
github.com/scttfrdmn/apprise-go/apprise/config.go:116.29,118.49 2 24
github.com/scttfrdmn/apprise-go/apprise/config.go:118.49,119.12 1 15
github.com/scttfrdmn/apprise-go/apprise/config.go:123.3,126.38 1 9
github.com/scttfrdmn/apprise-go/apprise/config.go:126.38,128.4 1 3
github.com/scttfrdmn/apprise-go/apprise/config.go:131.3,131.68 1 6
github.com/scttfrdmn/apprise-go/apprise/config.go:131.68,133.4 1 0
github.com/scttfrdmn/apprise-go/apprise/config.go:136.2,136.14 1 4
github.com/scttfrdmn/apprise-go/apprise/config.go:140.72,143.65 2 2
github.com/scttfrdmn/apprise-go/apprise/config.go:143.65,145.3 1 1
github.com/scttfrdmn/apprise-go/apprise/config.go:147.2,148.12 2 1
github.com/scttfrdmn/apprise-go/apprise/config.go:152.72,159.21 3 1
github.com/scttfrdmn/apprise-go/apprise/config.go:159.21,163.49 2 11
github.com/scttfrdmn/apprise-go/apprise/config.go:163.49,164.12 1 7
github.com/scttfrdmn/apprise-go/apprise/config.go:168.3,169.26 2 4
github.com/scttfrdmn/apprise-go/apprise/config.go:169.26,171.4 1 4
github.com/scttfrdmn/apprise-go/apprise/config.go:174.2,174.38 1 1
github.com/scttfrdmn/apprise-go/apprise/config.go:174.38,176.3 1 0
github.com/scttfrdmn/apprise-go/apprise/config.go:178.2,179.12 2 1
github.com/scttfrdmn/apprise-go/apprise/config.go:183.63,190.85 2 8
github.com/scttfrdmn/apprise-go/apprise/config.go:190.85,194.20 3 6
github.com/scttfrdmn/apprise-go/apprise/config.go:194.20,196.29 2 5
github.com/scttfrdmn/apprise-go/apprise/config.go:196.29,198.18 2 8
github.com/scttfrdmn/apprise-go/apprise/config.go:198.18,200.6 1 8
github.com/scttfrdmn/apprise-go/apprise/config.go:203.8,205.3 1 2
github.com/scttfrdmn/apprise-go/apprise/config.go:207.2,207.18 1 8
github.com/scttfrdmn/apprise-go/apprise/config.go:211.39,214.31 2 1
github.com/scttfrdmn/apprise-go/apprise/config.go:214.31,222.20 6 0
github.com/scttfrdmn/apprise-go/apprise/config.go:222.20,228.4 1 0
github.com/scttfrdmn/apprise-go/apprise/config.go:230.3,230.25 1 0
github.com/scttfrdmn/apprise-go/apprise/config.go:230.25,236.4 1 0
github.com/scttfrdmn/apprise-go/apprise/config.go:238.3,238.28 1 0
github.com/scttfrdmn/apprise-go/apprise/config.go:238.28,243.4 1 0
github.com/scttfrdmn/apprise-go/apprise/config.go:245.3,245.25 1 0
github.com/scttfrdmn/apprise-go/apprise/config.go:245.25,250.4 1 0
github.com/scttfrdmn/apprise-go/apprise/config.go:252.3,252.31 1 0
github.com/scttfrdmn/apprise-go/apprise/config.go:252.31,257.4 1 0
github.com/scttfrdmn/apprise-go/apprise/config.go:258.8,262.20 2 1
github.com/scttfrdmn/apprise-go/apprise/config.go:262.20,274.4 1 1
github.com/scttfrdmn/apprise-go/apprise/config.go:277.3,284.4 1 1
github.com/scttfrdmn/apprise-go/apprise/config.go:287.2,287.14 1 1
github.com/scttfrdmn/apprise-go/apprise/desktop.go:25.42,30.2 1 14
github.com/scttfrdmn/apprise-go/apprise/desktop.go:32.48,33.20 1 1
github.com/scttfrdmn/apprise-go/apprise/desktop.go:34.16,35.18 1 1
github.com/scttfrdmn/apprise-go/apprise/desktop.go:36.17,37.19 1 0
github.com/scttfrdmn/apprise-go/apprise/desktop.go:38.15,39.17 1 0
github.com/scttfrdmn/apprise-go/apprise/desktop.go:40.10,41.19 1 0
github.com/scttfrdmn/apprise-go/apprise/desktop.go:45.47,47.2 1 1
github.com/scttfrdmn/apprise-go/apprise/desktop.go:49.62,54.27 2 24
github.com/scttfrdmn/apprise-go/apprise/desktop.go:55.16,56.24 1 4
github.com/scttfrdmn/apprise-go/apprise/desktop.go:57.17,58.25 1 4
github.com/scttfrdmn/apprise-go/apprise/desktop.go:59.53,60.23 1 12
github.com/scttfrdmn/apprise-go/apprise/desktop.go:64.2,67.46 2 24
github.com/scttfrdmn/apprise-go/apprise/desktop.go:67.46,69.3 1 3
github.com/scttfrdmn/apprise-go/apprise/desktop.go:72.2,72.61 1 24
github.com/scttfrdmn/apprise-go/apprise/desktop.go:72.61,73.77 1 2
github.com/scttfrdmn/apprise-go/apprise/desktop.go:73.77,75.4 1 2
github.com/scttfrdmn/apprise-go/apprise/desktop.go:79.2,79.46 1 24
github.com/scttfrdmn/apprise-go/apprise/desktop.go:79.46,81.3 1 2
github.com/scttfrdmn/apprise-go/apprise/desktop.go:83.2,83.12 1 24
github.com/scttfrdmn/apprise-go/apprise/desktop.go:86.83,90.22 3 2
github.com/scttfrdmn/apprise-go/apprise/desktop.go:90.22,92.3 1 1
github.com/scttfrdmn/apprise-go/apprise/desktop.go:93.2,93.21 1 2
github.com/scttfrdmn/apprise-go/apprise/desktop.go:93.21,95.3 1 1
github.com/scttfrdmn/apprise-go/apprise/desktop.go:97.2,97.20 1 2
github.com/scttfrdmn/apprise-go/apprise/desktop.go:98.16,99.39 1 2
github.com/scttfrdmn/apprise-go/apprise/desktop.go:100.17,101.41 1 0
github.com/scttfrdmn/apprise-go/apprise/desktop.go:102.15,103.39 1 0
github.com/scttfrdmn/apprise-go/apprise/desktop.go:104.10,105.87 1 0
github.com/scttfrdmn/apprise-go/apprise/desktop.go:109.83,111.62 1 2
github.com/scttfrdmn/apprise-go/apprise/desktop.go:111.62,113.3 1 2
github.com/scttfrdmn/apprise-go/apprise/desktop.go:115.2,121.19 2 0
github.com/scttfrdmn/apprise-go/apprise/desktop.go:121.19,123.3 1 0
github.com/scttfrdmn/apprise-go/apprise/desktop.go:126.2,126.19 1 0
github.com/scttfrdmn/apprise-go/apprise/desktop.go:126.19,128.3 1 0
github.com/scttfrdmn/apprise-go/apprise/desktop.go:130.2,131.18 2 0
github.com/scttfrdmn/apprise-go/apprise/desktop.go:134.85,157.2 3 0
github.com/scttfrdmn/apprise-go/apprise/desktop.go:159.83,161.56 1 0
github.com/scttfrdmn/apprise-go/apprise/desktop.go:161.56,165.20 2 0
github.com/scttfrdmn/apprise-go/apprise/desktop.go:165.20,167.4 1 0
github.com/scttfrdmn/apprise-go/apprise/desktop.go:169.3,170.19 2 0
github.com/scttfrdmn/apprise-go/apprise/desktop.go:174.2,174.51 1 0
github.com/scttfrdmn/apprise-go/apprise/desktop.go:174.51,182.3 3 0
github.com/scttfrdmn/apprise-go/apprise/desktop.go:185.2,185.52 1 0
github.com/scttfrdmn/apprise-go/apprise/desktop.go:185.52,188.3 2 0
github.com/scttfrdmn/apprise-go/apprise/desktop.go:190.2,190.99 1 0
github.com/scttfrdmn/apprise-go/apprise/desktop.go:193.59,195.16 2 14
github.com/scttfrdmn/apprise-go/apprise/desktop.go:195.16,197.3 1 0
github.com/scttfrdmn/apprise-go/apprise/desktop.go:200.2,202.38 3 14
github.com/scttfrdmn/apprise-go/apprise/desktop.go:202.38,203.33 1 76
github.com/scttfrdmn/apprise-go/apprise/desktop.go:203.33,205.9 2 11
github.com/scttfrdmn/apprise-go/apprise/desktop.go:209.2,209.12 1 14
github.com/scttfrdmn/apprise-go/apprise/desktop.go:209.12,211.3 1 3
github.com/scttfrdmn/apprise-go/apprise/desktop.go:213.2,213.30 1 11
github.com/scttfrdmn/apprise-go/apprise/desktop.go:216.53,220.2 1 1
github.com/scttfrdmn/apprise-go/apprise/desktop.go:222.49,224.2 1 1
github.com/scttfrdmn/apprise-go/apprise/desktop.go:227.36,229.2 1 0
github.com/scttfrdmn/apprise-go/apprise/desktop.go:238.46,243.2 1 1
github.com/scttfrdmn/apprise-go/apprise/desktop.go:245.50,247.2 1 1
github.com/scttfrdmn/apprise-go/apprise/desktop.go:249.64,251.27 1 5
github.com/scttfrdmn/apprise-go/apprise/desktop.go:252.19,253.25 1 2
github.com/scttfrdmn/apprise-go/apprise/desktop.go:254.23,255.27 1 2
github.com/scttfrdmn/apprise-go/apprise/desktop.go:256.14,257.27 1 1
github.com/scttfrdmn/apprise-go/apprise/desktop.go:261.2,261.46 1 5
github.com/scttfrdmn/apprise-go/apprise/desktop.go:264.85,268.2 2 0
github.com/scttfrdmn/apprise-go/apprise/desktop.go:279.40,283.2 1 10
github.com/scttfrdmn/apprise-go/apprise/desktop.go:285.47,287.2 1 3
github.com/scttfrdmn/apprise-go/apprise/desktop.go:289.46,290.14 1 6
github.com/scttfrdmn/apprise-go/apprise/desktop.go:290.14,292.3 1 4
github.com/scttfrdmn/apprise-go/apprise/desktop.go:293.2,293.11 1 2
github.com/scttfrdmn/apprise-go/apprise/desktop.go:296.61,302.16 3 10
github.com/scttfrdmn/apprise-go/apprise/desktop.go:302.16,304.3 1 4
github.com/scttfrdmn/apprise-go/apprise/desktop.go:306.2,307.14 2 10
github.com/scttfrdmn/apprise-go/apprise/desktop.go:307.14,309.3 1 3
github.com/scttfrdmn/apprise-go/apprise/desktop.go:311.2,314.53 2 10
github.com/scttfrdmn/apprise-go/apprise/desktop.go:314.53,316.3 1 4
github.com/scttfrdmn/apprise-go/apprise/desktop.go:318.2,321.74 2 6
github.com/scttfrdmn/apprise-go/apprise/desktop.go:321.74,322.96 1 2
github.com/scttfrdmn/apprise-go/apprise/desktop.go:322.96,324.4 1 2
github.com/scttfrdmn/apprise-go/apprise/desktop.go:327.2,327.12 1 6
github.com/scttfrdmn/apprise-go/apprise/desktop.go:330.82,340.24 3 0
github.com/scttfrdmn/apprise-go/apprise/desktop.go:341.25,342.73 1 0
github.com/scttfrdmn/apprise-go/apprise/desktop.go:343.25,344.73 1 0
github.com/scttfrdmn/apprise-go/apprise/desktop.go:345.23,346.73 1 0
github.com/scttfrdmn/apprise-go/apprise/desktop.go:347.10,348.73 1 0
github.com/scttfrdmn/apprise-go/apprise/desktop.go:351.2,351.21 1 0
github.com/scttfrdmn/apprise-go/apprise/desktop.go:351.21,353.3 1 0
github.com/scttfrdmn/apprise-go/apprise/desktop.go:356.2,357.16 2 0
github.com/scttfrdmn/apprise-go/apprise/desktop.go:357.16,359.3 1 0
github.com/scttfrdmn/apprise-go/apprise/desktop.go:362.2,364.16 3 0
github.com/scttfrdmn/apprise-go/apprise/desktop.go:364.16,366.3 1 0
github.com/scttfrdmn/apprise-go/apprise/desktop.go:368.2,374.16 5 0
github.com/scttfrdmn/apprise-go/apprise/desktop.go:374.16,376.3 1 0
github.com/scttfrdmn/apprise-go/apprise/desktop.go:377.2,377.15 1 0
github.com/scttfrdmn/apprise-go/apprise/desktop.go:377.15,377.40 1 0
github.com/scttfrdmn/apprise-go/apprise/desktop.go:379.2,379.53 1 0
github.com/scttfrdmn/apprise-go/apprise/desktop.go:379.53,381.3 1 0
github.com/scttfrdmn/apprise-go/apprise/desktop.go:383.2,383.12 1 0
github.com/scttfrdmn/apprise-go/apprise/desktop.go:386.58,388.16 2 7
github.com/scttfrdmn/apprise-go/apprise/desktop.go:388.16,390.3 1 0
github.com/scttfrdmn/apprise-go/apprise/desktop.go:392.2,392.67 1 7
github.com/scttfrdmn/apprise-go/apprise/desktop.go:392.67,394.3 1 2
github.com/scttfrdmn/apprise-go/apprise/desktop.go:396.2,396.30 1 5
github.com/scttfrdmn/apprise-go/apprise/desktop.go:399.52,401.2 1 1
github.com/scttfrdmn/apprise-go/apprise/desktop.go:403.48,405.2 1 1
github.com/scttfrdmn/apprise-go/apprise/discord.go:24.34,28.2 1 17
github.com/scttfrdmn/apprise-go/apprise/discord.go:31.48,33.2 1 8
github.com/scttfrdmn/apprise-go/apprise/discord.go:36.47,38.2 1 2
github.com/scttfrdmn/apprise-go/apprise/discord.go:43.62,44.36 1 27
github.com/scttfrdmn/apprise-go/apprise/discord.go:44.36,46.3 1 4
github.com/scttfrdmn/apprise-go/apprise/discord.go:49.2,49.28 1 23
github.com/scttfrdmn/apprise-go/apprise/discord.go:49.28,51.3 1 2
github.com/scttfrdmn/apprise-go/apprise/discord.go:54.2,57.47 3 23
github.com/scttfrdmn/apprise-go/apprise/discord.go:57.47,59.3 1 6
github.com/scttfrdmn/apprise-go/apprise/discord.go:62.2,63.55 2 17
github.com/scttfrdmn/apprise-go/apprise/discord.go:63.55,65.3 1 3
github.com/scttfrdmn/apprise-go/apprise/discord.go:66.2,66.49 1 17
github.com/scttfrdmn/apprise-go/apprise/discord.go:66.49,68.3 1 1
github.com/scttfrdmn/apprise-go/apprise/discord.go:70.2,70.47 1 17
github.com/scttfrdmn/apprise-go/apprise/discord.go:70.47,72.3 1 0
github.com/scttfrdmn/apprise-go/apprise/discord.go:74.2,74.12 1 17
github.com/scttfrdmn/apprise-go/apprise/discord.go:117.83,129.21 4 6
github.com/scttfrdmn/apprise-go/apprise/discord.go:129.21,142.3 3 5
github.com/scttfrdmn/apprise-go/apprise/discord.go:142.8,145.3 1 1
github.com/scttfrdmn/apprise-go/apprise/discord.go:148.2,149.16 2 6
github.com/scttfrdmn/apprise-go/apprise/discord.go:149.16,151.3 1 0
github.com/scttfrdmn/apprise-go/apprise/discord.go:154.2,155.16 2 6
github.com/scttfrdmn/apprise-go/apprise/discord.go:155.16,157.3 1 0
github.com/scttfrdmn/apprise-go/apprise/discord.go:159.2,164.16 4 6
github.com/scttfrdmn/apprise-go/apprise/discord.go:164.16,166.3 1 0
github.com/scttfrdmn/apprise-go/apprise/discord.go:167.2,167.15 1 6
github.com/scttfrdmn/apprise-go/apprise/discord.go:167.15,167.40 1 6
github.com/scttfrdmn/apprise-go/apprise/discord.go:170.2,170.53 1 6
github.com/scttfrdmn/apprise-go/apprise/discord.go:170.53,173.3 2 6
github.com/scttfrdmn/apprise-go/apprise/discord.go:175.2,175.12 1 0
github.com/scttfrdmn/apprise-go/apprise/discord.go:179.59,181.16 2 9
github.com/scttfrdmn/apprise-go/apprise/discord.go:181.16,183.3 1 0
github.com/scttfrdmn/apprise-go/apprise/discord.go:185.2,185.30 1 9
github.com/scttfrdmn/apprise-go/apprise/discord.go:189.53,191.2 1 2
github.com/scttfrdmn/apprise-go/apprise/discord.go:194.49,196.2 1 1
github.com/scttfrdmn/apprise-go/apprise/discord.go:199.75,200.20 1 10
github.com/scttfrdmn/apprise-go/apprise/discord.go:201.25,202.18 1 1
github.com/scttfrdmn/apprise-go/apprise/discord.go:203.25,204.18 1 1
github.com/scttfrdmn/apprise-go/apprise/discord.go:205.23,206.18 1 1
github.com/scttfrdmn/apprise-go/apprise/discord.go:207.22,208.14 1 7
github.com/scttfrdmn/apprise-go/apprise/discord.go:209.10,210.18 1 7
github.com/scttfrdmn/apprise-go/apprise/email.go:35.32,43.2 1 20
github.com/scttfrdmn/apprise-go/apprise/email.go:46.46,48.2 1 4
github.com/scttfrdmn/apprise-go/apprise/email.go:51.45,53.2 1 1
github.com/scttfrdmn/apprise-go/apprise/email.go:59.60,60.50 1 16
github.com/scttfrdmn/apprise-go/apprise/email.go:60.50,62.3 1 2
github.com/scttfrdmn/apprise-go/apprise/email.go:63.2,63.48 1 14
github.com/scttfrdmn/apprise-go/apprise/email.go:63.48,65.3 1 2
github.com/scttfrdmn/apprise-go/apprise/email.go:66.2,66.55 1 12
github.com/scttfrdmn/apprise-go/apprise/email.go:66.55,68.3 1 0
github.com/scttfrdmn/apprise-go/apprise/email.go:69.2,69.54 1 12
github.com/scttfrdmn/apprise-go/apprise/email.go:69.54,71.3 1 2
github.com/scttfrdmn/apprise-go/apprise/email.go:72.2,72.55 1 10
github.com/scttfrdmn/apprise-go/apprise/email.go:72.55,74.3 1 0
github.com/scttfrdmn/apprise-go/apprise/email.go:75.2,76.12 2 10
github.com/scttfrdmn/apprise-go/apprise/email.go:79.63,80.69 1 16
github.com/scttfrdmn/apprise-go/apprise/email.go:80.69,82.3 1 2
github.com/scttfrdmn/apprise-go/apprise/email.go:83.2,84.12 2 14
github.com/scttfrdmn/apprise-go/apprise/email.go:87.61,89.22 2 14
github.com/scttfrdmn/apprise-go/apprise/email.go:89.22,91.3 1 2
github.com/scttfrdmn/apprise-go/apprise/email.go:93.2,94.19 2 12
github.com/scttfrdmn/apprise-go/apprise/email.go:94.19,96.17 2 4
github.com/scttfrdmn/apprise-go/apprise/email.go:96.17,98.4 1 0
github.com/scttfrdmn/apprise-go/apprise/email.go:99.3,99.20 1 4
github.com/scttfrdmn/apprise-go/apprise/email.go:100.8,101.15 1 8
github.com/scttfrdmn/apprise-go/apprise/email.go:101.15,103.4 1 1
github.com/scttfrdmn/apprise-go/apprise/email.go:103.9,105.4 1 7
github.com/scttfrdmn/apprise-go/apprise/email.go:107.2,107.12 1 12
github.com/scttfrdmn/apprise-go/apprise/email.go:110.68,111.28 1 12
github.com/scttfrdmn/apprise-go/apprise/email.go:111.28,113.71 2 12
github.com/scttfrdmn/apprise-go/apprise/email.go:113.71,115.4 1 11
github.com/scttfrdmn/apprise-go/apprise/email.go:117.2,117.12 1 12
github.com/scttfrdmn/apprise-go/apprise/email.go:120.67,122.33 2 12
github.com/scttfrdmn/apprise-go/apprise/email.go:122.33,123.41 1 13
github.com/scttfrdmn/apprise-go/apprise/email.go:123.41,125.4 1 11
github.com/scttfrdmn/apprise-go/apprise/email.go:128.2,128.26 1 12
github.com/scttfrdmn/apprise-go/apprise/email.go:128.26,130.3 1 2
github.com/scttfrdmn/apprise-go/apprise/email.go:131.2,131.12 1 10
github.com/scttfrdmn/apprise-go/apprise/email.go:134.68,137.67 2 10
github.com/scttfrdmn/apprise-go/apprise/email.go:137.67,139.3 1 1
github.com/scttfrdmn/apprise-go/apprise/email.go:140.2,140.51 1 10
github.com/scttfrdmn/apprise-go/apprise/email.go:140.51,142.3 1 0
github.com/scttfrdmn/apprise-go/apprise/email.go:144.2,147.52 3 10
github.com/scttfrdmn/apprise-go/apprise/email.go:147.52,149.3 1 1
github.com/scttfrdmn/apprise-go/apprise/email.go:150.2,150.89 1 10
github.com/scttfrdmn/apprise-go/apprise/email.go:150.89,152.3 1 1
github.com/scttfrdmn/apprise-go/apprise/email.go:153.2,153.69 1 10
github.com/scttfrdmn/apprise-go/apprise/email.go:153.69,155.3 1 1
github.com/scttfrdmn/apprise-go/apprise/email.go:156.2,156.12 1 10
github.com/scttfrdmn/apprise-go/apprise/email.go:159.74,160.20 1 20
github.com/scttfrdmn/apprise-go/apprise/email.go:160.20,162.3 1 18
github.com/scttfrdmn/apprise-go/apprise/email.go:163.2,164.31 2 2
github.com/scttfrdmn/apprise-go/apprise/email.go:164.31,166.28 2 2
github.com/scttfrdmn/apprise-go/apprise/email.go:166.28,168.4 1 2
github.com/scttfrdmn/apprise-go/apprise/email.go:172.38,173.43 1 10
github.com/scttfrdmn/apprise-go/apprise/email.go:173.43,175.3 1 6
github.com/scttfrdmn/apprise-go/apprise/email.go:179.81,182.16 2 1
github.com/scttfrdmn/apprise-go/apprise/email.go:182.16,184.3 1 0
github.com/scttfrdmn/apprise-go/apprise/email.go:187.2,194.16 6 1
github.com/scttfrdmn/apprise-go/apprise/email.go:194.16,196.3 1 1
github.com/scttfrdmn/apprise-go/apprise/email.go:197.2,197.15 1 0
github.com/scttfrdmn/apprise-go/apprise/email.go:197.15,197.37 1 0
github.com/scttfrdmn/apprise-go/apprise/email.go:200.2,200.42 1 0
github.com/scttfrdmn/apprise-go/apprise/email.go:200.42,202.43 2 0
github.com/scttfrdmn/apprise-go/apprise/email.go:202.43,204.4 1 0
github.com/scttfrdmn/apprise-go/apprise/email.go:208.2,208.49 1 0
github.com/scttfrdmn/apprise-go/apprise/email.go:208.49,210.3 1 0
github.com/scttfrdmn/apprise-go/apprise/email.go:213.2,213.42 1 0
github.com/scttfrdmn/apprise-go/apprise/email.go:213.42,214.48 1 0
github.com/scttfrdmn/apprise-go/apprise/email.go:214.48,216.4 1 0
github.com/scttfrdmn/apprise-go/apprise/email.go:220.2,221.16 2 0
github.com/scttfrdmn/apprise-go/apprise/email.go:221.16,223.3 1 0
github.com/scttfrdmn/apprise-go/apprise/email.go:225.2,225.57 1 0
github.com/scttfrdmn/apprise-go/apprise/email.go:225.57,227.3 1 0
github.com/scttfrdmn/apprise-go/apprise/email.go:229.2,229.39 1 0
github.com/scttfrdmn/apprise-go/apprise/email.go:229.39,231.3 1 0
github.com/scttfrdmn/apprise-go/apprise/email.go:233.2,233.12 1 0
github.com/scttfrdmn/apprise-go/apprise/email.go:237.79,243.14 4 1
github.com/scttfrdmn/apprise-go/apprise/email.go:243.14,252.3 3 0
github.com/scttfrdmn/apprise-go/apprise/email.go:252.8,256.3 2 1
github.com/scttfrdmn/apprise-go/apprise/email.go:258.2,258.16 1 1
github.com/scttfrdmn/apprise-go/apprise/email.go:258.16,260.3 1 1
github.com/scttfrdmn/apprise-go/apprise/email.go:262.2,263.16 2 0
github.com/scttfrdmn/apprise-go/apprise/email.go:263.16,266.3 2 0
github.com/scttfrdmn/apprise-go/apprise/email.go:269.2,269.32 1 0
github.com/scttfrdmn/apprise-go/apprise/email.go:269.32,275.52 2 0
github.com/scttfrdmn/apprise-go/apprise/email.go:275.52,278.4 2 0
github.com/scttfrdmn/apprise-go/apprise/email.go:281.2,281.20 1 0
github.com/scttfrdmn/apprise-go/apprise/email.go:285.79,290.22 3 1
github.com/scttfrdmn/apprise-go/apprise/email.go:290.22,292.3 1 0
github.com/scttfrdmn/apprise-go/apprise/email.go:293.2,299.25 3 1
github.com/scttfrdmn/apprise-go/apprise/email.go:299.25,301.3 1 0
github.com/scttfrdmn/apprise-go/apprise/email.go:304.2,305.38 2 1
github.com/scttfrdmn/apprise-go/apprise/email.go:305.38,307.3 1 1
github.com/scttfrdmn/apprise-go/apprise/email.go:308.2,308.19 1 1
github.com/scttfrdmn/apprise-go/apprise/email.go:308.19,310.3 1 0
github.com/scttfrdmn/apprise-go/apprise/email.go:311.2,318.30 4 1
github.com/scttfrdmn/apprise-go/apprise/email.go:318.30,320.3 1 0
github.com/scttfrdmn/apprise-go/apprise/email.go:321.2,333.30 7 1
github.com/scttfrdmn/apprise-go/apprise/email.go:337.107,340.22 2 3
github.com/scttfrdmn/apprise-go/apprise/email.go:340.22,344.18 2 1
github.com/scttfrdmn/apprise-go/apprise/email.go:344.18,347.4 2 1
github.com/scttfrdmn/apprise-go/apprise/email.go:349.3,349.17 1 1
github.com/scttfrdmn/apprise-go/apprise/email.go:349.17,353.4 2 1
github.com/scttfrdmn/apprise-go/apprise/email.go:355.3,356.43 2 1
github.com/scttfrdmn/apprise-go/apprise/email.go:357.8,359.18 1 2
github.com/scttfrdmn/apprise-go/apprise/email.go:359.18,362.4 2 2
github.com/scttfrdmn/apprise-go/apprise/email.go:364.3,364.17 1 2
github.com/scttfrdmn/apprise-go/apprise/email.go:364.17,366.4 1 2
github.com/scttfrdmn/apprise-go/apprise/email.go:368.3,368.95 1 2
github.com/scttfrdmn/apprise-go/apprise/email.go:371.2,371.24 1 3
github.com/scttfrdmn/apprise-go/apprise/email.go:375.76,376.20 1 7
github.com/scttfrdmn/apprise-go/apprise/email.go:377.25,378.15 1 1
github.com/scttfrdmn/apprise-go/apprise/email.go:379.25,380.18 1 1
github.com/scttfrdmn/apprise-go/apprise/email.go:381.23,382.15 1 1
github.com/scttfrdmn/apprise-go/apprise/email.go:383.22,384.18 1 4
github.com/scttfrdmn/apprise-go/apprise/email.go:385.10,386.16 1 0
github.com/scttfrdmn/apprise-go/apprise/email.go:391.56,394.2 2 21
github.com/scttfrdmn/apprise-go/apprise/email.go:397.57,399.16 2 7
github.com/scttfrdmn/apprise-go/apprise/email.go:399.16,401.3 1 0
github.com/scttfrdmn/apprise-go/apprise/email.go:403.2,403.30 1 7
github.com/scttfrdmn/apprise-go/apprise/email.go:407.51,409.2 1 1
github.com/scttfrdmn/apprise-go/apprise/email.go:412.47,414.2 1 1
github.com/scttfrdmn/apprise-go/apprise/msteams.go:28.34,34.2 1 18
github.com/scttfrdmn/apprise-go/apprise/msteams.go:37.48,39.2 1 1
github.com/scttfrdmn/apprise-go/apprise/msteams.go:42.47,44.2 1 1
github.com/scttfrdmn/apprise-go/apprise/msteams.go:50.62,51.36 1 12
github.com/scttfrdmn/apprise-go/apprise/msteams.go:51.36,53.3 1 2
github.com/scttfrdmn/apprise-go/apprise/msteams.go:56.2,59.27 2 10
github.com/scttfrdmn/apprise-go/apprise/msteams.go:59.27,64.25 3 7
github.com/scttfrdmn/apprise-go/apprise/msteams.go:64.25,66.4 1 2
github.com/scttfrdmn/apprise-go/apprise/msteams.go:68.3,73.48 4 5
github.com/scttfrdmn/apprise-go/apprise/msteams.go:73.48,76.4 2 2
github.com/scttfrdmn/apprise-go/apprise/msteams.go:78.8,82.25 2 3
github.com/scttfrdmn/apprise-go/apprise/msteams.go:82.25,84.4 1 1
github.com/scttfrdmn/apprise-go/apprise/msteams.go:86.3,88.26 3 2
github.com/scttfrdmn/apprise-go/apprise/msteams.go:92.2,96.60 3 7
github.com/scttfrdmn/apprise-go/apprise/msteams.go:96.60,98.3 1 1
github.com/scttfrdmn/apprise-go/apprise/msteams.go:100.2,100.12 1 7
github.com/scttfrdmn/apprise-go/apprise/msteams.go:104.51,105.19 1 10
github.com/scttfrdmn/apprise-go/apprise/msteams.go:106.9,109.33 1 3
github.com/scttfrdmn/apprise-go/apprise/msteams.go:110.9,113.45 1 4
github.com/scttfrdmn/apprise-go/apprise/msteams.go:114.9,117.55 1 3
github.com/scttfrdmn/apprise-go/apprise/msteams.go:118.10,119.12 1 0
github.com/scttfrdmn/apprise-go/apprise/msteams.go:156.83,168.16 3 1
github.com/scttfrdmn/apprise-go/apprise/msteams.go:168.16,170.3 1 0
github.com/scttfrdmn/apprise-go/apprise/msteams.go:173.2,174.16 2 1
github.com/scttfrdmn/apprise-go/apprise/msteams.go:174.16,176.3 1 0
github.com/scttfrdmn/apprise-go/apprise/msteams.go:178.2,183.16 4 1
github.com/scttfrdmn/apprise-go/apprise/msteams.go:183.16,185.3 1 1
github.com/scttfrdmn/apprise-go/apprise/msteams.go:186.2,186.15 1 0
github.com/scttfrdmn/apprise-go/apprise/msteams.go:186.15,186.40 1 0
github.com/scttfrdmn/apprise-go/apprise/msteams.go:189.2,189.53 1 0
github.com/scttfrdmn/apprise-go/apprise/msteams.go:189.53,192.3 2 0
github.com/scttfrdmn/apprise-go/apprise/msteams.go:195.2,196.44 2 0
github.com/scttfrdmn/apprise-go/apprise/msteams.go:196.44,198.3 1 0
github.com/scttfrdmn/apprise-go/apprise/msteams.go:200.2,200.12 1 0
github.com/scttfrdmn/apprise-go/apprise/msteams.go:204.80,210.21 2 1
github.com/scttfrdmn/apprise-go/apprise/msteams.go:210.21,212.3 1 1
github.com/scttfrdmn/apprise-go/apprise/msteams.go:215.2,215.20 1 1
github.com/scttfrdmn/apprise-go/apprise/msteams.go:215.20,217.3 1 1
github.com/scttfrdmn/apprise-go/apprise/msteams.go:219.2,219.16 1 1
github.com/scttfrdmn/apprise-go/apprise/msteams.go:223.67,224.17 1 4
github.com/scttfrdmn/apprise-go/apprise/msteams.go:224.17,226.3 1 2
github.com/scttfrdmn/apprise-go/apprise/msteams.go:229.2,230.35 2 2
github.com/scttfrdmn/apprise-go/apprise/msteams.go:230.35,232.3 1 1
github.com/scttfrdmn/apprise-go/apprise/msteams.go:234.2,234.40 1 1
github.com/scttfrdmn/apprise-go/apprise/msteams.go:238.78,239.20 1 5
github.com/scttfrdmn/apprise-go/apprise/msteams.go:240.25,241.18 1 1
github.com/scttfrdmn/apprise-go/apprise/msteams.go:242.25,243.18 1 1
github.com/scttfrdmn/apprise-go/apprise/msteams.go:244.23,245.18 1 1
github.com/scttfrdmn/apprise-go/apprise/msteams.go:246.22,247.14 1 2
github.com/scttfrdmn/apprise-go/apprise/msteams.go:248.10,249.18 1 2
github.com/scttfrdmn/apprise-go/apprise/msteams.go:254.78,258.20 2 5
github.com/scttfrdmn/apprise-go/apprise/msteams.go:259.25,260.68 1 1
github.com/scttfrdmn/apprise-go/apprise/msteams.go:261.25,262.48 1 1
github.com/scttfrdmn/apprise-go/apprise/msteams.go:263.23,264.54 1 1
github.com/scttfrdmn/apprise-go/apprise/msteams.go:265.22,266.14 1 2
github.com/scttfrdmn/apprise-go/apprise/msteams.go:267.10,268.56 1 2
github.com/scttfrdmn/apprise-go/apprise/msteams.go:273.59,275.16 2 5
github.com/scttfrdmn/apprise-go/apprise/msteams.go:275.16,277.3 1 0
github.com/scttfrdmn/apprise-go/apprise/msteams.go:279.2,279.30 1 5
github.com/scttfrdmn/apprise-go/apprise/msteams.go:283.53,285.2 1 1
github.com/scttfrdmn/apprise-go/apprise/msteams.go:288.49,290.2 1 1
github.com/scttfrdmn/apprise-go/apprise/pushbullet.go:24.37,28.2 1 20
github.com/scttfrdmn/apprise-go/apprise/pushbullet.go:31.51,33.2 1 1
github.com/scttfrdmn/apprise-go/apprise/pushbullet.go:36.50,38.2 1 1
github.com/scttfrdmn/apprise-go/apprise/pushbullet.go:45.65,46.60 1 21
github.com/scttfrdmn/apprise-go/apprise/pushbullet.go:46.60,48.3 1 2
github.com/scttfrdmn/apprise-go/apprise/pushbullet.go:49.2,49.55 1 19
github.com/scttfrdmn/apprise-go/apprise/pushbullet.go:49.55,51.3 1 3
github.com/scttfrdmn/apprise-go/apprise/pushbullet.go:52.2,52.55 1 16
github.com/scttfrdmn/apprise-go/apprise/pushbullet.go:52.55,54.3 1 0
github.com/scttfrdmn/apprise-go/apprise/pushbullet.go:55.2,55.56 1 16
github.com/scttfrdmn/apprise-go/apprise/pushbullet.go:55.56,57.3 1 0
github.com/scttfrdmn/apprise-go/apprise/pushbullet.go:58.2,58.59 1 16
github.com/scttfrdmn/apprise-go/apprise/pushbullet.go:58.59,60.3 1 0
github.com/scttfrdmn/apprise-go/apprise/pushbullet.go:61.2,61.12 1 16
github.com/scttfrdmn/apprise-go/apprise/pushbullet.go:64.65,65.49 1 21
github.com/scttfrdmn/apprise-go/apprise/pushbullet.go:65.49,67.3 1 2
github.com/scttfrdmn/apprise-go/apprise/pushbullet.go:68.2,68.12 1 19
github.com/scttfrdmn/apprise-go/apprise/pushbullet.go:71.73,73.25 2 19
github.com/scttfrdmn/apprise-go/apprise/pushbullet.go:73.25,75.3 1 3
github.com/scttfrdmn/apprise-go/apprise/pushbullet.go:76.2,76.12 1 16
github.com/scttfrdmn/apprise-go/apprise/pushbullet.go:79.73,80.27 1 16
github.com/scttfrdmn/apprise-go/apprise/pushbullet.go:80.27,82.3 1 5
github.com/scttfrdmn/apprise-go/apprise/pushbullet.go:84.2,85.33 2 11
github.com/scttfrdmn/apprise-go/apprise/pushbullet.go:85.33,86.17 1 14
github.com/scttfrdmn/apprise-go/apprise/pushbullet.go:86.17,88.4 1 11
github.com/scttfrdmn/apprise-go/apprise/pushbullet.go:90.2,90.12 1 11
github.com/scttfrdmn/apprise-go/apprise/pushbullet.go:93.74,101.2 5 16
github.com/scttfrdmn/apprise-go/apprise/pushbullet.go:103.82,104.17 1 48
github.com/scttfrdmn/apprise-go/apprise/pushbullet.go:104.17,106.3 1 45
github.com/scttfrdmn/apprise-go/apprise/pushbullet.go:108.2,109.29 2 3
github.com/scttfrdmn/apprise-go/apprise/pushbullet.go:109.29,111.17 2 6
github.com/scttfrdmn/apprise-go/apprise/pushbullet.go:111.17,112.12 1 0
github.com/scttfrdmn/apprise-go/apprise/pushbullet.go:115.3,115.21 1 6
github.com/scttfrdmn/apprise-go/apprise/pushbullet.go:116.17,117.39 1 2
github.com/scttfrdmn/apprise-go/apprise/pushbullet.go:118.16,119.35 1 2
github.com/scttfrdmn/apprise-go/apprise/pushbullet.go:119.35,121.5 1 2
github.com/scttfrdmn/apprise-go/apprise/pushbullet.go:122.18,123.41 1 2
github.com/scttfrdmn/apprise-go/apprise/pushbullet.go:128.77,129.31 1 16
github.com/scttfrdmn/apprise-go/apprise/pushbullet.go:129.31,131.3 1 12
github.com/scttfrdmn/apprise-go/apprise/pushbullet.go:133.2,134.37 2 4
github.com/scttfrdmn/apprise-go/apprise/pushbullet.go:134.37,135.17 1 5
github.com/scttfrdmn/apprise-go/apprise/pushbullet.go:135.17,136.12 1 0
github.com/scttfrdmn/apprise-go/apprise/pushbullet.go:139.3,139.34 1 5
github.com/scttfrdmn/apprise-go/apprise/pushbullet.go:139.34,141.4 1 0
github.com/scttfrdmn/apprise-go/apprise/pushbullet.go:141.9,141.37 1 5
github.com/scttfrdmn/apprise-go/apprise/pushbullet.go:141.37,144.4 1 3
github.com/scttfrdmn/apprise-go/apprise/pushbullet.go:144.9,146.14 1 2
github.com/scttfrdmn/apprise-go/apprise/pushbullet.go:146.14,148.5 1 1
github.com/scttfrdmn/apprise-go/apprise/pushbullet.go:148.10,150.5 1 1
github.com/scttfrdmn/apprise-go/apprise/pushbullet.go:153.2,153.12 1 4
github.com/scttfrdmn/apprise-go/apprise/pushbullet.go:156.52,157.33 1 11
github.com/scttfrdmn/apprise-go/apprise/pushbullet.go:157.33,159.3 1 5
github.com/scttfrdmn/apprise-go/apprise/pushbullet.go:159.8,159.41 1 6
github.com/scttfrdmn/apprise-go/apprise/pushbullet.go:159.41,161.3 1 0
github.com/scttfrdmn/apprise-go/apprise/pushbullet.go:161.8,163.3 1 6
github.com/scttfrdmn/apprise-go/apprise/pushbullet.go:201.86,205.71 2 1
github.com/scttfrdmn/apprise-go/apprise/pushbullet.go:205.71,207.3 1 1
github.com/scttfrdmn/apprise-go/apprise/pushbullet.go:210.2,214.35 3 0
github.com/scttfrdmn/apprise-go/apprise/pushbullet.go:214.35,215.70 1 0
github.com/scttfrdmn/apprise-go/apprise/pushbullet.go:215.70,217.4 1 0
github.com/scttfrdmn/apprise-go/apprise/pushbullet.go:217.9,219.4 1 0
github.com/scttfrdmn/apprise-go/apprise/pushbullet.go:223.2,223.33 1 0
github.com/scttfrdmn/apprise-go/apprise/pushbullet.go:223.33,224.69 1 0
github.com/scttfrdmn/apprise-go/apprise/pushbullet.go:224.69,226.4 1 0
github.com/scttfrdmn/apprise-go/apprise/pushbullet.go:226.9,228.4 1 0
github.com/scttfrdmn/apprise-go/apprise/pushbullet.go:232.2,232.37 1 0
github.com/scttfrdmn/apprise-go/apprise/pushbullet.go:232.37,233.71 1 0
github.com/scttfrdmn/apprise-go/apprise/pushbullet.go:233.71,235.4 1 0
github.com/scttfrdmn/apprise-go/apprise/pushbullet.go:235.9,237.4 1 0
github.com/scttfrdmn/apprise-go/apprise/pushbullet.go:241.2,241.43 1 0
github.com/scttfrdmn/apprise-go/apprise/pushbullet.go:241.43,243.3 1 0
github.com/scttfrdmn/apprise-go/apprise/pushbullet.go:245.2,245.12 1 0
github.com/scttfrdmn/apprise-go/apprise/pushbullet.go:249.136,257.18 2 1
github.com/scttfrdmn/apprise-go/apprise/pushbullet.go:257.18,259.3 1 0
github.com/scttfrdmn/apprise-go/apprise/pushbullet.go:259.8,259.24 1 1
github.com/scttfrdmn/apprise-go/apprise/pushbullet.go:259.24,261.3 1 0
github.com/scttfrdmn/apprise-go/apprise/pushbullet.go:261.8,261.26 1 1
github.com/scttfrdmn/apprise-go/apprise/pushbullet.go:261.26,263.3 1 0
github.com/scttfrdmn/apprise-go/apprise/pushbullet.go:266.2,267.17 2 1
github.com/scttfrdmn/apprise-go/apprise/pushbullet.go:267.17,268.26 1 1
github.com/scttfrdmn/apprise-go/apprise/pushbullet.go:268.26,270.4 1 1
github.com/scttfrdmn/apprise-go/apprise/pushbullet.go:270.9,272.4 1 0
github.com/scttfrdmn/apprise-go/apprise/pushbullet.go:276.2,277.16 2 1
github.com/scttfrdmn/apprise-go/apprise/pushbullet.go:277.16,279.3 1 0
github.com/scttfrdmn/apprise-go/apprise/pushbullet.go:282.2,283.16 2 1
github.com/scttfrdmn/apprise-go/apprise/pushbullet.go:283.16,285.3 1 0
github.com/scttfrdmn/apprise-go/apprise/pushbullet.go:288.2,294.16 5 1
github.com/scttfrdmn/apprise-go/apprise/pushbullet.go:294.16,296.3 1 0
github.com/scttfrdmn/apprise-go/apprise/pushbullet.go:297.2,297.15 1 1
github.com/scttfrdmn/apprise-go/apprise/pushbullet.go:297.15,297.40 1 1
github.com/scttfrdmn/apprise-go/apprise/pushbullet.go:300.2,301.16 2 1
github.com/scttfrdmn/apprise-go/apprise/pushbullet.go:301.16,303.3 1 0
github.com/scttfrdmn/apprise-go/apprise/pushbullet.go:306.2,307.54 2 1
github.com/scttfrdmn/apprise-go/apprise/pushbullet.go:307.54,309.3 1 0
github.com/scttfrdmn/apprise-go/apprise/pushbullet.go:312.2,312.25 1 1
github.com/scttfrdmn/apprise-go/apprise/pushbullet.go:312.25,314.3 1 1
github.com/scttfrdmn/apprise-go/apprise/pushbullet.go:316.2,316.53 1 0
github.com/scttfrdmn/apprise-go/apprise/pushbullet.go:316.53,318.3 1 0
github.com/scttfrdmn/apprise-go/apprise/pushbullet.go:320.2,320.12 1 0
github.com/scttfrdmn/apprise-go/apprise/pushbullet.go:324.81,325.20 1 1
github.com/scttfrdmn/apprise-go/apprise/pushbullet.go:326.25,327.15 1 0
github.com/scttfrdmn/apprise-go/apprise/pushbullet.go:328.25,329.18 1 0
github.com/scttfrdmn/apprise-go/apprise/pushbullet.go:330.23,331.15 1 0
github.com/scttfrdmn/apprise-go/apprise/pushbullet.go:332.22,333.18 1 1
github.com/scttfrdmn/apprise-go/apprise/pushbullet.go:334.10,335.12 1 0
github.com/scttfrdmn/apprise-go/apprise/pushbullet.go:340.62,342.16 2 6
github.com/scttfrdmn/apprise-go/apprise/pushbullet.go:342.16,344.3 1 0
github.com/scttfrdmn/apprise-go/apprise/pushbullet.go:346.2,346.30 1 6
github.com/scttfrdmn/apprise-go/apprise/pushbullet.go:350.56,352.2 1 1
github.com/scttfrdmn/apprise-go/apprise/pushbullet.go:355.52,357.2 1 1
github.com/scttfrdmn/apprise-go/apprise/pushover.go:28.35,34.2 1 27
github.com/scttfrdmn/apprise-go/apprise/pushover.go:37.49,39.2 1 5
github.com/scttfrdmn/apprise-go/apprise/pushover.go:42.48,44.2 1 1
github.com/scttfrdmn/apprise-go/apprise/pushover.go:49.63,50.60 1 27
github.com/scttfrdmn/apprise-go/apprise/pushover.go:50.60,52.3 1 2
github.com/scttfrdmn/apprise-go/apprise/pushover.go:53.2,53.55 1 25
github.com/scttfrdmn/apprise-go/apprise/pushover.go:53.55,55.3 1 5
github.com/scttfrdmn/apprise-go/apprise/pushover.go:56.2,56.51 1 20
github.com/scttfrdmn/apprise-go/apprise/pushover.go:56.51,58.3 1 0
github.com/scttfrdmn/apprise-go/apprise/pushover.go:59.2,59.55 1 20
github.com/scttfrdmn/apprise-go/apprise/pushover.go:59.55,61.3 1 0
github.com/scttfrdmn/apprise-go/apprise/pushover.go:62.2,63.12 2 20
github.com/scttfrdmn/apprise-go/apprise/pushover.go:66.63,67.47 1 27
github.com/scttfrdmn/apprise-go/apprise/pushover.go:67.47,69.3 1 2
github.com/scttfrdmn/apprise-go/apprise/pushover.go:70.2,70.12 1 25
github.com/scttfrdmn/apprise-go/apprise/pushover.go:73.71,74.28 1 25
github.com/scttfrdmn/apprise-go/apprise/pushover.go:74.28,76.3 1 1
github.com/scttfrdmn/apprise-go/apprise/pushover.go:78.2,79.70 2 24
github.com/scttfrdmn/apprise-go/apprise/pushover.go:79.70,82.3 1 0
github.com/scttfrdmn/apprise-go/apprise/pushover.go:82.8,85.3 1 24
github.com/scttfrdmn/apprise-go/apprise/pushover.go:87.2,87.38 1 24
github.com/scttfrdmn/apprise-go/apprise/pushover.go:87.38,89.3 1 4
github.com/scttfrdmn/apprise-go/apprise/pushover.go:90.2,90.12 1 20
github.com/scttfrdmn/apprise-go/apprise/pushover.go:93.67,94.27 1 20
github.com/scttfrdmn/apprise-go/apprise/pushover.go:94.27,96.3 1 16
github.com/scttfrdmn/apprise-go/apprise/pushover.go:98.2,99.33 2 4
github.com/scttfrdmn/apprise-go/apprise/pushover.go:99.33,100.17 1 7
github.com/scttfrdmn/apprise-go/apprise/pushover.go:100.17,102.4 1 7
github.com/scttfrdmn/apprise-go/apprise/pushover.go:104.2,104.12 1 4
github.com/scttfrdmn/apprise-go/apprise/pushover.go:107.71,116.2 6 20
github.com/scttfrdmn/apprise-go/apprise/pushover.go:118.58,119.20 1 20
github.com/scttfrdmn/apprise-go/apprise/pushover.go:119.20,121.3 1 9
github.com/scttfrdmn/apprise-go/apprise/pushover.go:122.2,122.80 1 11
github.com/scttfrdmn/apprise-go/apprise/pushover.go:122.80,124.3 1 9
github.com/scttfrdmn/apprise-go/apprise/pushover.go:127.52,128.17 1 20
github.com/scttfrdmn/apprise-go/apprise/pushover.go:128.17,130.3 1 2
github.com/scttfrdmn/apprise-go/apprise/pushover.go:133.52,134.36 1 20
github.com/scttfrdmn/apprise-go/apprise/pushover.go:134.36,136.3 1 19
github.com/scttfrdmn/apprise-go/apprise/pushover.go:137.2,137.58 1 1
github.com/scttfrdmn/apprise-go/apprise/pushover.go:137.58,139.3 1 1
github.com/scttfrdmn/apprise-go/apprise/pushover.go:139.8,141.3 1 0
github.com/scttfrdmn/apprise-go/apprise/pushover.go:144.54,145.37 1 20
github.com/scttfrdmn/apprise-go/apprise/pushover.go:145.37,147.3 1 19
github.com/scttfrdmn/apprise-go/apprise/pushover.go:148.2,148.62 1 1
github.com/scttfrdmn/apprise-go/apprise/pushover.go:148.62,150.3 1 1
github.com/scttfrdmn/apprise-go/apprise/pushover.go:150.8,152.3 1 0
github.com/scttfrdmn/apprise-go/apprise/pushover.go:155.50,156.21 1 20
github.com/scttfrdmn/apprise-go/apprise/pushover.go:156.21,158.3 1 17
github.com/scttfrdmn/apprise-go/apprise/pushover.go:159.2,159.18 1 3
github.com/scttfrdmn/apprise-go/apprise/pushover.go:159.18,161.3 1 2
github.com/scttfrdmn/apprise-go/apprise/pushover.go:162.2,162.19 1 3
github.com/scttfrdmn/apprise-go/apprise/pushover.go:162.19,164.3 1 2
github.com/scttfrdmn/apprise-go/apprise/pushover.go:191.84,195.25 2 2
github.com/scttfrdmn/apprise-go/apprise/pushover.go:195.25,197.3 1 2
github.com/scttfrdmn/apprise-go/apprise/pushover.go:200.2,203.35 3 0
github.com/scttfrdmn/apprise-go/apprise/pushover.go:203.35,204.66 1 0
github.com/scttfrdmn/apprise-go/apprise/pushover.go:204.66,206.4 1 0
github.com/scttfrdmn/apprise-go/apprise/pushover.go:206.9,208.4 1 0
github.com/scttfrdmn/apprise-go/apprise/pushover.go:212.2,212.43 1 0
github.com/scttfrdmn/apprise-go/apprise/pushover.go:212.43,214.3 1 0
github.com/scttfrdmn/apprise-go/apprise/pushover.go:216.2,216.12 1 0
github.com/scttfrdmn/apprise-go/apprise/pushover.go:220.115,232.21 2 2
github.com/scttfrdmn/apprise-go/apprise/pushover.go:232.21,235.3 2 0
github.com/scttfrdmn/apprise-go/apprise/pushover.go:238.2,239.40 2 2
github.com/scttfrdmn/apprise-go/apprise/pushover.go:239.40,241.3 1 2
github.com/scttfrdmn/apprise-go/apprise/pushover.go:241.8,241.47 1 0
github.com/scttfrdmn/apprise-go/apprise/pushover.go:241.47,243.3 1 0
github.com/scttfrdmn/apprise-go/apprise/pushover.go:245.2,246.16 2 2
github.com/scttfrdmn/apprise-go/apprise/pushover.go:246.16,248.3 1 0
github.com/scttfrdmn/apprise-go/apprise/pushover.go:250.2,251.16 2 2
github.com/scttfrdmn/apprise-go/apprise/pushover.go:251.16,253.3 1 0
github.com/scttfrdmn/apprise-go/apprise/pushover.go:255.2,259.16 4 2
github.com/scttfrdmn/apprise-go/apprise/pushover.go:259.16,261.3 1 0
github.com/scttfrdmn/apprise-go/apprise/pushover.go:262.2,262.15 1 2
github.com/scttfrdmn/apprise-go/apprise/pushover.go:262.15,262.40 1 2
github.com/scttfrdmn/apprise-go/apprise/pushover.go:265.2,266.16 2 2
github.com/scttfrdmn/apprise-go/apprise/pushover.go:266.16,268.3 1 0
github.com/scttfrdmn/apprise-go/apprise/pushover.go:270.2,271.54 2 2
github.com/scttfrdmn/apprise-go/apprise/pushover.go:271.54,273.3 1 0
github.com/scttfrdmn/apprise-go/apprise/pushover.go:275.2,275.24 1 2
github.com/scttfrdmn/apprise-go/apprise/pushover.go:275.24,276.29 1 2
github.com/scttfrdmn/apprise-go/apprise/pushover.go:276.29,278.4 1 2
github.com/scttfrdmn/apprise-go/apprise/pushover.go:279.3,279.68 1 0
github.com/scttfrdmn/apprise-go/apprise/pushover.go:282.2,282.12 1 0
github.com/scttfrdmn/apprise-go/apprise/pushover.go:286.79,287.20 1 2
github.com/scttfrdmn/apprise-go/apprise/pushover.go:288.25,289.15 1 0
github.com/scttfrdmn/apprise-go/apprise/pushover.go:290.25,291.18 1 0
github.com/scttfrdmn/apprise-go/apprise/pushover.go:292.23,293.15 1 0
github.com/scttfrdmn/apprise-go/apprise/pushover.go:294.22,295.18 1 2
github.com/scttfrdmn/apprise-go/apprise/pushover.go:296.10,297.12 1 0
github.com/scttfrdmn/apprise-go/apprise/pushover.go:302.60,304.16 2 8
github.com/scttfrdmn/apprise-go/apprise/pushover.go:304.16,306.3 1 0
github.com/scttfrdmn/apprise-go/apprise/pushover.go:308.2,308.30 1 8
github.com/scttfrdmn/apprise-go/apprise/pushover.go:312.54,314.2 1 1
github.com/scttfrdmn/apprise-go/apprise/pushover.go:317.50,319.2 1 1
github.com/scttfrdmn/apprise-go/apprise/slack.go:35.32,39.2 1 16
github.com/scttfrdmn/apprise-go/apprise/slack.go:42.46,44.2 1 4
github.com/scttfrdmn/apprise-go/apprise/slack.go:47.45,49.2 1 1
github.com/scttfrdmn/apprise-go/apprise/slack.go:54.60,55.34 1 17
github.com/scttfrdmn/apprise-go/apprise/slack.go:55.34,57.3 1 2
github.com/scttfrdmn/apprise-go/apprise/slack.go:59.2,62.91 2 15
github.com/scttfrdmn/apprise-go/apprise/slack.go:62.91,71.47 6 2
github.com/scttfrdmn/apprise-go/apprise/slack.go:71.47,73.4 1 0
github.com/scttfrdmn/apprise-go/apprise/slack.go:74.8,74.54 1 13
github.com/scttfrdmn/apprise-go/apprise/slack.go:74.54,79.47 3 9
github.com/scttfrdmn/apprise-go/apprise/slack.go:79.47,81.4 1 4
github.com/scttfrdmn/apprise-go/apprise/slack.go:82.8,84.3 1 4
github.com/scttfrdmn/apprise-go/apprise/slack.go:87.2,88.55 2 11
github.com/scttfrdmn/apprise-go/apprise/slack.go:88.55,90.3 1 1
github.com/scttfrdmn/apprise-go/apprise/slack.go:91.2,91.53 1 11
github.com/scttfrdmn/apprise-go/apprise/slack.go:91.53,93.3 1 0
github.com/scttfrdmn/apprise-go/apprise/slack.go:94.2,94.59 1 11
github.com/scttfrdmn/apprise-go/apprise/slack.go:94.59,96.3 1 1
github.com/scttfrdmn/apprise-go/apprise/slack.go:97.2,97.52 1 11
github.com/scttfrdmn/apprise-go/apprise/slack.go:97.52,99.3 1 0
github.com/scttfrdmn/apprise-go/apprise/slack.go:101.2,101.12 1 11
github.com/scttfrdmn/apprise-go/apprise/slack.go:156.81,157.25 1 2
github.com/scttfrdmn/apprise-go/apprise/slack.go:157.25,159.3 1 0
github.com/scttfrdmn/apprise-go/apprise/slack.go:160.2,160.28 1 2
github.com/scttfrdmn/apprise-go/apprise/slack.go:164.88,175.21 3 0
github.com/scttfrdmn/apprise-go/apprise/slack.go:175.21,183.3 2 0
github.com/scttfrdmn/apprise-go/apprise/slack.go:183.8,185.3 1 0
github.com/scttfrdmn/apprise-go/apprise/slack.go:187.2,187.50 1 0
github.com/scttfrdmn/apprise-go/apprise/slack.go:191.84,202.21 3 2
github.com/scttfrdmn/apprise-go/apprise/slack.go:202.21,210.3 2 2
github.com/scttfrdmn/apprise-go/apprise/slack.go:210.8,212.3 1 0
github.com/scttfrdmn/apprise-go/apprise/slack.go:214.2,215.47 2 2
github.com/scttfrdmn/apprise-go/apprise/slack.go:219.103,221.16 2 0
github.com/scttfrdmn/apprise-go/apprise/slack.go:221.16,223.3 1 0
github.com/scttfrdmn/apprise-go/apprise/slack.go:225.2,226.16 2 0
github.com/scttfrdmn/apprise-go/apprise/slack.go:226.16,228.3 1 0
github.com/scttfrdmn/apprise-go/apprise/slack.go:230.2,234.16 4 0
github.com/scttfrdmn/apprise-go/apprise/slack.go:234.16,236.3 1 0
github.com/scttfrdmn/apprise-go/apprise/slack.go:237.2,237.15 1 0
github.com/scttfrdmn/apprise-go/apprise/slack.go:237.15,237.40 1 0
github.com/scttfrdmn/apprise-go/apprise/slack.go:240.2,240.53 1 0
github.com/scttfrdmn/apprise-go/apprise/slack.go:240.53,243.3 2 0
github.com/scttfrdmn/apprise-go/apprise/slack.go:246.2,247.26 2 0
github.com/scttfrdmn/apprise-go/apprise/slack.go:247.26,249.3 1 0
github.com/scttfrdmn/apprise-go/apprise/slack.go:251.2,251.12 1 0
github.com/scttfrdmn/apprise-go/apprise/slack.go:255.106,257.16 2 2
github.com/scttfrdmn/apprise-go/apprise/slack.go:257.16,259.3 1 0
github.com/scttfrdmn/apprise-go/apprise/slack.go:261.2,262.16 2 2
github.com/scttfrdmn/apprise-go/apprise/slack.go:262.16,264.3 1 0
github.com/scttfrdmn/apprise-go/apprise/slack.go:266.2,271.16 5 2
github.com/scttfrdmn/apprise-go/apprise/slack.go:271.16,273.3 1 0
github.com/scttfrdmn/apprise-go/apprise/slack.go:274.2,274.15 1 2
github.com/scttfrdmn/apprise-go/apprise/slack.go:274.15,274.40 1 2
github.com/scttfrdmn/apprise-go/apprise/slack.go:277.2,283.16 3 2
github.com/scttfrdmn/apprise-go/apprise/slack.go:283.16,285.3 1 0
github.com/scttfrdmn/apprise-go/apprise/slack.go:287.2,287.54 1 2
github.com/scttfrdmn/apprise-go/apprise/slack.go:287.54,289.3 1 0
github.com/scttfrdmn/apprise-go/apprise/slack.go:291.2,291.16 1 2
github.com/scttfrdmn/apprise-go/apprise/slack.go:291.16,293.3 1 2
github.com/scttfrdmn/apprise-go/apprise/slack.go:295.2,295.12 1 0
github.com/scttfrdmn/apprise-go/apprise/slack.go:299.57,301.16 2 9
github.com/scttfrdmn/apprise-go/apprise/slack.go:301.16,303.3 1 0
github.com/scttfrdmn/apprise-go/apprise/slack.go:305.2,305.30 1 9
github.com/scttfrdmn/apprise-go/apprise/slack.go:309.51,311.2 1 1
github.com/scttfrdmn/apprise-go/apprise/slack.go:314.47,316.2 1 1
github.com/scttfrdmn/apprise-go/apprise/slack.go:319.76,320.20 1 6
github.com/scttfrdmn/apprise-go/apprise/slack.go:321.25,322.16 1 1
github.com/scttfrdmn/apprise-go/apprise/slack.go:323.25,324.19 1 1
github.com/scttfrdmn/apprise-go/apprise/slack.go:325.23,326.18 1 1
github.com/scttfrdmn/apprise-go/apprise/slack.go:327.22,328.14 1 3
github.com/scttfrdmn/apprise-go/apprise/slack.go:329.10,330.19 1 3
github.com/scttfrdmn/apprise-go/apprise/telegram.go:27.35,33.2 1 19
github.com/scttfrdmn/apprise-go/apprise/telegram.go:36.49,38.2 1 4
github.com/scttfrdmn/apprise-go/apprise/telegram.go:41.48,43.2 1 1
github.com/scttfrdmn/apprise-go/apprise/telegram.go:48.63,49.69 1 13
github.com/scttfrdmn/apprise-go/apprise/telegram.go:49.69,51.3 1 1
github.com/scttfrdmn/apprise-go/apprise/telegram.go:54.2,55.22 2 12
github.com/scttfrdmn/apprise-go/apprise/telegram.go:55.22,57.29 1 2
github.com/scttfrdmn/apprise-go/apprise/telegram.go:57.29,59.4 1 0
github.com/scttfrdmn/apprise-go/apprise/telegram.go:62.2,62.22 1 12
github.com/scttfrdmn/apprise-go/apprise/telegram.go:62.22,64.3 1 2
github.com/scttfrdmn/apprise-go/apprise/telegram.go:67.2,68.33 2 10
github.com/scttfrdmn/apprise-go/apprise/telegram.go:68.33,69.17 1 13
github.com/scttfrdmn/apprise-go/apprise/telegram.go:69.17,71.4 1 11
github.com/scttfrdmn/apprise-go/apprise/telegram.go:74.2,74.25 1 10
github.com/scttfrdmn/apprise-go/apprise/telegram.go:74.25,76.3 1 2
github.com/scttfrdmn/apprise-go/apprise/telegram.go:79.2,81.49 2 8
github.com/scttfrdmn/apprise-go/apprise/telegram.go:81.49,83.3 1 1
github.com/scttfrdmn/apprise-go/apprise/telegram.go:85.2,85.52 1 8
github.com/scttfrdmn/apprise-go/apprise/telegram.go:85.52,87.3 1 1
github.com/scttfrdmn/apprise-go/apprise/telegram.go:89.2,89.55 1 8
github.com/scttfrdmn/apprise-go/apprise/telegram.go:89.55,90.37 1 2
github.com/scttfrdmn/apprise-go/apprise/telegram.go:91.15,92.24 1 1
github.com/scttfrdmn/apprise-go/apprise/telegram.go:93.25,94.28 1 0
github.com/scttfrdmn/apprise-go/apprise/telegram.go:95.29,96.30 1 1
github.com/scttfrdmn/apprise-go/apprise/telegram.go:97.11,98.20 1 0
github.com/scttfrdmn/apprise-go/apprise/telegram.go:102.2,102.53 1 8
github.com/scttfrdmn/apprise-go/apprise/telegram.go:102.53,104.3 1 0
github.com/scttfrdmn/apprise-go/apprise/telegram.go:106.2,106.12 1 8
github.com/scttfrdmn/apprise-go/apprise/telegram.go:127.84,135.35 4 1
github.com/scttfrdmn/apprise-go/apprise/telegram.go:135.35,136.60 1 1
github.com/scttfrdmn/apprise-go/apprise/telegram.go:136.60,138.4 1 1
github.com/scttfrdmn/apprise-go/apprise/telegram.go:138.9,140.4 1 0
github.com/scttfrdmn/apprise-go/apprise/telegram.go:144.2,144.43 1 1
github.com/scttfrdmn/apprise-go/apprise/telegram.go:144.43,146.3 1 1
github.com/scttfrdmn/apprise-go/apprise/telegram.go:148.2,148.12 1 0
github.com/scttfrdmn/apprise-go/apprise/telegram.go:152.89,165.16 4 1
github.com/scttfrdmn/apprise-go/apprise/telegram.go:165.16,167.3 1 0
github.com/scttfrdmn/apprise-go/apprise/telegram.go:169.2,170.16 2 1
github.com/scttfrdmn/apprise-go/apprise/telegram.go:170.16,172.3 1 0
github.com/scttfrdmn/apprise-go/apprise/telegram.go:174.2,178.16 4 1
github.com/scttfrdmn/apprise-go/apprise/telegram.go:178.16,180.3 1 0
github.com/scttfrdmn/apprise-go/apprise/telegram.go:181.2,181.15 1 1
github.com/scttfrdmn/apprise-go/apprise/telegram.go:181.15,181.40 1 1
github.com/scttfrdmn/apprise-go/apprise/telegram.go:184.2,185.16 2 1
github.com/scttfrdmn/apprise-go/apprise/telegram.go:185.16,187.3 1 0
github.com/scttfrdmn/apprise-go/apprise/telegram.go:189.2,190.54 2 1
github.com/scttfrdmn/apprise-go/apprise/telegram.go:190.54,192.3 1 0
github.com/scttfrdmn/apprise-go/apprise/telegram.go:194.2,194.16 1 1
github.com/scttfrdmn/apprise-go/apprise/telegram.go:194.16,196.3 1 1
github.com/scttfrdmn/apprise-go/apprise/telegram.go:198.2,198.12 1 0
github.com/scttfrdmn/apprise-go/apprise/telegram.go:202.91,207.17 3 5
github.com/scttfrdmn/apprise-go/apprise/telegram.go:207.17,209.3 1 5
github.com/scttfrdmn/apprise-go/apprise/telegram.go:212.2,212.17 1 5
github.com/scttfrdmn/apprise-go/apprise/telegram.go:212.17,213.22 1 4
github.com/scttfrdmn/apprise-go/apprise/telegram.go:214.15,215.58 1 1
github.com/scttfrdmn/apprise-go/apprise/telegram.go:216.19,217.53 1 2
github.com/scttfrdmn/apprise-go/apprise/telegram.go:218.21,221.53 2 0
github.com/scttfrdmn/apprise-go/apprise/telegram.go:222.11,223.51 1 1
github.com/scttfrdmn/apprise-go/apprise/telegram.go:228.2,228.16 1 5
github.com/scttfrdmn/apprise-go/apprise/telegram.go:228.16,229.34 1 5
github.com/scttfrdmn/apprise-go/apprise/telegram.go:229.34,231.4 1 0
github.com/scttfrdmn/apprise-go/apprise/telegram.go:232.3,232.28 1 5
github.com/scttfrdmn/apprise-go/apprise/telegram.go:235.2,235.25 1 5
github.com/scttfrdmn/apprise-go/apprise/telegram.go:239.79,240.20 1 9
github.com/scttfrdmn/apprise-go/apprise/telegram.go:241.25,242.15 1 2
github.com/scttfrdmn/apprise-go/apprise/telegram.go:243.25,244.18 1 2
github.com/scttfrdmn/apprise-go/apprise/telegram.go:245.23,246.15 1 2
github.com/scttfrdmn/apprise-go/apprise/telegram.go:247.22,248.18 1 3
github.com/scttfrdmn/apprise-go/apprise/telegram.go:249.10,250.12 1 0
github.com/scttfrdmn/apprise-go/apprise/telegram.go:255.64,262.36 3 4
github.com/scttfrdmn/apprise-go/apprise/telegram.go:262.36,264.3 1 72
github.com/scttfrdmn/apprise-go/apprise/telegram.go:266.2,266.15 1 4
github.com/scttfrdmn/apprise-go/apprise/telegram.go:270.60,272.16 2 2
github.com/scttfrdmn/apprise-go/apprise/telegram.go:272.16,274.3 1 0
github.com/scttfrdmn/apprise-go/apprise/telegram.go:276.2,276.30 1 2
github.com/scttfrdmn/apprise-go/apprise/telegram.go:280.54,282.2 1 1
github.com/scttfrdmn/apprise-go/apprise/telegram.go:285.50,287.2 1 1
github.com/scttfrdmn/apprise-go/apprise/telegram.go:290.62,296.36 1 7
github.com/scttfrdmn/apprise-go/apprise/telegram.go:296.36,298.3 1 3
github.com/scttfrdmn/apprise-go/apprise/telegram.go:300.2,300.60 1 4
github.com/scttfrdmn/apprise-go/apprise/telegram.go:300.60,302.3 1 2
github.com/scttfrdmn/apprise-go/apprise/telegram.go:304.2,304.14 1 2
github.com/scttfrdmn/apprise-go/apprise/twilio.go:26.33,31.2 1 14
github.com/scttfrdmn/apprise-go/apprise/twilio.go:34.47,36.2 1 1
github.com/scttfrdmn/apprise-go/apprise/twilio.go:39.46,41.2 1 1
github.com/scttfrdmn/apprise-go/apprise/twilio.go:46.61,47.35 1 14
github.com/scttfrdmn/apprise-go/apprise/twilio.go:47.35,49.3 1 2
github.com/scttfrdmn/apprise-go/apprise/twilio.go:52.2,52.28 1 12
github.com/scttfrdmn/apprise-go/apprise/twilio.go:52.28,54.3 1 2
github.com/scttfrdmn/apprise-go/apprise/twilio.go:56.2,57.70 2 10
github.com/scttfrdmn/apprise-go/apprise/twilio.go:57.70,59.3 1 10
github.com/scttfrdmn/apprise-go/apprise/twilio.go:61.2,61.45 1 10
github.com/scttfrdmn/apprise-go/apprise/twilio.go:61.45,63.3 1 0
github.com/scttfrdmn/apprise-go/apprise/twilio.go:66.2,67.23 2 10
github.com/scttfrdmn/apprise-go/apprise/twilio.go:67.23,69.3 1 2
github.com/scttfrdmn/apprise-go/apprise/twilio.go:72.2,72.27 1 8
github.com/scttfrdmn/apprise-go/apprise/twilio.go:72.27,74.34 2 7
github.com/scttfrdmn/apprise-go/apprise/twilio.go:74.34,75.18 1 9
github.com/scttfrdmn/apprise-go/apprise/twilio.go:75.18,77.30 2 9
github.com/scttfrdmn/apprise-go/apprise/twilio.go:77.30,79.6 1 9
github.com/scttfrdmn/apprise-go/apprise/twilio.go:84.2,84.26 1 8
github.com/scttfrdmn/apprise-go/apprise/twilio.go:84.26,86.3 1 1
github.com/scttfrdmn/apprise-go/apprise/twilio.go:89.2,90.49 2 7
github.com/scttfrdmn/apprise-go/apprise/twilio.go:90.49,92.3 1 1
github.com/scttfrdmn/apprise-go/apprise/twilio.go:94.2,94.12 1 7
github.com/scttfrdmn/apprise-go/apprise/twilio.go:98.67,107.54 6 24
github.com/scttfrdmn/apprise-go/apprise/twilio.go:107.54,109.23 1 7
github.com/scttfrdmn/apprise-go/apprise/twilio.go:109.23,111.4 1 1
github.com/scttfrdmn/apprise-go/apprise/twilio.go:111.9,111.63 1 6
github.com/scttfrdmn/apprise-go/apprise/twilio.go:111.63,113.4 1 5
github.com/scttfrdmn/apprise-go/apprise/twilio.go:113.9,116.4 1 1
github.com/scttfrdmn/apprise-go/apprise/twilio.go:119.2,119.14 1 24
github.com/scttfrdmn/apprise-go/apprise/twilio.go:123.82,131.37 4 1
github.com/scttfrdmn/apprise-go/apprise/twilio.go:131.37,133.10 1 1
github.com/scttfrdmn/apprise-go/apprise/twilio.go:134.26,134.26 0 0
github.com/scttfrdmn/apprise-go/apprise/twilio.go:136.21,137.20 1 1
github.com/scttfrdmn/apprise-go/apprise/twilio.go:140.3,140.62 1 0
github.com/scttfrdmn/apprise-go/apprise/twilio.go:140.62,142.4 1 0
github.com/scttfrdmn/apprise-go/apprise/twilio.go:142.9,144.4 1 0
github.com/scttfrdmn/apprise-go/apprise/twilio.go:148.2,148.43 1 0
github.com/scttfrdmn/apprise-go/apprise/twilio.go:148.43,150.3 1 0
github.com/scttfrdmn/apprise-go/apprise/twilio.go:152.2,152.12 1 0
github.com/scttfrdmn/apprise-go/apprise/twilio.go:156.89,168.16 4 0
github.com/scttfrdmn/apprise-go/apprise/twilio.go:168.16,170.3 1 0
github.com/scttfrdmn/apprise-go/apprise/twilio.go:173.2,183.16 7 0
github.com/scttfrdmn/apprise-go/apprise/twilio.go:183.16,185.3 1 0
github.com/scttfrdmn/apprise-go/apprise/twilio.go:186.2,186.15 1 0
github.com/scttfrdmn/apprise-go/apprise/twilio.go:186.15,186.40 1 0
github.com/scttfrdmn/apprise-go/apprise/twilio.go:189.2,190.16 2 0
github.com/scttfrdmn/apprise-go/apprise/twilio.go:190.16,192.3 1 0
github.com/scttfrdmn/apprise-go/apprise/twilio.go:195.2,195.53 1 0
github.com/scttfrdmn/apprise-go/apprise/twilio.go:195.53,197.3 1 0
github.com/scttfrdmn/apprise-go/apprise/twilio.go:199.2,199.12 1 0
github.com/scttfrdmn/apprise-go/apprise/twilio.go:203.69,206.17 2 1
github.com/scttfrdmn/apprise-go/apprise/twilio.go:206.17,208.17 2 1
github.com/scttfrdmn/apprise-go/apprise/twilio.go:208.17,210.4 1 1
github.com/scttfrdmn/apprise-go/apprise/twilio.go:213.2,213.16 1 1
github.com/scttfrdmn/apprise-go/apprise/twilio.go:213.16,215.3 1 1
github.com/scttfrdmn/apprise-go/apprise/twilio.go:217.2,217.25 1 1
github.com/scttfrdmn/apprise-go/apprise/twilio.go:221.58,223.16 2 6
github.com/scttfrdmn/apprise-go/apprise/twilio.go:223.16,225.3 1 0
github.com/scttfrdmn/apprise-go/apprise/twilio.go:227.2,227.30 1 6
github.com/scttfrdmn/apprise-go/apprise/twilio.go:231.52,233.2 1 1
github.com/scttfrdmn/apprise-go/apprise/twilio.go:236.48,238.2 1 1
github.com/scttfrdmn/apprise-go/apprise/version.go:30.35,39.2 1 2
github.com/scttfrdmn/apprise-go/apprise/version.go:42.26,44.2 1 1
github.com/scttfrdmn/apprise-go/apprise/version.go:47.34,49.2 1 1
github.com/scttfrdmn/apprise-go/apprise/version.go:52.28,55.2 1 22
github.com/scttfrdmn/apprise-go/apprise/version.go:58.38,61.2 1 1
github.com/scttfrdmn/apprise-go/apprise/webhook.go:32.34,40.2 1 23
github.com/scttfrdmn/apprise-go/apprise/webhook.go:43.31,52.2 2 1
github.com/scttfrdmn/apprise-go/apprise/webhook.go:55.48,57.2 1 18
github.com/scttfrdmn/apprise-go/apprise/webhook.go:60.45,62.2 1 1
github.com/scttfrdmn/apprise-go/apprise/webhook.go:65.47,67.2 1 1
github.com/scttfrdmn/apprise-go/apprise/webhook.go:70.44,72.2 1 0
github.com/scttfrdmn/apprise-go/apprise/webhook.go:78.62,80.69 2 22
github.com/scttfrdmn/apprise-go/apprise/webhook.go:80.69,82.3 1 3
github.com/scttfrdmn/apprise-go/apprise/webhook.go:85.2,88.14 2 19
github.com/scttfrdmn/apprise-go/apprise/webhook.go:88.14,90.3 1 5
github.com/scttfrdmn/apprise-go/apprise/webhook.go:90.8,92.3 1 14
github.com/scttfrdmn/apprise-go/apprise/webhook.go:95.2,97.49 2 19
github.com/scttfrdmn/apprise-go/apprise/webhook.go:97.49,99.3 1 1
github.com/scttfrdmn/apprise-go/apprise/webhook.go:101.2,101.65 1 19
github.com/scttfrdmn/apprise-go/apprise/webhook.go:101.65,103.3 1 1
github.com/scttfrdmn/apprise-go/apprise/webhook.go:105.2,105.55 1 19
github.com/scttfrdmn/apprise-go/apprise/webhook.go:105.55,107.3 1 0
github.com/scttfrdmn/apprise-go/apprise/webhook.go:110.2,110.33 1 19
github.com/scttfrdmn/apprise-go/apprise/webhook.go:110.33,111.59 1 3
github.com/scttfrdmn/apprise-go/apprise/webhook.go:111.59,114.4 2 1
github.com/scttfrdmn/apprise-go/apprise/webhook.go:118.2,118.28 1 19
github.com/scttfrdmn/apprise-go/apprise/webhook.go:118.28,120.71 2 2
github.com/scttfrdmn/apprise-go/apprise/webhook.go:120.71,124.4 1 1
github.com/scttfrdmn/apprise-go/apprise/webhook.go:124.9,127.4 1 1
github.com/scttfrdmn/apprise-go/apprise/webhook.go:130.2,130.12 1 19
github.com/scttfrdmn/apprise-go/apprise/webhook.go:134.59,136.2 1 0
github.com/scttfrdmn/apprise-go/apprise/webhook.go:149.83,152.16 2 8
github.com/scttfrdmn/apprise-go/apprise/webhook.go:152.16,154.3 1 0
github.com/scttfrdmn/apprise-go/apprise/webhook.go:157.2,158.16 2 8
github.com/scttfrdmn/apprise-go/apprise/webhook.go:158.16,160.3 1 0
github.com/scttfrdmn/apprise-go/apprise/webhook.go:163.2,166.36 3 8
github.com/scttfrdmn/apprise-go/apprise/webhook.go:166.36,168.3 1 0
github.com/scttfrdmn/apprise-go/apprise/webhook.go:171.2,175.16 3 8
github.com/scttfrdmn/apprise-go/apprise/webhook.go:175.16,177.3 1 7
github.com/scttfrdmn/apprise-go/apprise/webhook.go:178.2,178.15 1 1
github.com/scttfrdmn/apprise-go/apprise/webhook.go:178.15,178.40 1 1
github.com/scttfrdmn/apprise-go/apprise/webhook.go:181.2,181.53 1 1
github.com/scttfrdmn/apprise-go/apprise/webhook.go:181.53,184.3 2 1
github.com/scttfrdmn/apprise-go/apprise/webhook.go:186.2,186.12 1 0
github.com/scttfrdmn/apprise-go/apprise/webhook.go:190.80,192.2 1 0
github.com/scttfrdmn/apprise-go/apprise/webhook.go:195.84,196.22 1 8
github.com/scttfrdmn/apprise-go/apprise/webhook.go:196.22,199.3 1 0
github.com/scttfrdmn/apprise-go/apprise/webhook.go:201.2,201.23 1 8
github.com/scttfrdmn/apprise-go/apprise/webhook.go:202.26,203.34 1 8
github.com/scttfrdmn/apprise-go/apprise/webhook.go:204.43,205.34 1 0
github.com/scttfrdmn/apprise-go/apprise/webhook.go:206.20,207.34 1 0
github.com/scttfrdmn/apprise-go/apprise/webhook.go:208.10,209.34 1 0
github.com/scttfrdmn/apprise-go/apprise/webhook.go:214.88,228.16 3 8
github.com/scttfrdmn/apprise-go/apprise/webhook.go:228.16,230.3 1 0
github.com/scttfrdmn/apprise-go/apprise/webhook.go:232.2,232.39 1 8
github.com/scttfrdmn/apprise-go/apprise/webhook.go:236.88,245.23 2 0
github.com/scttfrdmn/apprise-go/apprise/webhook.go:245.23,247.3 1 0
github.com/scttfrdmn/apprise-go/apprise/webhook.go:249.2,249.48 1 0
github.com/scttfrdmn/apprise-go/apprise/webhook.go:253.88,256.21 2 0
github.com/scttfrdmn/apprise-go/apprise/webhook.go:256.21,258.3 1 0
github.com/scttfrdmn/apprise-go/apprise/webhook.go:260.2,264.23 4 0
github.com/scttfrdmn/apprise-go/apprise/webhook.go:264.23,266.3 1 0
github.com/scttfrdmn/apprise-go/apprise/webhook.go:268.2,268.46 1 0
github.com/scttfrdmn/apprise-go/apprise/webhook.go:272.93,283.23 8 0
github.com/scttfrdmn/apprise-go/apprise/webhook.go:283.23,285.3 1 0
github.com/scttfrdmn/apprise-go/apprise/webhook.go:285.8,287.3 1 0
github.com/scttfrdmn/apprise-go/apprise/webhook.go:289.2,289.41 1 0
github.com/scttfrdmn/apprise-go/apprise/webhook.go:293.59,295.16 2 7
github.com/scttfrdmn/apprise-go/apprise/webhook.go:295.16,297.3 1 0
github.com/scttfrdmn/apprise-go/apprise/webhook.go:299.2,299.30 1 7
github.com/scttfrdmn/apprise-go/apprise/webhook.go:303.56,305.2 1 0
github.com/scttfrdmn/apprise-go/apprise/webhook.go:308.53,310.2 1 1
github.com/scttfrdmn/apprise-go/apprise/webhook.go:313.50,315.2 1 0
github.com/scttfrdmn/apprise-go/apprise/webhook.go:318.49,320.2 1 1
github.com/scttfrdmn/apprise-go/apprise/webhook.go:323.46,325.2 1 0
github.com/scttfrdmn/apprise-go/apprise/webhook.go:328.56,332.2 2 1
